#
# There is insufficient memory for the Java Runtime Environment to continue.
# Native memory allocation (malloc) failed to allocate 1896592 bytes for Chunk::new
# Possible reasons:
#   The system is out of physical RAM or swap space
#   The process is running with CompressedOops enabled, and the Java Heap may be blocking the growth of the native heap
# Possible solutions:
#   Reduce memory load on the system
#   Increase physical memory or swap space
#   Check if swap backing store is full
#   Decrease Java heap size (-Xmx/-Xms)
#   Decrease number of Java threads
#   Decrease Java thread stack sizes (-Xss)
#   Set larger code cache with -XX:ReservedCodeCacheSize=
#   JVM is running with Zero Based Compressed Oops mode in which the Java heap is
#     placed in the first 32GB address space. The Java Heap base address is the
#     maximum limit for the native heap growth. Please use -XX:HeapBaseMinAddress
#     to set the Java Heap base and to place the Java Heap above 32GB virtual address.
# This output file may be truncated or incomplete.
#
#  Out of Memory Error (arena.cpp:189), pid=66536, tid=65284
#
# JRE version: OpenJDK Runtime Environment Temurin-17.0.4.1+1 (17.0.4.1+1) (build 17.0.4.1+1)
# Java VM: OpenJDK 64-Bit Server VM Temurin-17.0.4.1+1 (17.0.4.1+1, mixed mode, tiered, compressed oops, compressed class ptrs, g1 gc, windows-amd64)
# No core dump will be written. Minidumps are not enabled by default on client versions of Windows
#

---------------  S U M M A R Y ------------

Command Line: -XX:+ShowCodeDetailsInExceptionMessages -agentlib:jdwp=transport=dt_socket,suspend=y,address=localhost:51460 -javaagent:C:\Users\koyun\Downloads\University\eclipse\configuration\org.eclipse.osgi\228\0\.cp\lib\javaagent-shaded.jar -Dfile.encoding=UTF-8 ProjectMain

Host: 13th Gen Intel(R) Core(TM) i7-13700F, 24 cores, 31G,  Windows 10 , 64 bit Build 19041 (10.0.19041.5794)
Time: Tue Jun  3 16:36:26 2025 Turkey Standard Time elapsed time: 45.866247 seconds (0d 0h 0m 45s)

---------------  T H R E A D  ---------------

Current thread (0x0000017cd0dfac30):  JavaThread "C2 CompilerThread0" daemon [_thread_in_native, id=65284, stack(0x00000061a1a00000,0x00000061a1b00000)]


Current CompileTask:
C2:  45866 1971   !   4       javax.swing.RepaintManager::addDirtyRegion0 (205 bytes)

Stack: [0x00000061a1a00000,0x00000061a1b00000]
Native frames: (J=compiled Java code, j=interpreted, Vv=VM code, C=native code)
V  [jvm.dll+0x67731a]
V  [jvm.dll+0x832284]
V  [jvm.dll+0x833a2e]
V  [jvm.dll+0x834093]
V  [jvm.dll+0x245775]
V  [jvm.dll+0xabd7b]
V  [jvm.dll+0xac30c]
V  [jvm.dll+0x363a97]
V  [jvm.dll+0x32e011]
V  [jvm.dll+0x32d4ba]
V  [jvm.dll+0x218681]
V  [jvm.dll+0x217aa1]
V  [jvm.dll+0x1a3f8d]
V  [jvm.dll+0x227498]
V  [jvm.dll+0x2255e5]
V  [jvm.dll+0x7e7e9b]
V  [jvm.dll+0x7e240a]
V  [jvm.dll+0x6761a5]
C  [ucrtbase.dll+0x21bb2]
C  [KERNEL32.DLL+0x17374]
C  [ntdll.dll+0x4cc91]


---------------  P R O C E S S  ---------------

Threads class SMR info:
_java_thread_list=0x0000017cd4b6f120, length=21, elements={
0x0000017cd0d98ae0, 0x0000017cd0d99860, 0x0000017cd0d9e600, 0x0000017cd0da00d0,
0x0000017cd0da0990, 0x0000017cd0df1020, 0x0000017cd0dfac30, 0x0000017cd0e13210,
0x0000017cd0e1db10, 0x0000017cd0f7f950, 0x0000017cd10ce9a0, 0x0000017cd1fab810,
0x0000017cd10c16d0, 0x0000017cd224def0, 0x0000017cd23b5ae0, 0x0000017cd23b5fb0,
0x0000017cd23bc740, 0x0000017cd45ecdd0, 0x0000017cd45ed2a0, 0x0000017cd45edc40,
0x0000017cd45eeab0
}

Java Threads: ( => current thread )
  0x0000017cd0d98ae0 JavaThread "Reference Handler" daemon [_thread_blocked, id=66512, stack(0x00000061a1400000,0x00000061a1500000)]
  0x0000017cd0d99860 JavaThread "Finalizer" daemon [_thread_blocked, id=65584, stack(0x00000061a1500000,0x00000061a1600000)]
  0x0000017cd0d9e600 JavaThread "Signal Dispatcher" daemon [_thread_blocked, id=65588, stack(0x00000061a1600000,0x00000061a1700000)]
  0x0000017cd0da00d0 JavaThread "Attach Listener" daemon [_thread_blocked, id=63424, stack(0x00000061a1700000,0x00000061a1800000)]
  0x0000017cd0da0990 JavaThread "Service Thread" daemon [_thread_blocked, id=64068, stack(0x00000061a1800000,0x00000061a1900000)]
  0x0000017cd0df1020 JavaThread "Monitor Deflation Thread" daemon [_thread_blocked, id=65052, stack(0x00000061a1900000,0x00000061a1a00000)]
=>0x0000017cd0dfac30 JavaThread "C2 CompilerThread0" daemon [_thread_in_native, id=65284, stack(0x00000061a1a00000,0x00000061a1b00000)]
  0x0000017cd0e13210 JavaThread "C1 CompilerThread0" daemon [_thread_blocked, id=64580, stack(0x00000061a1b00000,0x00000061a1c00000)]
  0x0000017cd0e1db10 JavaThread "Sweeper thread" daemon [_thread_blocked, id=65452, stack(0x00000061a1c00000,0x00000061a1d00000)]
  0x0000017cd0f7f950 JavaThread "Common-Cleaner" daemon [_thread_blocked, id=57896, stack(0x00000061a1d00000,0x00000061a1e00000)]
  0x0000017cd10ce9a0 JavaThread "JDWP Transport Listener: dt_socket" daemon [_thread_blocked, id=65600, stack(0x00000061a2200000,0x00000061a2300000)]
  0x0000017cd1fab810 JavaThread "JDWP Event Helper Thread" daemon [_thread_blocked, id=60732, stack(0x00000061a2300000,0x00000061a2400000)]
  0x0000017cd10c16d0 JavaThread "JDWP Command Reader" daemon [_thread_in_native, id=65660, stack(0x00000061a2400000,0x00000061a2500000)]
  0x0000017cd224def0 JavaThread "Notification Thread" daemon [_thread_blocked, id=47344, stack(0x00000061a2000000,0x00000061a2100000)]
  0x0000017cd23b5ae0 JavaThread "Java2D Disposer" daemon [_thread_blocked, id=64836, stack(0x00000061a2600000,0x00000061a2700000)]
  0x0000017cd23b5fb0 JavaThread "AWT-Shutdown" [_thread_blocked, id=63404, stack(0x00000061a2700000,0x00000061a2800000)]
  0x0000017cd23bc740 JavaThread "AWT-Windows" daemon [_thread_in_native, id=62296, stack(0x00000061a2800000,0x00000061a2900000)]
  0x0000017cd45ecdd0 JavaThread "TimerQueue" daemon [_thread_blocked, id=66396, stack(0x00000061a3630000,0x00000061a3730000)]
  0x0000017cd45ed2a0 JavaThread "AWT-EventQueue-0" [_thread_blocked, id=66460, stack(0x00000061a3730000,0x00000061a3830000)]
  0x0000017cd45edc40 JavaThread "DestroyJavaVM" [_thread_blocked, id=65756, stack(0x00000061a0d00000,0x00000061a0e00000)]
  0x0000017cd45eeab0 JavaThread "D3D Screen Updater" daemon [_thread_blocked, id=66480, stack(0x00000061a3830000,0x00000061a3930000)]

Other Threads:
  0x0000017cd0db5ce0 VMThread "VM Thread" [stack: 0x00000061a1300000,0x00000061a1400000] [id=65828]
  0x0000017ccd82d3e0 WatcherThread [stack: 0x00000061a2100000,0x00000061a2200000] [id=64644]
  0x0000017ca744b350 GCTaskThread "GC Thread#0" [stack: 0x00000061a0e00000,0x00000061a0f00000] [id=64476]
  0x0000017cd47076c0 GCTaskThread "GC Thread#1" [stack: 0x00000061a2b30000,0x00000061a2c30000] [id=65596]
  0x0000017cd4707d80 GCTaskThread "GC Thread#2" [stack: 0x00000061a2c30000,0x00000061a2d30000] [id=62776]
  0x0000017cd4703040 GCTaskThread "GC Thread#3" [stack: 0x00000061a2d30000,0x00000061a2e30000] [id=61764]
  0x0000017cd47032f0 GCTaskThread "GC Thread#4" [stack: 0x00000061a2e30000,0x00000061a2f30000] [id=65992]
  0x0000017cd47035a0 GCTaskThread "GC Thread#5" [stack: 0x00000061a2f30000,0x00000061a3030000] [id=65892]
  0x0000017cd4703850 GCTaskThread "GC Thread#6" [stack: 0x00000061a3030000,0x00000061a3130000] [id=66400]
  0x0000017cd4703b00 GCTaskThread "GC Thread#7" [stack: 0x00000061a3130000,0x00000061a3230000] [id=65884]
  0x0000017cd4703db0 GCTaskThread "GC Thread#8" [stack: 0x00000061a3230000,0x00000061a3330000] [id=66124]
  0x0000017cd4704060 GCTaskThread "GC Thread#9" [stack: 0x00000061a3330000,0x00000061a3430000] [id=66128]
  0x0000017cd47787e0 GCTaskThread "GC Thread#10" [stack: 0x00000061a3430000,0x00000061a3530000] [id=65608]
  0x0000017cd47777c0 GCTaskThread "GC Thread#11" [stack: 0x00000061a3530000,0x00000061a3630000] [id=66424]
  0x0000017ca73b7a90 ConcurrentGCThread "G1 Main Marker" [stack: 0x00000061a0f00000,0x00000061a1000000] [id=34708]
  0x0000017ccd7f3020 ConcurrentGCThread "G1 Conc#0" [stack: 0x00000061a1000000,0x00000061a1100000] [id=66436]
  0x0000017ccd8decd0 ConcurrentGCThread "G1 Refine#0" [stack: 0x00000061a1100000,0x00000061a1200000] [id=47368]
  0x0000017ccd8df600 ConcurrentGCThread "G1 Service" [stack: 0x00000061a1200000,0x00000061a1300000] [id=65092]

Threads with active compile tasks:
C2 CompilerThread0    45890 1971   !   4       javax.swing.RepaintManager::addDirtyRegion0 (205 bytes)

VM state: not at safepoint (normal execution)

VM Mutex/Monitor currently owned by a thread: None

Heap address: 0x0000000602c00000, size: 8148 MB, Compressed Oops mode: Zero based, Oop shift amount: 3

CDS archive(s) not mapped
Compressed class space mapped at: 0x0000000800000000-0x0000000840000000, reserved size: 1073741824
Narrow klass base: 0x0000000800000000, Narrow klass shift: 0, Narrow klass range: 0x40000000

GC Precious Log:
 CPUs: 24 total, 24 available
 Memory: 32581M
 Large Page Support: Disabled
 NUMA Support: Disabled
 Compressed Oops: Enabled (Zero based)
 Heap Region Size: 4M
 Heap Min Capacity: 8M
 Heap Initial Capacity: 512M
 Heap Max Capacity: 8148M
 Pre-touch: Disabled
 Parallel Workers: 18
 Concurrent Workers: 5
 Concurrent Refinement Workers: 18
 Periodic GC: Disabled

Heap:
 garbage-first heap   total 524288K, used 56991K [0x0000000602c00000, 0x0000000800000000)
  region size 4096K, 5 young (20480K), 1 survivors (4096K)
 Metaspace       used 19217K, committed 19456K, reserved 1073152K
  class space    used 1842K, committed 1984K, reserved 1048576K

Heap Regions: E=young(eden), S=young(survivor), O=old, HS=humongous(starts), HC=humongous(continues), CS=collection set, F=free, OA=open archive, CA=closed archive, TAMS=top-at-mark-start (previous, next)
|   0|0x0000000602c00000, 0x0000000603000000, 0x0000000603000000|100%|HS|  |TAMS 0x0000000602c00000, 0x0000000602c00000| Complete 
|   1|0x0000000603000000, 0x0000000603400000, 0x0000000603400000|100%|HC|  |TAMS 0x0000000603000000, 0x0000000603000000| Complete 
|   2|0x0000000603400000, 0x0000000603800000, 0x0000000603800000|100%|HC|  |TAMS 0x0000000603400000, 0x0000000603400000| Complete 
|   3|0x0000000603800000, 0x0000000603c00000, 0x0000000603c00000|100%|HC|  |TAMS 0x0000000603800000, 0x0000000603800000| Complete 
|   4|0x0000000603c00000, 0x0000000604000000, 0x0000000604000000|100%|HC|  |TAMS 0x0000000603c00000, 0x0000000603c00000| Complete 
|   5|0x0000000604000000, 0x0000000604400000, 0x0000000604400000|100%|HS|  |TAMS 0x0000000604000000, 0x0000000604000000| Complete 
|   6|0x0000000604400000, 0x0000000604800000, 0x0000000604800000|100%|HC|  |TAMS 0x0000000604400000, 0x0000000604400000| Complete 
|   7|0x0000000604800000, 0x0000000604c00000, 0x0000000604c00000|100%|HC|  |TAMS 0x0000000604800000, 0x0000000604800000| Complete 
|   8|0x0000000604c00000, 0x0000000605000000, 0x0000000605000000|100%|HC|  |TAMS 0x0000000604c00000, 0x0000000604c00000| Complete 
|   9|0x0000000605000000, 0x0000000605400000, 0x0000000605400000|100%|HC|  |TAMS 0x0000000605000000, 0x0000000605000000| Complete 
|  10|0x0000000605400000, 0x00000006056f0e00, 0x0000000605800000| 73%| O|  |TAMS 0x0000000605400000, 0x0000000605400000| Untracked 
|  11|0x0000000605800000, 0x0000000605800000, 0x0000000605c00000|  0%| F|  |TAMS 0x0000000605800000, 0x0000000605800000| Untracked 
|  12|0x0000000605c00000, 0x0000000605c00000, 0x0000000606000000|  0%| F|  |TAMS 0x0000000605c00000, 0x0000000605c00000| Untracked 
|  13|0x0000000606000000, 0x0000000606000000, 0x0000000606400000|  0%| F|  |TAMS 0x0000000606000000, 0x0000000606000000| Untracked 
|  14|0x0000000606400000, 0x0000000606400000, 0x0000000606800000|  0%| F|  |TAMS 0x0000000606400000, 0x0000000606400000| Untracked 
|  15|0x0000000606800000, 0x0000000606800000, 0x0000000606c00000|  0%| F|  |TAMS 0x0000000606800000, 0x0000000606800000| Untracked 
|  16|0x0000000606c00000, 0x0000000606c00000, 0x0000000607000000|  0%| F|  |TAMS 0x0000000606c00000, 0x0000000606c00000| Untracked 
|  17|0x0000000607000000, 0x0000000607000000, 0x0000000607400000|  0%| F|  |TAMS 0x0000000607000000, 0x0000000607000000| Untracked 
|  18|0x0000000607400000, 0x0000000607400000, 0x0000000607800000|  0%| F|  |TAMS 0x0000000607400000, 0x0000000607400000| Untracked 
|  19|0x0000000607800000, 0x0000000607800000, 0x0000000607c00000|  0%| F|  |TAMS 0x0000000607800000, 0x0000000607800000| Untracked 
|  20|0x0000000607c00000, 0x0000000607c00000, 0x0000000608000000|  0%| F|  |TAMS 0x0000000607c00000, 0x0000000607c00000| Untracked 
|  21|0x0000000608000000, 0x0000000608000000, 0x0000000608400000|  0%| F|  |TAMS 0x0000000608000000, 0x0000000608000000| Untracked 
|  22|0x0000000608400000, 0x0000000608400000, 0x0000000608800000|  0%| F|  |TAMS 0x0000000608400000, 0x0000000608400000| Untracked 
|  23|0x0000000608800000, 0x0000000608800000, 0x0000000608c00000|  0%| F|  |TAMS 0x0000000608800000, 0x0000000608800000| Untracked 
|  24|0x0000000608c00000, 0x0000000608c00000, 0x0000000609000000|  0%| F|  |TAMS 0x0000000608c00000, 0x0000000608c00000| Untracked 
|  25|0x0000000609000000, 0x0000000609000000, 0x0000000609400000|  0%| F|  |TAMS 0x0000000609000000, 0x0000000609000000| Untracked 
|  26|0x0000000609400000, 0x0000000609400000, 0x0000000609800000|  0%| F|  |TAMS 0x0000000609400000, 0x0000000609400000| Untracked 
|  27|0x0000000609800000, 0x0000000609800000, 0x0000000609c00000|  0%| F|  |TAMS 0x0000000609800000, 0x0000000609800000| Untracked 
|  28|0x0000000609c00000, 0x0000000609c00000, 0x000000060a000000|  0%| F|  |TAMS 0x0000000609c00000, 0x0000000609c00000| Untracked 
|  29|0x000000060a000000, 0x000000060a000000, 0x000000060a400000|  0%| F|  |TAMS 0x000000060a000000, 0x000000060a000000| Untracked 
|  30|0x000000060a400000, 0x000000060a400000, 0x000000060a800000|  0%| F|  |TAMS 0x000000060a400000, 0x000000060a400000| Untracked 
|  31|0x000000060a800000, 0x000000060a800000, 0x000000060ac00000|  0%| F|  |TAMS 0x000000060a800000, 0x000000060a800000| Untracked 
|  32|0x000000060ac00000, 0x000000060ac00000, 0x000000060b000000|  0%| F|  |TAMS 0x000000060ac00000, 0x000000060ac00000| Untracked 
|  33|0x000000060b000000, 0x000000060b000000, 0x000000060b400000|  0%| F|  |TAMS 0x000000060b000000, 0x000000060b000000| Untracked 
|  34|0x000000060b400000, 0x000000060b400000, 0x000000060b800000|  0%| F|  |TAMS 0x000000060b400000, 0x000000060b400000| Untracked 
|  35|0x000000060b800000, 0x000000060b800000, 0x000000060bc00000|  0%| F|  |TAMS 0x000000060b800000, 0x000000060b800000| Untracked 
|  36|0x000000060bc00000, 0x000000060bc00000, 0x000000060c000000|  0%| F|  |TAMS 0x000000060bc00000, 0x000000060bc00000| Untracked 
|  37|0x000000060c000000, 0x000000060c000000, 0x000000060c400000|  0%| F|  |TAMS 0x000000060c000000, 0x000000060c000000| Untracked 
|  38|0x000000060c400000, 0x000000060c400000, 0x000000060c800000|  0%| F|  |TAMS 0x000000060c400000, 0x000000060c400000| Untracked 
|  39|0x000000060c800000, 0x000000060c800000, 0x000000060cc00000|  0%| F|  |TAMS 0x000000060c800000, 0x000000060c800000| Untracked 
|  40|0x000000060cc00000, 0x000000060cc00000, 0x000000060d000000|  0%| F|  |TAMS 0x000000060cc00000, 0x000000060cc00000| Untracked 
|  41|0x000000060d000000, 0x000000060d000000, 0x000000060d400000|  0%| F|  |TAMS 0x000000060d000000, 0x000000060d000000| Untracked 
|  42|0x000000060d400000, 0x000000060d400000, 0x000000060d800000|  0%| F|  |TAMS 0x000000060d400000, 0x000000060d400000| Untracked 
|  43|0x000000060d800000, 0x000000060d800000, 0x000000060dc00000|  0%| F|  |TAMS 0x000000060d800000, 0x000000060d800000| Untracked 
|  44|0x000000060dc00000, 0x000000060dc00000, 0x000000060e000000|  0%| F|  |TAMS 0x000000060dc00000, 0x000000060dc00000| Untracked 
|  45|0x000000060e000000, 0x000000060e000000, 0x000000060e400000|  0%| F|  |TAMS 0x000000060e000000, 0x000000060e000000| Untracked 
|  46|0x000000060e400000, 0x000000060e400000, 0x000000060e800000|  0%| F|  |TAMS 0x000000060e400000, 0x000000060e400000| Untracked 
|  47|0x000000060e800000, 0x000000060e800000, 0x000000060ec00000|  0%| F|  |TAMS 0x000000060e800000, 0x000000060e800000| Untracked 
|  48|0x000000060ec00000, 0x000000060ec00000, 0x000000060f000000|  0%| F|  |TAMS 0x000000060ec00000, 0x000000060ec00000| Untracked 
|  49|0x000000060f000000, 0x000000060f000000, 0x000000060f400000|  0%| F|  |TAMS 0x000000060f000000, 0x000000060f000000| Untracked 
|  50|0x000000060f400000, 0x000000060f400000, 0x000000060f800000|  0%| F|  |TAMS 0x000000060f400000, 0x000000060f400000| Untracked 
|  51|0x000000060f800000, 0x000000060f800000, 0x000000060fc00000|  0%| F|  |TAMS 0x000000060f800000, 0x000000060f800000| Untracked 
|  52|0x000000060fc00000, 0x000000060fc00000, 0x0000000610000000|  0%| F|  |TAMS 0x000000060fc00000, 0x000000060fc00000| Untracked 
|  53|0x0000000610000000, 0x0000000610000000, 0x0000000610400000|  0%| F|  |TAMS 0x0000000610000000, 0x0000000610000000| Untracked 
|  54|0x0000000610400000, 0x0000000610400000, 0x0000000610800000|  0%| F|  |TAMS 0x0000000610400000, 0x0000000610400000| Untracked 
|  55|0x0000000610800000, 0x0000000610800000, 0x0000000610c00000|  0%| F|  |TAMS 0x0000000610800000, 0x0000000610800000| Untracked 
|  56|0x0000000610c00000, 0x0000000610c00000, 0x0000000611000000|  0%| F|  |TAMS 0x0000000610c00000, 0x0000000610c00000| Untracked 
|  57|0x0000000611000000, 0x0000000611000000, 0x0000000611400000|  0%| F|  |TAMS 0x0000000611000000, 0x0000000611000000| Untracked 
|  58|0x0000000611400000, 0x0000000611400000, 0x0000000611800000|  0%| F|  |TAMS 0x0000000611400000, 0x0000000611400000| Untracked 
|  59|0x0000000611800000, 0x0000000611800000, 0x0000000611c00000|  0%| F|  |TAMS 0x0000000611800000, 0x0000000611800000| Untracked 
|  60|0x0000000611c00000, 0x0000000611c00000, 0x0000000612000000|  0%| F|  |TAMS 0x0000000611c00000, 0x0000000611c00000| Untracked 
|  61|0x0000000612000000, 0x0000000612000000, 0x0000000612400000|  0%| F|  |TAMS 0x0000000612000000, 0x0000000612000000| Untracked 
|  62|0x0000000612400000, 0x0000000612400000, 0x0000000612800000|  0%| F|  |TAMS 0x0000000612400000, 0x0000000612400000| Untracked 
|  63|0x0000000612800000, 0x0000000612800000, 0x0000000612c00000|  0%| F|  |TAMS 0x0000000612800000, 0x0000000612800000| Untracked 
|  64|0x0000000612c00000, 0x0000000612c00000, 0x0000000613000000|  0%| F|  |TAMS 0x0000000612c00000, 0x0000000612c00000| Untracked 
|  65|0x0000000613000000, 0x0000000613000000, 0x0000000613400000|  0%| F|  |TAMS 0x0000000613000000, 0x0000000613000000| Untracked 
|  66|0x0000000613400000, 0x0000000613400000, 0x0000000613800000|  0%| F|  |TAMS 0x0000000613400000, 0x0000000613400000| Untracked 
|  67|0x0000000613800000, 0x0000000613800000, 0x0000000613c00000|  0%| F|  |TAMS 0x0000000613800000, 0x0000000613800000| Untracked 
|  68|0x0000000613c00000, 0x0000000613c00000, 0x0000000614000000|  0%| F|  |TAMS 0x0000000613c00000, 0x0000000613c00000| Untracked 
|  69|0x0000000614000000, 0x0000000614000000, 0x0000000614400000|  0%| F|  |TAMS 0x0000000614000000, 0x0000000614000000| Untracked 
|  70|0x0000000614400000, 0x0000000614400000, 0x0000000614800000|  0%| F|  |TAMS 0x0000000614400000, 0x0000000614400000| Untracked 
|  71|0x0000000614800000, 0x0000000614800000, 0x0000000614c00000|  0%| F|  |TAMS 0x0000000614800000, 0x0000000614800000| Untracked 
|  72|0x0000000614c00000, 0x0000000614c00000, 0x0000000615000000|  0%| F|  |TAMS 0x0000000614c00000, 0x0000000614c00000| Untracked 
|  73|0x0000000615000000, 0x0000000615000000, 0x0000000615400000|  0%| F|  |TAMS 0x0000000615000000, 0x0000000615000000| Untracked 
|  74|0x0000000615400000, 0x0000000615400000, 0x0000000615800000|  0%| F|  |TAMS 0x0000000615400000, 0x0000000615400000| Untracked 
|  75|0x0000000615800000, 0x0000000615800000, 0x0000000615c00000|  0%| F|  |TAMS 0x0000000615800000, 0x0000000615800000| Untracked 
|  76|0x0000000615c00000, 0x0000000615c00000, 0x0000000616000000|  0%| F|  |TAMS 0x0000000615c00000, 0x0000000615c00000| Untracked 
|  77|0x0000000616000000, 0x0000000616000000, 0x0000000616400000|  0%| F|  |TAMS 0x0000000616000000, 0x0000000616000000| Untracked 
|  78|0x0000000616400000, 0x0000000616400000, 0x0000000616800000|  0%| F|  |TAMS 0x0000000616400000, 0x0000000616400000| Untracked 
|  79|0x0000000616800000, 0x0000000616800000, 0x0000000616c00000|  0%| F|  |TAMS 0x0000000616800000, 0x0000000616800000| Untracked 
|  80|0x0000000616c00000, 0x0000000616c00000, 0x0000000617000000|  0%| F|  |TAMS 0x0000000616c00000, 0x0000000616c00000| Untracked 
|  81|0x0000000617000000, 0x0000000617000000, 0x0000000617400000|  0%| F|  |TAMS 0x0000000617000000, 0x0000000617000000| Untracked 
|  82|0x0000000617400000, 0x0000000617400000, 0x0000000617800000|  0%| F|  |TAMS 0x0000000617400000, 0x0000000617400000| Untracked 
|  83|0x0000000617800000, 0x0000000617800000, 0x0000000617c00000|  0%| F|  |TAMS 0x0000000617800000, 0x0000000617800000| Untracked 
|  84|0x0000000617c00000, 0x0000000617c00000, 0x0000000618000000|  0%| F|  |TAMS 0x0000000617c00000, 0x0000000617c00000| Untracked 
|  85|0x0000000618000000, 0x0000000618000000, 0x0000000618400000|  0%| F|  |TAMS 0x0000000618000000, 0x0000000618000000| Untracked 
|  86|0x0000000618400000, 0x0000000618400000, 0x0000000618800000|  0%| F|  |TAMS 0x0000000618400000, 0x0000000618400000| Untracked 
|  87|0x0000000618800000, 0x0000000618800000, 0x0000000618c00000|  0%| F|  |TAMS 0x0000000618800000, 0x0000000618800000| Untracked 
|  88|0x0000000618c00000, 0x0000000618c00000, 0x0000000619000000|  0%| F|  |TAMS 0x0000000618c00000, 0x0000000618c00000| Untracked 
|  89|0x0000000619000000, 0x0000000619000000, 0x0000000619400000|  0%| F|  |TAMS 0x0000000619000000, 0x0000000619000000| Untracked 
|  90|0x0000000619400000, 0x0000000619400000, 0x0000000619800000|  0%| F|  |TAMS 0x0000000619400000, 0x0000000619400000| Untracked 
|  91|0x0000000619800000, 0x0000000619800000, 0x0000000619c00000|  0%| F|  |TAMS 0x0000000619800000, 0x0000000619800000| Untracked 
|  92|0x0000000619c00000, 0x0000000619c00000, 0x000000061a000000|  0%| F|  |TAMS 0x0000000619c00000, 0x0000000619c00000| Untracked 
|  93|0x000000061a000000, 0x000000061a000000, 0x000000061a400000|  0%| F|  |TAMS 0x000000061a000000, 0x000000061a000000| Untracked 
|  94|0x000000061a400000, 0x000000061a400000, 0x000000061a800000|  0%| F|  |TAMS 0x000000061a400000, 0x000000061a400000| Untracked 
|  95|0x000000061a800000, 0x000000061a800000, 0x000000061ac00000|  0%| F|  |TAMS 0x000000061a800000, 0x000000061a800000| Untracked 
|  96|0x000000061ac00000, 0x000000061ac00000, 0x000000061b000000|  0%| F|  |TAMS 0x000000061ac00000, 0x000000061ac00000| Untracked 
|  97|0x000000061b000000, 0x000000061b000000, 0x000000061b400000|  0%| F|  |TAMS 0x000000061b000000, 0x000000061b000000| Untracked 
|  98|0x000000061b400000, 0x000000061b400000, 0x000000061b800000|  0%| F|  |TAMS 0x000000061b400000, 0x000000061b400000| Untracked 
|  99|0x000000061b800000, 0x000000061b800000, 0x000000061bc00000|  0%| F|  |TAMS 0x000000061b800000, 0x000000061b800000| Untracked 
| 100|0x000000061bc00000, 0x000000061bc00000, 0x000000061c000000|  0%| F|  |TAMS 0x000000061bc00000, 0x000000061bc00000| Untracked 
| 101|0x000000061c000000, 0x000000061c000000, 0x000000061c400000|  0%| F|  |TAMS 0x000000061c000000, 0x000000061c000000| Untracked 
| 102|0x000000061c400000, 0x000000061c400000, 0x000000061c800000|  0%| F|  |TAMS 0x000000061c400000, 0x000000061c400000| Untracked 
| 103|0x000000061c800000, 0x000000061c800000, 0x000000061cc00000|  0%| F|  |TAMS 0x000000061c800000, 0x000000061c800000| Untracked 
| 104|0x000000061cc00000, 0x000000061cc00000, 0x000000061d000000|  0%| F|  |TAMS 0x000000061cc00000, 0x000000061cc00000| Untracked 
| 105|0x000000061d000000, 0x000000061d000000, 0x000000061d400000|  0%| F|  |TAMS 0x000000061d000000, 0x000000061d000000| Untracked 
| 106|0x000000061d400000, 0x000000061d400000, 0x000000061d800000|  0%| F|  |TAMS 0x000000061d400000, 0x000000061d400000| Untracked 
| 107|0x000000061d800000, 0x000000061d800000, 0x000000061dc00000|  0%| F|  |TAMS 0x000000061d800000, 0x000000061d800000| Untracked 
| 108|0x000000061dc00000, 0x000000061dc00000, 0x000000061e000000|  0%| F|  |TAMS 0x000000061dc00000, 0x000000061dc00000| Untracked 
| 109|0x000000061e000000, 0x000000061e000000, 0x000000061e400000|  0%| F|  |TAMS 0x000000061e000000, 0x000000061e000000| Untracked 
| 110|0x000000061e400000, 0x000000061e400000, 0x000000061e800000|  0%| F|  |TAMS 0x000000061e400000, 0x000000061e400000| Untracked 
| 111|0x000000061e800000, 0x000000061e800000, 0x000000061ec00000|  0%| F|  |TAMS 0x000000061e800000, 0x000000061e800000| Untracked 
| 112|0x000000061ec00000, 0x000000061ec00000, 0x000000061f000000|  0%| F|  |TAMS 0x000000061ec00000, 0x000000061ec00000| Untracked 
| 113|0x000000061f000000, 0x000000061f000000, 0x000000061f400000|  0%| F|  |TAMS 0x000000061f000000, 0x000000061f000000| Untracked 
| 114|0x000000061f400000, 0x000000061f400000, 0x000000061f800000|  0%| F|  |TAMS 0x000000061f400000, 0x000000061f400000| Untracked 
| 115|0x000000061f800000, 0x000000061f800000, 0x000000061fc00000|  0%| F|  |TAMS 0x000000061f800000, 0x000000061f800000| Untracked 
| 116|0x000000061fc00000, 0x000000061fc00000, 0x0000000620000000|  0%| F|  |TAMS 0x000000061fc00000, 0x000000061fc00000| Untracked 
| 117|0x0000000620000000, 0x0000000620000000, 0x0000000620400000|  0%| F|  |TAMS 0x0000000620000000, 0x0000000620000000| Untracked 
| 118|0x0000000620400000, 0x0000000620400000, 0x0000000620800000|  0%| F|  |TAMS 0x0000000620400000, 0x0000000620400000| Untracked 
| 119|0x0000000620800000, 0x00000006208b6eb0, 0x0000000620c00000| 17%| S|CS|TAMS 0x0000000620800000, 0x0000000620800000| Complete 
| 120|0x0000000620c00000, 0x0000000620c00000, 0x0000000621000000|  0%| F|  |TAMS 0x0000000620c00000, 0x0000000620c00000| Untracked 
| 121|0x0000000621000000, 0x0000000621000000, 0x0000000621400000|  0%| F|  |TAMS 0x0000000621000000, 0x0000000621000000| Untracked 
| 122|0x0000000621400000, 0x0000000621400000, 0x0000000621800000|  0%| F|  |TAMS 0x0000000621400000, 0x0000000621400000| Untracked 
| 123|0x0000000621800000, 0x0000000621800000, 0x0000000621c00000|  0%| F|  |TAMS 0x0000000621800000, 0x0000000621800000| Untracked 
| 124|0x0000000621c00000, 0x0000000621f01558, 0x0000000622000000| 75%| E|  |TAMS 0x0000000621c00000, 0x0000000621c00000| Complete 
| 125|0x0000000622000000, 0x0000000622400000, 0x0000000622400000|100%| E|CS|TAMS 0x0000000622000000, 0x0000000622000000| Complete 
| 126|0x0000000622400000, 0x0000000622800000, 0x0000000622800000|100%| E|CS|TAMS 0x0000000622400000, 0x0000000622400000| Complete 
| 127|0x0000000622800000, 0x0000000622c00000, 0x0000000622c00000|100%| E|CS|TAMS 0x0000000622800000, 0x0000000622800000| Complete 

Card table byte_map: [0x0000017cbb820000,0x0000017cbc810000] _byte_map_base: 0x0000017cb880a000

Marking Bits (Prev, Next): (CMBitMap*) 0x0000017ca744b870, (CMBitMap*) 0x0000017ca744b8b0
 Prev Bits: [0x0000017cbd800000, 0x0000017cc5750000)
 Next Bits: [0x0000017cc5750000, 0x0000017ccd6a0000)

Polling page: 0x0000017ca5340000

Metaspace:

Usage:
  Non-class:     16.97 MB used.
      Class:      1.80 MB used.
       Both:     18.77 MB used.

Virtual space:
  Non-class space:       24.00 MB reserved,      17.06 MB ( 71%) committed,  3 nodes.
      Class space:        1.00 GB reserved,       1.94 MB ( <1%) committed,  1 nodes.
             Both:        1.02 GB reserved,      19.00 MB (  2%) committed. 

Chunk freelists:
   Non-Class:  2.98 MB
       Class:  2.12 MB
        Both:  5.09 MB

MaxMetaspaceSize: unlimited
CompressedClassSpaceSize: 1.00 GB
Initial GC threshold: 21.00 MB
Current GC threshold: 21.00 MB
CDS: off
MetaspaceReclaimPolicy: balanced
 - commit_granule_bytes: 65536.
 - commit_granule_words: 8192.
 - virtual_space_node_default_size: 1048576.
 - enlarge_chunks_in_place: 1.
 - new_chunks_are_fully_committed: 0.
 - uncommit_free_chunks: 1.
 - use_allocation_guard: 0.
 - handle_deallocations: 1.


Internal statistics:

num_allocs_failed_limit: 0.
num_arena_births: 120.
num_arena_deaths: 0.
num_vsnodes_births: 4.
num_vsnodes_deaths: 0.
num_space_committed: 304.
num_space_uncommitted: 0.
num_chunks_returned_to_freelist: 0.
num_chunks_taken_from_freelist: 204.
num_chunk_merges: 0.
num_chunk_splits: 112.
num_chunks_enlarged: 64.
num_purges: 0.
num_inconsistent_stats: 0.

CodeHeap 'non-profiled nmethods': size=119168Kb used=635Kb max_used=635Kb free=118532Kb
 bounds [0x0000017cb2600000, 0x0000017cb2870000, 0x0000017cb9a60000]
CodeHeap 'profiled nmethods': size=119104Kb used=3555Kb max_used=3555Kb free=115548Kb
 bounds [0x0000017cab1b0000, 0x0000017cab530000, 0x0000017cb2600000]
CodeHeap 'non-nmethods': size=7488Kb used=1359Kb max_used=2847Kb free=6128Kb
 bounds [0x0000017caaa60000, 0x0000017caad30000, 0x0000017cab1b0000]
 total_blobs=2588 nmethods=1970 adapters=530
 compilation: enabled
              stopped_count=0, restarted_count=0
 full_count=0

Compilation events (20 events):
Event: 29.614 Thread 0x0000017cd0dfac30 nmethod 1961 0x0000017cb269a710 code [0x0000017cb269a8c0, 0x0000017cb269b728]
Event: 29.618 Thread 0x0000017cd0dfac30 1962       4       java.util.concurrent.locks.AbstractQueuedSynchronizer$Node::clearStatus (12 bytes)
Event: 29.618 Thread 0x0000017cd0dfac30 nmethod 1962 0x0000017cb269bd90 code [0x0000017cb269bf00, 0x0000017cb269bf78]
Event: 31.648 Thread 0x0000017cd0dfac30 1963       4       java.util.concurrent.locks.AbstractQueuedSynchronizer$ConditionObject::enableWait (84 bytes)
Event: 31.653 Thread 0x0000017cd0dfac30 nmethod 1963 0x0000017cb269c090 code [0x0000017cb269c240, 0x0000017cb269c828]
Event: 31.772 Thread 0x0000017cd0dfac30 1964       4       javax.swing.TimerQueue::now (8 bytes)
Event: 31.772 Thread 0x0000017cd0dfac30 nmethod 1964 0x0000017cb269cb90 code [0x0000017cb269cd00, 0x0000017cb269cd78]
Event: 32.049 Thread 0x0000017cd0dfac30 1965       4       java.awt.AWTEvent::<init> (81 bytes)
Event: 32.054 Thread 0x0000017cd0dfac30 nmethod 1965 0x0000017cb269ce90 code [0x0000017cb269d040, 0x0000017cb269d7b8]
Event: 36.860 Thread 0x0000017cd0dfac30 1966       4       java.util.IdentityHashMap::get (60 bytes)
Event: 36.861 Thread 0x0000017cd0dfac30 nmethod 1966 0x0000017cb269dd10 code [0x0000017cb269dea0, 0x0000017cb269e0a8]
Event: 37.663 Thread 0x0000017cd0dfac30 1967       4       java.util.concurrent.locks.LockSupport::setBlocker (12 bytes)
Event: 37.664 Thread 0x0000017cd0dfac30 nmethod 1967 0x0000017cb269e290 code [0x0000017cb269e400, 0x0000017cb269e518]
Event: 37.679 Thread 0x0000017cd0dfac30 1968       4       java.util.concurrent.TimeUnit::toNanos (45 bytes)
Event: 37.679 Thread 0x0000017cd0dfac30 nmethod 1968 0x0000017cb269e590 code [0x0000017cb269e700, 0x0000017cb269e7f8]
Event: 39.655 Thread 0x0000017cd0dfac30 1969       4       java.util.concurrent.locks.LockSupport::setCurrentBlocker (14 bytes)
Event: 39.656 Thread 0x0000017cd0dfac30 nmethod 1969 0x0000017cb269e890 code [0x0000017cb269ea00, 0x0000017cb269eb18]
Event: 39.842 Thread 0x0000017cd0dfac30 1970       4       javax.swing.TimerQueue$DelayedTimer::compareTo (9 bytes)
Event: 39.843 Thread 0x0000017cd0dfac30 nmethod 1970 0x0000017cb269eb90 code [0x0000017cb269ed20, 0x0000017cb269ee58]
Event: 45.804 Thread 0x0000017cd0dfac30 1971   !   4       javax.swing.RepaintManager::addDirtyRegion0 (205 bytes)

GC Heap History (4 events):
Event: 1.283 GC heap before
{Heap before GC invocations=0 (full 0):
 garbage-first heap   total 524288K, used 45056K [0x0000000602c00000, 0x0000000800000000)
  region size 4096K, 6 young (24576K), 0 survivors (0K)
 Metaspace       used 15658K, committed 15808K, reserved 1064960K
  class space    used 1492K, committed 1536K, reserved 1048576K
}
Event: 1.286 GC heap after
{Heap after GC invocations=1 (full 0):
 garbage-first heap   total 524288K, used 23721K [0x0000000602c00000, 0x0000000800000000)
  region size 4096K, 1 young (4096K), 1 survivors (4096K)
 Metaspace       used 15658K, committed 15808K, reserved 1064960K
  class space    used 1492K, committed 1536K, reserved 1048576K
}
Event: 1.430 GC heap before
{Heap before GC invocations=1 (full 0):
 garbage-first heap   total 524288K, used 72873K [0x0000000602c00000, 0x0000000800000000)
  region size 4096K, 8 young (32768K), 1 survivors (4096K)
 Metaspace       used 17625K, committed 17856K, reserved 1073152K
  class space    used 1718K, committed 1856K, reserved 1048576K
}
Event: 1.432 GC heap after
{Heap after GC invocations=2 (full 0):
 garbage-first heap   total 524288K, used 44703K [0x0000000602c00000, 0x0000000800000000)
  region size 4096K, 1 young (4096K), 1 survivors (4096K)
 Metaspace       used 17625K, committed 17856K, reserved 1073152K
  class space    used 1718K, committed 1856K, reserved 1048576K
}

Deoptimization events (20 events):
Event: 1.266 Thread 0x0000017ca739b550 DEOPT PACKING pc=0x0000017cab34d24c sp=0x00000061a0dfec80
Event: 1.266 Thread 0x0000017ca739b550 DEOPT UNPACKING pc=0x0000017caaab2b43 sp=0x00000061a0dfe110 mode 0
Event: 1.266 Thread 0x0000017ca739b550 DEOPT PACKING pc=0x0000017cab34d24c sp=0x00000061a0dfec80
Event: 1.266 Thread 0x0000017ca739b550 DEOPT UNPACKING pc=0x0000017caaab2b43 sp=0x00000061a0dfe110 mode 0
Event: 1.379 Thread 0x0000017ca739b550 Uncommon trap: trap_request=0xffffff45 fr.pc=0x0000017cb2645e60 relative=0x0000000000000fc0
Event: 1.379 Thread 0x0000017ca739b550 Uncommon trap: reason=unstable_if action=reinterpret pc=0x0000017cb2645e60 method=java.util.HashMap.hash(Ljava/lang/Object;)I @ 1 c2
Event: 1.379 Thread 0x0000017ca739b550 DEOPT PACKING pc=0x0000017cb2645e60 sp=0x00000061a0dfead0
Event: 1.379 Thread 0x0000017ca739b550 DEOPT UNPACKING pc=0x0000017caaab23a3 sp=0x00000061a0dfea90 mode 2
Event: 1.402 Thread 0x0000017cd45ecdd0 Uncommon trap: trap_request=0xffffff45 fr.pc=0x0000017cb2620e50 relative=0x0000000000000410
Event: 1.402 Thread 0x0000017cd45ecdd0 Uncommon trap: reason=unstable_if action=reinterpret pc=0x0000017cb2620e50 method=java.lang.invoke.VarHandle.checkExactAccessMode(Ljava/lang/invoke/VarHandle$AccessDescriptor;)V @ 4 c2
Event: 1.402 Thread 0x0000017cd45ecdd0 DEOPT PACKING pc=0x0000017cb2620e50 sp=0x00000061a372f3a0
Event: 1.402 Thread 0x0000017cd45ecdd0 DEOPT UNPACKING pc=0x0000017caaab23a3 sp=0x00000061a372f3b0 mode 2
Event: 1.442 Thread 0x0000017ca739b550 Uncommon trap: trap_request=0xffffff45 fr.pc=0x0000017cb261d988 relative=0x0000000000000528
Event: 1.442 Thread 0x0000017ca739b550 Uncommon trap: reason=unstable_if action=reinterpret pc=0x0000017cb261d988 method=java.lang.invoke.VarHandle.checkExactAccessMode(Ljava/lang/invoke/VarHandle$AccessDescriptor;)V @ 4 c2
Event: 1.442 Thread 0x0000017ca739b550 DEOPT PACKING pc=0x0000017cb261d988 sp=0x00000061a0dfeee0
Event: 1.442 Thread 0x0000017ca739b550 DEOPT UNPACKING pc=0x0000017caaab23a3 sp=0x00000061a0dfee70 mode 2
Event: 6.269 Thread 0x0000017cd45ed2a0 Uncommon trap: trap_request=0xffffff45 fr.pc=0x0000017cb2689238 relative=0x00000000000000b8
Event: 6.269 Thread 0x0000017cd45ed2a0 Uncommon trap: reason=unstable_if action=reinterpret pc=0x0000017cb2689238 method=java.awt.Component.inside(II)Z @ 9 c2
Event: 6.269 Thread 0x0000017cd45ed2a0 DEOPT PACKING pc=0x0000017cb2689238 sp=0x00000061a382e700
Event: 6.269 Thread 0x0000017cd45ed2a0 DEOPT UNPACKING pc=0x0000017caaab23a3 sp=0x00000061a382e5c8 mode 2

Classes unloaded (0 events):
No events

Classes redefined (0 events):
No events

Internal exceptions (15 events):
Event: 0.994 Thread 0x0000017ca739b550 Exception <a 'java/lang/ClassNotFoundException'{0x00000006220d91a8}: sun/awt/resources/spi/awtProvider> (0x00000006220d91a8) 
thrown [s\src\hotspot\share\classfile\systemDictionary.cpp, line 256]
Event: 1.002 Thread 0x0000017ca739b550 Exception <a 'java/io/FileNotFoundException'{0x000000062212e4f8}> (0x000000062212e4f8) 
thrown [s\src\hotspot\share\prims\jni.cpp, line 516]
Event: 1.006 Thread 0x0000017ca739b550 Exception <a 'java/io/FileNotFoundException'{0x000000062215d7c0}> (0x000000062215d7c0) 
thrown [s\src\hotspot\share\prims\jni.cpp, line 516]
Event: 1.026 Thread 0x0000017ca739b550 Exception <a 'java/lang/NoSuchMethodError'{0x0000000622286dd0}: 'java.lang.Object java.lang.invoke.DirectMethodHandle$Holder.invokeStaticInit(java.lang.Object)'> (0x0000000622286dd0) 
thrown [s\src\hotspot\share\interpreter\linkResolver.cpp, line 759]
Event: 1.165 Thread 0x0000017ca739b550 Exception <a 'java/lang/NoSuchMethodError'{0x00000006223bc9c8}: 'void java.lang.invoke.DirectMethodHandle$Holder.invokeSpecial(java.lang.Object, java.lang.Object, java.lang.Object)'> (0x00000006223bc9c8) 
thrown [s\src\hotspot\share\interpreter\linkResolver.cpp, line 759]
Event: 1.171 Thread 0x0000017ca739b550 Exception <a 'java/lang/NoSuchMethodError'{0x0000000621c0dc70}: 'java.lang.Object java.lang.invoke.DirectMethodHandle$Holder.newInvokeSpecial(java.lang.Object, java.lang.Object, java.lang.Object, java.lang.Object, java.lang.Object)'> (0x0000000621c0dc70) 
thrown [s\src\hotspot\share\interpreter\linkResolver.cpp, line 759]
Event: 1.172 Thread 0x0000017ca739b550 Exception <a 'java/lang/NoSuchMethodError'{0x0000000621c19638}: 'java.lang.Object java.lang.invoke.DirectMethodHandle$Holder.invokeStatic(java.lang.Object, int, java.lang.Object, java.lang.Object, java.lang.Object, java.lang.Object)'> (0x0000000621c19638) 
thrown [s\src\hotspot\share\interpreter\linkResolver.cpp, line 759]
Event: 1.174 Thread 0x0000017ca739b550 Exception <a 'java/lang/NoSuchMethodError'{0x0000000621c3f428}: 'java.lang.Object java.lang.invoke.DirectMethodHandle$Holder.invokeStatic(java.lang.Object, int, java.lang.Object)'> (0x0000000621c3f428) 
thrown [s\src\hotspot\share\interpreter\linkResolver.cpp, line 759]
Event: 1.188 Thread 0x0000017ca739b550 Exception <a 'java/lang/ClassNotFoundException'{0x0000000621d0a330}: com/sun/swing/internal/plaf/metal/resources/spi/metalProvider> (0x0000000621d0a330) 
thrown [s\src\hotspot\share\classfile\systemDictionary.cpp, line 256]
Event: 1.188 Thread 0x0000017ca739b550 Exception <a 'java/lang/ClassNotFoundException'{0x0000000621d10c58}: com/sun/swing/internal/plaf/basic/resources/spi/basicProvider> (0x0000000621d10c58) 
thrown [s\src\hotspot\share\classfile\systemDictionary.cpp, line 256]
Event: 1.203 Thread 0x0000017ca739b550 Exception <a 'java/lang/NoSuchMethodError'{0x0000000621dd1838}: 'java.lang.Object java.lang.invoke.DirectMethodHandle$Holder.invokeStaticInit(java.lang.Object, int, int, int, int)'> (0x0000000621dd1838) 
thrown [s\src\hotspot\share\interpreter\linkResolver.cpp, line 759]
Event: 1.221 Thread 0x0000017ca739b550 Exception <a 'java/lang/NoSuchMethodError'{0x0000000621eb6e48}: 'java.lang.Object java.lang.invoke.DirectMethodHandle$Holder.invokeStaticInit(java.lang.Object, java.lang.Object, int, int, int, int)'> (0x0000000621eb6e48) 
thrown [s\src\hotspot\share\interpreter\linkResolver.cpp, line 759]
Event: 1.379 Thread 0x0000017ca739b550 Implicit null exception at 0x0000017cb2644ee1 to 0x0000017cb2645e44
Event: 1.414 Thread 0x0000017ca739b550 Exception <a 'java/lang/NoSuchMethodError'{0x0000000620eb8fb0}: 'void java.lang.invoke.DirectMethodHandle$Holder.invokeStaticInit(java.lang.Object)'> (0x0000000620eb8fb0) 
thrown [s\src\hotspot\share\interpreter\linkResolver.cpp, line 759]
Event: 1.483 Thread 0x0000017cd23bc740 Exception <a 'java/lang/NoSuchMethodError'{0x00000006224c1e28}: 'void java.lang.invoke.DirectMethodHandle$Holder.invokeVirtual(java.lang.Object, java.lang.Object)'> (0x00000006224c1e28) 
thrown [s\src\hotspot\share\interpreter\linkResolver.cpp, line 759]

VM Operations (20 events):
Event: 6.621 Executing VM operation: Cleanup
Event: 6.621 Executing VM operation: Cleanup done
Event: 7.622 Executing VM operation: Cleanup
Event: 7.622 Executing VM operation: Cleanup done
Event: 9.637 Executing VM operation: Cleanup
Event: 9.637 Executing VM operation: Cleanup done
Event: 10.652 Executing VM operation: Cleanup
Event: 10.652 Executing VM operation: Cleanup done
Event: 12.681 Executing VM operation: Cleanup
Event: 12.681 Executing VM operation: Cleanup done
Event: 17.703 Executing VM operation: Cleanup
Event: 17.703 Executing VM operation: Cleanup done
Event: 19.706 Executing VM operation: Cleanup
Event: 19.706 Executing VM operation: Cleanup done
Event: 27.758 Executing VM operation: Cleanup
Event: 27.758 Executing VM operation: Cleanup done
Event: 37.833 Executing VM operation: Cleanup
Event: 37.833 Executing VM operation: Cleanup done
Event: 40.849 Executing VM operation: Cleanup
Event: 40.849 Executing VM operation: Cleanup done

Events (20 events):
Event: 2.952 loading class javax/swing/JComponent$IntVector
Event: 2.952 loading class javax/swing/JComponent$IntVector done
Event: 2.952 loading class java/util/Vector$1
Event: 2.952 loading class java/util/Vector$1 done
Event: 2.952 loading class javax/swing/Popup$HeavyWeightWindow
Event: 2.952 loading class sun/awt/ModalExclude
Event: 2.952 loading class sun/awt/ModalExclude done
Event: 2.953 loading class javax/swing/JWindow
Event: 2.953 loading class javax/swing/JWindow done
Event: 2.953 loading class javax/swing/Popup$HeavyWeightWindow done
Event: 6.130 Thread 0x0000017cd0d50ae0 Thread exited: 0x0000017cd0d50ae0
Event: 6.269 loading class java/awt/event/MouseWheelEvent
Event: 6.269 loading class java/awt/event/MouseWheelEvent done
Event: 6.314 loading class java/awt/LightweightDispatcher$2
Event: 6.314 loading class java/awt/LightweightDispatcher$2 done
Event: 6.908 loading class java/awt/KeyboardFocusManager$2
Event: 6.908 loading class java/awt/KeyboardFocusManager$2 done
Event: 6.908 loading class sun/awt/SunToolkit$1
Event: 6.908 loading class sun/awt/SunToolkit$1 done
Event: 7.237 Thread 0x0000017cd0f0de50 Thread exited: 0x0000017cd0f0de50


Dynamic libraries:
0x00007ff641980000 - 0x00007ff64198e000 	C:\Users\koyun\Downloads\University\eclipse\plugins\org.eclipse.justj.openjdk.hotspot.jre.full.win32.x86_64_17.0.4.v20220903-1038\jre\bin\javaw.exe
0x00007fffbb990000 - 0x00007fffbbb88000 	C:\Windows\SYSTEM32\ntdll.dll
0x00007fffbb320000 - 0x00007fffbb3e2000 	C:\Windows\System32\KERNEL32.DLL
0x00007fffb92c0000 - 0x00007fffb95b6000 	C:\Windows\System32\KERNELBASE.dll
0x00007fffb98c0000 - 0x00007fffb99c0000 	C:\Windows\System32\ucrtbase.dll
0x00007fff85010000 - 0x00007fff85028000 	C:\Users\koyun\Downloads\University\eclipse\plugins\org.eclipse.justj.openjdk.hotspot.jre.full.win32.x86_64_17.0.4.v20220903-1038\jre\bin\jli.dll
0x00007fff85030000 - 0x00007fff85049000 	C:\Users\koyun\Downloads\University\eclipse\plugins\org.eclipse.justj.openjdk.hotspot.jre.full.win32.x86_64_17.0.4.v20220903-1038\jre\bin\VCRUNTIME140.dll
0x00007fffb99c0000 - 0x00007fffb9b5d000 	C:\Windows\System32\USER32.dll
0x00007fffa7950000 - 0x00007fffa7bea000 	C:\Windows\WinSxS\amd64_microsoft.windows.common-controls_6595b64144ccf1df_6.0.19041.5794_none_60bcd33171f2783c\COMCTL32.dll
0x00007fffb9890000 - 0x00007fffb98b2000 	C:\Windows\System32\win32u.dll
0x00007fffbb2f0000 - 0x00007fffbb31b000 	C:\Windows\System32\GDI32.dll
0x00007fffba5e0000 - 0x00007fffba67e000 	C:\Windows\System32\msvcrt.dll
0x00007fffb9660000 - 0x00007fffb977a000 	C:\Windows\System32\gdi32full.dll
0x00007fffb95c0000 - 0x00007fffb965d000 	C:\Windows\System32\msvcp_win.dll
0x00007fffbaee0000 - 0x00007fffbaf0f000 	C:\Windows\System32\IMM32.DLL
0x00007fffb0f50000 - 0x00007fffb0f5c000 	C:\Users\koyun\Downloads\University\eclipse\plugins\org.eclipse.justj.openjdk.hotspot.jre.full.win32.x86_64_17.0.4.v20220903-1038\jre\bin\vcruntime140_1.dll
0x00007fff75bc0000 - 0x00007fff75c51000 	C:\Users\koyun\Downloads\University\eclipse\plugins\org.eclipse.justj.openjdk.hotspot.jre.full.win32.x86_64_17.0.4.v20220903-1038\jre\bin\msvcp140.dll
0x00007fff186b0000 - 0x00007fff192f6000 	C:\Users\koyun\Downloads\University\eclipse\plugins\org.eclipse.justj.openjdk.hotspot.jre.full.win32.x86_64_17.0.4.v20220903-1038\jre\bin\server\jvm.dll
0x00007fffb9c00000 - 0x00007fffb9caf000 	C:\Windows\System32\ADVAPI32.dll
0x00007fffb9b60000 - 0x00007fffb9bff000 	C:\Windows\System32\sechost.dll
0x00007fffbb630000 - 0x00007fffbb753000 	C:\Windows\System32\RPCRT4.dll
0x00007fffb9290000 - 0x00007fffb92b7000 	C:\Windows\System32\bcrypt.dll
0x00007fffbaf80000 - 0x00007fffbaf88000 	C:\Windows\System32\PSAPI.DLL
0x00007fffa3c20000 - 0x00007fffa3c29000 	C:\Windows\SYSTEM32\WSOCK32.dll
0x00007fffae920000 - 0x00007fffae947000 	C:\Windows\SYSTEM32\WINMM.dll
0x00007fffb2020000 - 0x00007fffb202a000 	C:\Windows\SYSTEM32\VERSION.dll
0x00007fffbb8e0000 - 0x00007fffbb94b000 	C:\Windows\System32\WS2_32.dll
0x00007fffb7830000 - 0x00007fffb7842000 	C:\Windows\SYSTEM32\kernel.appcore.dll
0x00007fff98520000 - 0x00007fff9852a000 	C:\Users\koyun\Downloads\University\eclipse\plugins\org.eclipse.justj.openjdk.hotspot.jre.full.win32.x86_64_17.0.4.v20220903-1038\jre\bin\jimage.dll
0x00007fffb7600000 - 0x00007fffb7801000 	C:\Windows\SYSTEM32\DBGHELP.DLL
0x00007fffb1340000 - 0x00007fffb1374000 	C:\Windows\SYSTEM32\dbgcore.DLL
0x00007fffb9780000 - 0x00007fffb9802000 	C:\Windows\System32\bcryptPrimitives.dll
0x00007fff76280000 - 0x00007fff762bb000 	C:\Users\koyun\Downloads\University\eclipse\plugins\org.eclipse.justj.openjdk.hotspot.jre.full.win32.x86_64_17.0.4.v20220903-1038\jre\bin\jdwp.dll
0x00007fff854b0000 - 0x00007fff854be000 	C:\Users\koyun\Downloads\University\eclipse\plugins\org.eclipse.justj.openjdk.hotspot.jre.full.win32.x86_64_17.0.4.v20220903-1038\jre\bin\instrument.dll
0x00007fff87500000 - 0x00007fff87525000 	C:\Users\koyun\Downloads\University\eclipse\plugins\org.eclipse.justj.openjdk.hotspot.jre.full.win32.x86_64_17.0.4.v20220903-1038\jre\bin\java.dll
0x00007fff90e80000 - 0x00007fff90e98000 	C:\Users\koyun\Downloads\University\eclipse\plugins\org.eclipse.justj.openjdk.hotspot.jre.full.win32.x86_64_17.0.4.v20220903-1038\jre\bin\zip.dll
0x00007fffba6a0000 - 0x00007fffbae0e000 	C:\Windows\System32\SHELL32.dll
0x00007fffb6d80000 - 0x00007fffb7523000 	C:\Windows\SYSTEM32\windows.storage.dll
0x00007fffb9cb0000 - 0x00007fffba003000 	C:\Windows\System32\combase.dll
0x00007fffb88b0000 - 0x00007fffb88db000 	C:\Windows\SYSTEM32\Wldp.dll
0x00007fffbae10000 - 0x00007fffbaedd000 	C:\Windows\System32\OLEAUT32.dll
0x00007fffbb450000 - 0x00007fffbb4fd000 	C:\Windows\System32\SHCORE.dll
0x00007fffbb760000 - 0x00007fffbb7b5000 	C:\Windows\System32\shlwapi.dll
0x00007fffb8f60000 - 0x00007fffb8f85000 	C:\Windows\SYSTEM32\profapi.dll
0x00007fff85000000 - 0x00007fff8500c000 	C:\Users\koyun\Downloads\University\eclipse\plugins\org.eclipse.justj.openjdk.hotspot.jre.full.win32.x86_64_17.0.4.v20220903-1038\jre\bin\dt_socket.dll
0x00007fffb8390000 - 0x00007fffb83cb000 	C:\Windows\SYSTEM32\IPHLPAPI.DLL
0x00007fffb8690000 - 0x00007fffb86fc000 	C:\Windows\system32\mswsock.dll
0x00007fffb83d0000 - 0x00007fffb849a000 	C:\Windows\SYSTEM32\DNSAPI.dll
0x00007fffbb7c0000 - 0x00007fffbb7c8000 	C:\Windows\System32\NSI.dll
0x00007fffa1430000 - 0x00007fffa143a000 	C:\Windows\System32\rasadhlp.dll
0x00007fffa1310000 - 0x00007fffa1390000 	C:\Windows\System32\fwpuclnt.dll
0x00007fff8e650000 - 0x00007fff8e669000 	C:\Users\koyun\Downloads\University\eclipse\plugins\org.eclipse.justj.openjdk.hotspot.jre.full.win32.x86_64_17.0.4.v20220903-1038\jre\bin\net.dll
0x00007fffb1bc0000 - 0x00007fffb1cca000 	C:\Windows\SYSTEM32\WINHTTP.dll
0x00007fff874e0000 - 0x00007fff874f5000 	C:\Users\koyun\Downloads\University\eclipse\plugins\org.eclipse.justj.openjdk.hotspot.jre.full.win32.x86_64_17.0.4.v20220903-1038\jre\bin\nio.dll
0x00007fff98510000 - 0x00007fff98520000 	C:\Users\koyun\Downloads\University\eclipse\plugins\org.eclipse.justj.openjdk.hotspot.jre.full.win32.x86_64_17.0.4.v20220903-1038\jre\bin\verify.dll
0x00007fff37130000 - 0x00007fff372be000 	C:\Users\koyun\Downloads\University\eclipse\plugins\org.eclipse.justj.openjdk.hotspot.jre.full.win32.x86_64_17.0.4.v20220903-1038\jre\bin\awt.dll
0x00007fffb5cf0000 - 0x00007fffb5d84000 	C:\Windows\SYSTEM32\apphelp.dll
0x00007fffb6a90000 - 0x00007fffb6abf000 	C:\Windows\system32\DWMAPI.DLL
0x00007fffb66b0000 - 0x00007fffb674e000 	C:\Windows\system32\uxtheme.dll
0x00007fff3d070000 - 0x00007fff3d198000 	C:\Windows\system32\opengl32.dll
0x00007fff3d020000 - 0x00007fff3d04c000 	C:\Windows\SYSTEM32\GLU32.dll
0x0000000180000000 - 0x00000001834b4000 	C:\Program Files (x86)\RivaTuner Statistics Server\RTSSHooks64.dll
0x00007fffba090000 - 0x00007fffba500000 	C:\Windows\System32\SETUPAPI.dll
0x00007fffb9030000 - 0x00007fffb907e000 	C:\Windows\System32\cfgmgr32.dll
0x00007fffbb1d0000 - 0x00007fffbb2e5000 	C:\Windows\System32\MSCTF.dll
0x00007fffbb500000 - 0x00007fffbb62b000 	C:\Windows\System32\ole32.dll
0x00007fffa83b0000 - 0x00007fffa8581000 	C:\Windows\system32\d3d9.dll
0x00007fffabf00000 - 0x00007fffabfc2000 	C:\Windows\System32\DriverStore\FileRepository\nvmdi.inf_amd64_5a20cb50c0e752a4\nvldumdx.dll
0x00007fffb8bf0000 - 0x00007fffb8c02000 	C:\Windows\SYSTEM32\msasn1.dll
0x00007fffb1e20000 - 0x00007fffb1e51000 	C:\Windows\SYSTEM32\cryptnet.dll
0x00007fffb9080000 - 0x00007fffb91dd000 	C:\Windows\System32\CRYPT32.dll
0x00007fffb8820000 - 0x00007fffb882c000 	C:\Windows\SYSTEM32\cryptbase.dll
0x00007fffb16d0000 - 0x00007fffb1817000 	C:\Windows\SYSTEM32\drvstore.dll
0x00007fffb8dc0000 - 0x00007fffb8df3000 	C:\Windows\SYSTEM32\devobj.dll
0x00007fffb9810000 - 0x00007fffb9883000 	C:\Windows\System32\wintrust.dll
0x00007fffba680000 - 0x00007fffba69d000 	C:\Windows\System32\imagehlp.dll
0x00007fffb8950000 - 0x00007fffb8968000 	C:\Windows\SYSTEM32\CRYPTSP.dll
0x00007fffb7fd0000 - 0x00007fffb8008000 	C:\Windows\system32\rsaenh.dll
0x00007fffa3eb0000 - 0x00007fffa764a000 	C:\Windows\System32\DriverStore\FileRepository\nvmdi.inf_amd64_5a20cb50c0e752a4\nvgpucomp64.dll
0x00007fffabda0000 - 0x00007fffabe77000 	C:\Windows\System32\DriverStore\FileRepository\nvmdi.inf_amd64_5a20cb50c0e752a4\NvMemMapStoragex.dll
0x00007fffb89c0000 - 0x00007fffb8a0b000 	C:\Windows\SYSTEM32\POWRPROF.dll
0x00007fffb89a0000 - 0x00007fffb89b2000 	C:\Windows\SYSTEM32\UMPDC.dll
0x00007fff5e5e0000 - 0x00007fff606a7000 	C:\Windows\System32\DriverStore\FileRepository\nvmdi.inf_amd64_5a20cb50c0e752a4\nvd3dumx.dll
0x00007fff6dc10000 - 0x00007fff6df14000 	C:\Windows\system32\nvspcap64.dll
0x00007fffb8220000 - 0x00007fffb8253000 	C:\Windows\SYSTEM32\ntmarta.dll
0x00007fffb7850000 - 0x00007fffb7873000 	C:\Windows\SYSTEM32\gpapi.dll
0x00007fff87740000 - 0x00007fff878f4000 	C:\Windows\System32\DriverStore\FileRepository\nvmdi.inf_amd64_5a20cb50c0e752a4\nvppex.dll
0x00007fffae820000 - 0x00007fffae85b000 	C:\Windows\SYSTEM32\dxcore.dll
0x00007fffb8f20000 - 0x00007fffb8f4e000 	C:\Windows\SYSTEM32\USERENV.dll
0x00007fffb20d0000 - 0x00007fffb20e7000 	C:\Windows\SYSTEM32\dhcpcsvc6.DLL
0x00007fffb20b0000 - 0x00007fffb20cd000 	C:\Windows\SYSTEM32\dhcpcsvc.DLL
0x00007fff75720000 - 0x00007fff757a6000 	C:\Users\koyun\Downloads\University\eclipse\plugins\org.eclipse.justj.openjdk.hotspot.jre.full.win32.x86_64_17.0.4.v20220903-1038\jre\bin\freetype.dll
0x00007fff6b1e0000 - 0x00007fff6b288000 	C:\Users\koyun\Downloads\University\eclipse\plugins\org.eclipse.justj.openjdk.hotspot.jre.full.win32.x86_64_17.0.4.v20220903-1038\jre\bin\fontmanager.dll
0x00007fff959d0000 - 0x00007fff95ac9000 	C:\Windows\SYSTEM32\textinputframework.dll
0x00007fffb50e0000 - 0x00007fffb543b000 	C:\Windows\System32\CoreUIComponents.dll
0x00007fffb5440000 - 0x00007fffb5532000 	C:\Windows\System32\CoreMessaging.dll
0x00007fffb5760000 - 0x00007fffb58b7000 	C:\Windows\SYSTEM32\wintypes.dll

dbghelp: loaded successfully - version: 4.0.5 - missing functions: none
symbol engine: initialized successfully - sym options: 0x614 - pdb path: .;C:\Users\koyun\Downloads\University\eclipse\plugins\org.eclipse.justj.openjdk.hotspot.jre.full.win32.x86_64_17.0.4.v20220903-1038\jre\bin;C:\Windows\SYSTEM32;C:\Windows\WinSxS\amd64_microsoft.windows.common-controls_6595b64144ccf1df_6.0.19041.5794_none_60bcd33171f2783c;C:\Users\koyun\Downloads\University\eclipse\plugins\org.eclipse.justj.openjdk.hotspot.jre.full.win32.x86_64_17.0.4.v20220903-1038\jre\bin\server;C:\Program Files (x86)\RivaTuner Statistics Server;C:\Windows\System32\DriverStore\FileRepository\nvmdi.inf_amd64_5a20cb50c0e752a4

VM Arguments:
jvm_args: -XX:+ShowCodeDetailsInExceptionMessages -agentlib:jdwp=transport=dt_socket,suspend=y,address=localhost:51460 -javaagent:C:\Users\koyun\Downloads\University\eclipse\configuration\org.eclipse.osgi\228\0\.cp\lib\javaagent-shaded.jar -Dfile.encoding=UTF-8 
java_command: ProjectMain
java_class_path (initial): C:\Users\koyun\eclipse-workspace\212TermProject\bin;C:\Users\koyun\Downloads\ToPutVideosToJavaCode\slf4j-api-1.7.36.jar;C:\Users\koyun\Downloads\ToPutVideosToJavaCode\slf4j-simple-1.7.36.jar;C:\Users\koyun\Downloads\ToPutVideosToJavaCode\vlcj-natives-4.8.3.jar;C:\Users\koyun\Downloads\ToPutVideosToJavaCode\vlcj-4.8.3.jar;C:\Users\koyun\Downloads\ToPutVideosToJavaCode\jna-5.13.0.jar;C:\Users\koyun\Downloads\ToPutVideosToJavaCode\jna-platform-5.13.0.jar
Launcher Type: SUN_STANDARD

[Global flags]
     intx CICompilerCount                          = 12                                        {product} {ergonomic}
     uint ConcGCThreads                            = 5                                         {product} {ergonomic}
     uint G1ConcRefinementThreads                  = 18                                        {product} {ergonomic}
   size_t G1HeapRegionSize                         = 4194304                                   {product} {ergonomic}
    uintx GCDrainStackTargetSize                   = 64                                        {product} {ergonomic}
   size_t InitialHeapSize                          = 536870912                                 {product} {ergonomic}
   size_t MarkStackSize                            = 4194304                                   {product} {ergonomic}
   size_t MaxHeapSize                              = 8543797248                                {product} {ergonomic}
   size_t MaxNewSize                               = 5125439488                                {product} {ergonomic}
   size_t MinHeapDeltaBytes                        = 4194304                                   {product} {ergonomic}
   size_t MinHeapSize                              = 8388608                                   {product} {ergonomic}
    uintx NonNMethodCodeHeapSize                   = 7602480                                {pd product} {ergonomic}
    uintx NonProfiledCodeHeapSize                  = 122027880                              {pd product} {ergonomic}
    uintx ProfiledCodeHeapSize                     = 122027880                              {pd product} {ergonomic}
    uintx ReservedCodeCacheSize                    = 251658240                              {pd product} {ergonomic}
     bool SegmentedCodeCache                       = true                                      {product} {ergonomic}
     bool ShowCodeDetailsInExceptionMessages       = true                                   {manageable} {command line}
   size_t SoftMaxHeapSize                          = 8543797248                             {manageable} {ergonomic}
     bool UseCompressedClassPointers               = true                           {product lp64_product} {ergonomic}
     bool UseCompressedOops                        = true                           {product lp64_product} {ergonomic}
     bool UseG1GC                                  = true                                      {product} {ergonomic}
     bool UseLargePagesIndividualAllocation        = false                                  {pd product} {ergonomic}

Logging:
Log output configuration:
 #0: stdout all=warning uptime,level,tags
 #1: stderr all=off uptime,level,tags

Environment Variables:
PATH=C:\Users\koyun\Downloads\University\eclipse\plugins\org.eclipse.justj.openjdk.hotspot.jre.full.win32.x86_64_17.0.4.v20220903-1038\jre\bin;C:/Users/koyun/Downloads/University/eclipse//plugins/org.eclipse.justj.openjdk.hotspot.jre.full.win32.x86_64_17.0.4.v20220903-1038/jre/bin/server;C:/Users/koyun/Downloads/University/eclipse//plugins/org.eclipse.justj.openjdk.hotspot.jre.full.win32.x86_64_17.0.4.v20220903-1038/jre/bin;C:\Program Files (x86)\Common Files\Oracle\Java\java8path;C:\Program Files (x86)\Common Files\Oracle\Java\javapath;C:\Windows\system32;C:\Windows;C:\Windows\System32\Wbem;C:\Windows\System32\WindowsPowerShell\v1.0\;C:\Windows\System32\OpenSSH\;C:\ProgramData\chocolatey\bin;C:\Program Files\dotnet\;C:\Program Files\NVIDIA Corporation\NVIDIA app\NvDLISR;C:\Program Files (x86)\NVIDIA Corporation\PhysX\Common;C:\MinGW\bin;C:\Program Files (x86)\Windows Kits\10\Windows Performance Toolkit\;C:\Program Files\Git\cmd;C:\Program Files\PowerShell\7\;C:\Users\koyun\AppData\Local\Microsoft\WindowsApps;C:\Users\koyun\AppData\Local\Programs\Microsoft VS Code\bin;C:\Users\koyun\Downloads\University\eclipse;
USERNAME=koyun
OS=Windows_NT
PROCESSOR_IDENTIFIER=Intel64 Family 6 Model 183 Stepping 1, GenuineIntel
TMP=C:\Users\koyun\AppData\Local\Temp
TEMP=C:\Users\koyun\AppData\Local\Temp



---------------  S Y S T E M  ---------------

OS:
 Windows 10 , 64 bit Build 19041 (10.0.19041.5794)
OS uptime: 1 days 4:02 hours
Hyper-V role detected

CPU: total 24 (initial active 24) (12 cores per cpu, 2 threads per core) family 6 model 183 stepping 1 microcode 0x11d, cx8, cmov, fxsr, ht, mmx, 3dnowpref, sse, sse2, sse3, ssse3, sse4.1, sse4.2, popcnt, lzcnt, tsc, tscinvbit, avx, avx2, aes, erms, clmul, bmi1, bmi2, adx, sha, fma, vzeroupper, clflush, clflushopt, clwb, hv

Memory: 4k page, system-wide physical 32581M (5530M free)
TotalPageFile size 130885M (AvailPageFile size 5M)
current process WorkingSet (physical memory assigned to process): 174M, peak: 180M
current process commit charge ("private bytes"): 771M, peak: 776M

vm_info: OpenJDK 64-Bit Server VM (17.0.4.1+1) for windows-amd64 JRE (17.0.4.1+1), built on Aug 17 2022 07:42:43 by "temurin" with MS VC++ 16.7 (VS2019)

END.
