#
# A fatal error has been detected by the Java Runtime Environment:
#
#  EXCEPTION_ACCESS_VIOLATION (0xc0000005) at pc=0x0000000000000000, pid=13040, tid=27300
#
# JRE version: OpenJDK Runtime Environment Temurin-17.0.4.1+1 (17.0.4.1+1) (build 17.0.4.1+1)
# Java VM: OpenJDK 64-Bit Server VM Temurin-17.0.4.1+1 (17.0.4.1+1, mixed mode, tiered, compressed oops, compressed class ptrs, g1 gc, windows-amd64)
# Problematic frame:
# C  0x0000000000000000
#
# No core dump will be written. Minidumps are not enabled by default on client versions of Windows
#
# If you would like to submit a bug report, please visit:
#   https://github.com/adoptium/adoptium-support/issues
# The crash happened outside the Java Virtual Machine in native code.
# See problematic frame for where to report the bug.
#

---------------  S U M M A R Y ------------

Command Line: -XX:+ShowCodeDetailsInExceptionMessages -agentlib:jdwp=transport=dt_socket,suspend=y,address=localhost:54755 -javaagent:C:\Users\koyun\Downloads\University\eclipse\configuration\org.eclipse.osgi\228\0\.cp\lib\javaagent-shaded.jar -Dfile.encoding=UTF-8 ProjectMain

Host: 13th Gen Intel(R) Core(TM) i7-13700F, 24 cores, 31G,  Windows 10 , 64 bit Build 19041 (10.0.19041.5794)
Time: Tue Jun  3 23:21:06 2025 Turkey Standard Time elapsed time: 0.475853 seconds (0d 0h 0m 0s)

---------------  T H R E A D  ---------------

Current thread (0x000002b27df39cf0):  JavaThread "AWT-Windows" daemon [_thread_in_native, id=27300, stack(0x000000d51d000000,0x000000d51d100000)]

Stack: [0x000000d51d000000,0x000000d51d100000],  sp=0x000000d51d0fc518,  free space=1009k
Native frames: (J=compiled Java code, j=interpreted, Vv=VM code, C=native code)

Java frames: (J=compiled Java code, j=interpreted, Vv=VM code)
j  sun.java2d.d3d.D3DGraphicsDevice.getDeviceCapsNative(I)I+0 java.desktop@17.0.4.1
j  sun.java2d.d3d.D3DGraphicsDevice$1.run()V+8 java.desktop@17.0.4.1
v  ~StubRoutines::call_stub
j  sun.awt.windows.WToolkit.eventLoop()V+0 java.desktop@17.0.4.1
j  sun.awt.windows.WToolkit.run()V+50 java.desktop@17.0.4.1
j  java.lang.Thread.run()V+11 java.base@17.0.4.1
v  ~StubRoutines::call_stub

siginfo: EXCEPTION_ACCESS_VIOLATION (0xc0000005), data execution prevention violation at address 0x0000000000000000


Register to memory mapping:

RIP=0x0 is NULL
RAX=0x0 is NULL
RBX=0x000002b27e0a41b4 points into unknown readable memory: 5c 5c 2e 5c
RCX=0x0 is NULL
RDX=0x000000d51d0fc578 is pointing into the stack for thread: 0x000002b27df39cf0
RSP=0x000000d51d0fc518 is pointing into the stack for thread: 0x000002b27df39cf0
RBP=0x000000d51d0fc5a0 is pointing into the stack for thread: 0x000002b27df39cf0
RSI=0x000002b27e0a3d10 points into unknown readable memory: 0x0000000000000000 | 00 00 00 00 00 00 00 00
RDI=0x000002b27e0a6d40 points into unknown readable memory: 0x0000000000000000 | 00 00 00 00 00 00 00 00
R8 =0x0 is NULL
R9 =0x000000d51d0fc5a0 is pointing into the stack for thread: 0x000002b27df39cf0
R10=0x0 is NULL
R11=0x0000000000000246 is an unknown value
R12=0x0 is NULL
R13=0x0 is NULL
R14=0x000002b27e0a3eb0 points into unknown readable memory: 0x0000000000000000 | 00 00 00 00 00 00 00 00
R15=0x000000d51d0fd4ec is pointing into the stack for thread: 0x000002b27df39cf0


Registers:
RAX=0x0000000000000000, RBX=0x000002b27e0a41b4, RCX=0x0000000000000000, RDX=0x000000d51d0fc578
RSP=0x000000d51d0fc518, RBP=0x000000d51d0fc5a0, RSI=0x000002b27e0a3d10, RDI=0x000002b27e0a6d40
R8 =0x0000000000000000, R9 =0x000000d51d0fc5a0, R10=0x0000000000000000, R11=0x0000000000000246
R12=0x0000000000000000, R13=0x0000000000000000, R14=0x000002b27e0a3eb0, R15=0x000000d51d0fd4ec
RIP=0x0000000000000000, EFLAGS=0x0000000000010202

Top of Stack: (sp=0x000000d51d0fc518)
0x000000d51d0fc518:   00007fff2f5320b2 0000000000000000
0x000000d51d0fc528:   0000000000000000 000002b27e0a41b4
0x000000d51d0fc538:   000002b27e0a41b4 000000a100005161
0x000000d51d0fc548:   0056004e00000a8c 0041004900440049
0x000000d51d0fc558:   0046006500470020 006500630072006f
0x000000d51d0fc568:   0058005400520020 0036003000000000
0x000000d51d0fc578:   000000000000000d 0000000000000000
0x000000d51d0fc588:   000002b27e0a3d10 000002b200000130
0x000000d51d0fc598:   00007fff2f532af7 000000d51d0fd4ec
0x000000d51d0fc5a8:   000002b27e0a3eb0 000000d51d0fd840
0x000000d51d0fc5b8:   0000000000000000 000002b27e0a6d40
0x000000d51d0fc5c8:   000002b27e0a3d10 000000d51d0fc6e0
0x000000d51d0fc5d8:   00007fff2f531f77 0000000000000000
0x000000d51d0fc5e8:   000002b27e0a41b4 0000000000000000
0x000000d51d0fc5f8:   0000000000000000 000002b27e0a41b4
0x000000d51d0fc608:   0000000000000000 0000000000000000 

Instructions: (pc=0x0000000000000000)
0xffffffffffffff00:   


Stack slot to memory mapping:
stack at sp + 0 slots: 0x00007fff2f5320b2 d3d9.dll
stack at sp + 1 slots: 0x0 is NULL
stack at sp + 2 slots: 0x0 is NULL
stack at sp + 3 slots: 0x000002b27e0a41b4 points into unknown readable memory: 5c 5c 2e 5c
stack at sp + 4 slots: 0x000002b27e0a41b4 points into unknown readable memory: 5c 5c 2e 5c
stack at sp + 5 slots: 0x000000a100005161 is an unknown value
stack at sp + 6 slots: 0x0056004e00000a8c is an unknown value
stack at sp + 7 slots: 0x0041004900440049 is an unknown value


---------------  P R O C E S S  ---------------

Threads class SMR info:
_java_thread_list=0x000002b27dedaf30, length=21, elements={
0x000002b25b118e30, 0x000002b27cbf3930, 0x000002b27cbf4e50, 0x000002b27cc3d000,
0x000002b27cc3dc80, 0x000002b27cc41d00, 0x000002b27cc42d60, 0x000002b27cc5ab80,
0x000002b27cc5dc30, 0x000002b27cc6f490, 0x000002b27cbb1010, 0x000002b27ccd81d0,
0x000002b27ce2a690, 0x000002b27ce7b870, 0x000002b27d94f040, 0x000002b27d94fee0,
0x000002b27d9991d0, 0x000002b27db00a90, 0x000002b27df39820, 0x000002b27df3e720,
0x000002b27df39cf0
}

Java Threads: ( => current thread )
  0x000002b25b118e30 JavaThread "main" [_thread_in_native, id=27004, stack(0x000000d51b500000,0x000000d51b600000)]
  0x000002b27cbf3930 JavaThread "Reference Handler" daemon [_thread_blocked, id=9720, stack(0x000000d51bc00000,0x000000d51bd00000)]
  0x000002b27cbf4e50 JavaThread "Finalizer" daemon [_thread_blocked, id=8824, stack(0x000000d51bd00000,0x000000d51be00000)]
  0x000002b27cc3d000 JavaThread "Signal Dispatcher" daemon [_thread_blocked, id=27472, stack(0x000000d51be00000,0x000000d51bf00000)]
  0x000002b27cc3dc80 JavaThread "Attach Listener" daemon [_thread_blocked, id=6492, stack(0x000000d51bf00000,0x000000d51c000000)]
  0x000002b27cc41d00 JavaThread "Service Thread" daemon [_thread_blocked, id=9644, stack(0x000000d51c000000,0x000000d51c100000)]
  0x000002b27cc42d60 JavaThread "Monitor Deflation Thread" daemon [_thread_blocked, id=8704, stack(0x000000d51c100000,0x000000d51c200000)]
  0x000002b27cc5ab80 JavaThread "C2 CompilerThread0" daemon [_thread_blocked, id=6272, stack(0x000000d51c200000,0x000000d51c300000)]
  0x000002b27cc5dc30 JavaThread "C1 CompilerThread0" daemon [_thread_blocked, id=26084, stack(0x000000d51c300000,0x000000d51c400000)]
  0x000002b27cc6f490 JavaThread "Sweeper thread" daemon [_thread_blocked, id=19940, stack(0x000000d51c400000,0x000000d51c500000)]
  0x000002b27cbb1010 JavaThread "Common-Cleaner" daemon [_thread_blocked, id=22576, stack(0x000000d51c500000,0x000000d51c600000)]
  0x000002b27ccd81d0 JavaThread "C1 CompilerThread1" daemon [_thread_blocked, id=27124, stack(0x000000d51c600000,0x000000d51c700000)]
  0x000002b27ce2a690 JavaThread "C1 CompilerThread2" daemon [_thread_blocked, id=21176, stack(0x000000d51c700000,0x000000d51c800000)]
  0x000002b27ce7b870 JavaThread "C2 CompilerThread1" daemon [_thread_blocked, id=27644, stack(0x000000d51c800000,0x000000d51c900000)]
  0x000002b27d94f040 JavaThread "JDWP Transport Listener: dt_socket" daemon [_thread_blocked, id=27480, stack(0x000000d51c900000,0x000000d51ca00000)]
  0x000002b27d94fee0 JavaThread "JDWP Event Helper Thread" daemon [_thread_blocked, id=21088, stack(0x000000d51ca00000,0x000000d51cb00000)]
  0x000002b27d9991d0 JavaThread "JDWP Command Reader" daemon [_thread_in_native, id=23316, stack(0x000000d51cb00000,0x000000d51cc00000)]
  0x000002b27db00a90 JavaThread "Notification Thread" daemon [_thread_blocked, id=2352, stack(0x000000d51cc00000,0x000000d51cd00000)]
  0x000002b27df39820 JavaThread "Java2D Disposer" daemon [_thread_blocked, id=26388, stack(0x000000d51ce00000,0x000000d51cf00000)]
  0x000002b27df3e720 JavaThread "AWT-Shutdown" [_thread_blocked, id=29664, stack(0x000000d51cf00000,0x000000d51d000000)]
=>0x000002b27df39cf0 JavaThread "AWT-Windows" daemon [_thread_in_native, id=27300, stack(0x000000d51d000000,0x000000d51d100000)]

Other Threads:
  0x000002b27cc23bb0 VMThread "VM Thread" [stack: 0x000000d51bb00000,0x000000d51bc00000] [id=24888]
  0x000002b27ba68620 WatcherThread [stack: 0x000000d51cd00000,0x000000d51ce00000] [id=21740]
  0x000002b25b1c8e90 GCTaskThread "GC Thread#0" [stack: 0x000000d51b600000,0x000000d51b700000] [id=13692]
  0x000002b25b135b70 ConcurrentGCThread "G1 Main Marker" [stack: 0x000000d51b700000,0x000000d51b800000] [id=14100]
  0x000002b25b1db970 ConcurrentGCThread "G1 Conc#0" [stack: 0x000000d51b800000,0x000000d51b900000] [id=24472]
  0x000002b25b1eec20 ConcurrentGCThread "G1 Refine#0" [stack: 0x000000d51b900000,0x000000d51ba00000] [id=15316]
  0x000002b27bb6ec30 ConcurrentGCThread "G1 Service" [stack: 0x000000d51ba00000,0x000000d51bb00000] [id=27400]

Threads with active compile tasks:

VM state: not at safepoint (normal execution)

VM Mutex/Monitor currently owned by a thread: None

Heap address: 0x0000000602c00000, size: 8148 MB, Compressed Oops mode: Zero based, Oop shift amount: 3

CDS archive(s) not mapped
Compressed class space mapped at: 0x0000000800000000-0x0000000840000000, reserved size: 1073741824
Narrow klass base: 0x0000000800000000, Narrow klass shift: 0, Narrow klass range: 0x40000000

GC Precious Log:
 CPUs: 24 total, 24 available
 Memory: 32581M
 Large Page Support: Disabled
 NUMA Support: Disabled
 Compressed Oops: Enabled (Zero based)
 Heap Region Size: 4M
 Heap Min Capacity: 8M
 Heap Initial Capacity: 512M
 Heap Max Capacity: 8148M
 Pre-touch: Disabled
 Parallel Workers: 18
 Concurrent Workers: 5
 Concurrent Refinement Workers: 18
 Periodic GC: Disabled

Heap:
 garbage-first heap   total 524288K, used 8192K [0x0000000602c00000, 0x0000000800000000)
  region size 4096K, 3 young (12288K), 0 survivors (0K)
 Metaspace       used 12890K, committed 13056K, reserved 1064960K
  class space    used 1178K, committed 1280K, reserved 1048576K

Heap Regions: E=young(eden), S=young(survivor), O=old, HS=humongous(starts), HC=humongous(continues), CS=collection set, F=free, OA=open archive, CA=closed archive, TAMS=top-at-mark-start (previous, next)
|   0|0x0000000602c00000, 0x0000000602c00000, 0x0000000603000000|  0%| F|  |TAMS 0x0000000602c00000, 0x0000000602c00000| Untracked 
|   1|0x0000000603000000, 0x0000000603000000, 0x0000000603400000|  0%| F|  |TAMS 0x0000000603000000, 0x0000000603000000| Untracked 
|   2|0x0000000603400000, 0x0000000603400000, 0x0000000603800000|  0%| F|  |TAMS 0x0000000603400000, 0x0000000603400000| Untracked 
|   3|0x0000000603800000, 0x0000000603800000, 0x0000000603c00000|  0%| F|  |TAMS 0x0000000603800000, 0x0000000603800000| Untracked 
|   4|0x0000000603c00000, 0x0000000603c00000, 0x0000000604000000|  0%| F|  |TAMS 0x0000000603c00000, 0x0000000603c00000| Untracked 
|   5|0x0000000604000000, 0x0000000604000000, 0x0000000604400000|  0%| F|  |TAMS 0x0000000604000000, 0x0000000604000000| Untracked 
|   6|0x0000000604400000, 0x0000000604400000, 0x0000000604800000|  0%| F|  |TAMS 0x0000000604400000, 0x0000000604400000| Untracked 
|   7|0x0000000604800000, 0x0000000604800000, 0x0000000604c00000|  0%| F|  |TAMS 0x0000000604800000, 0x0000000604800000| Untracked 
|   8|0x0000000604c00000, 0x0000000604c00000, 0x0000000605000000|  0%| F|  |TAMS 0x0000000604c00000, 0x0000000604c00000| Untracked 
|   9|0x0000000605000000, 0x0000000605000000, 0x0000000605400000|  0%| F|  |TAMS 0x0000000605000000, 0x0000000605000000| Untracked 
|  10|0x0000000605400000, 0x0000000605400000, 0x0000000605800000|  0%| F|  |TAMS 0x0000000605400000, 0x0000000605400000| Untracked 
|  11|0x0000000605800000, 0x0000000605800000, 0x0000000605c00000|  0%| F|  |TAMS 0x0000000605800000, 0x0000000605800000| Untracked 
|  12|0x0000000605c00000, 0x0000000605c00000, 0x0000000606000000|  0%| F|  |TAMS 0x0000000605c00000, 0x0000000605c00000| Untracked 
|  13|0x0000000606000000, 0x0000000606000000, 0x0000000606400000|  0%| F|  |TAMS 0x0000000606000000, 0x0000000606000000| Untracked 
|  14|0x0000000606400000, 0x0000000606400000, 0x0000000606800000|  0%| F|  |TAMS 0x0000000606400000, 0x0000000606400000| Untracked 
|  15|0x0000000606800000, 0x0000000606800000, 0x0000000606c00000|  0%| F|  |TAMS 0x0000000606800000, 0x0000000606800000| Untracked 
|  16|0x0000000606c00000, 0x0000000606c00000, 0x0000000607000000|  0%| F|  |TAMS 0x0000000606c00000, 0x0000000606c00000| Untracked 
|  17|0x0000000607000000, 0x0000000607000000, 0x0000000607400000|  0%| F|  |TAMS 0x0000000607000000, 0x0000000607000000| Untracked 
|  18|0x0000000607400000, 0x0000000607400000, 0x0000000607800000|  0%| F|  |TAMS 0x0000000607400000, 0x0000000607400000| Untracked 
|  19|0x0000000607800000, 0x0000000607800000, 0x0000000607c00000|  0%| F|  |TAMS 0x0000000607800000, 0x0000000607800000| Untracked 
|  20|0x0000000607c00000, 0x0000000607c00000, 0x0000000608000000|  0%| F|  |TAMS 0x0000000607c00000, 0x0000000607c00000| Untracked 
|  21|0x0000000608000000, 0x0000000608000000, 0x0000000608400000|  0%| F|  |TAMS 0x0000000608000000, 0x0000000608000000| Untracked 
|  22|0x0000000608400000, 0x0000000608400000, 0x0000000608800000|  0%| F|  |TAMS 0x0000000608400000, 0x0000000608400000| Untracked 
|  23|0x0000000608800000, 0x0000000608800000, 0x0000000608c00000|  0%| F|  |TAMS 0x0000000608800000, 0x0000000608800000| Untracked 
|  24|0x0000000608c00000, 0x0000000608c00000, 0x0000000609000000|  0%| F|  |TAMS 0x0000000608c00000, 0x0000000608c00000| Untracked 
|  25|0x0000000609000000, 0x0000000609000000, 0x0000000609400000|  0%| F|  |TAMS 0x0000000609000000, 0x0000000609000000| Untracked 
|  26|0x0000000609400000, 0x0000000609400000, 0x0000000609800000|  0%| F|  |TAMS 0x0000000609400000, 0x0000000609400000| Untracked 
|  27|0x0000000609800000, 0x0000000609800000, 0x0000000609c00000|  0%| F|  |TAMS 0x0000000609800000, 0x0000000609800000| Untracked 
|  28|0x0000000609c00000, 0x0000000609c00000, 0x000000060a000000|  0%| F|  |TAMS 0x0000000609c00000, 0x0000000609c00000| Untracked 
|  29|0x000000060a000000, 0x000000060a000000, 0x000000060a400000|  0%| F|  |TAMS 0x000000060a000000, 0x000000060a000000| Untracked 
|  30|0x000000060a400000, 0x000000060a400000, 0x000000060a800000|  0%| F|  |TAMS 0x000000060a400000, 0x000000060a400000| Untracked 
|  31|0x000000060a800000, 0x000000060a800000, 0x000000060ac00000|  0%| F|  |TAMS 0x000000060a800000, 0x000000060a800000| Untracked 
|  32|0x000000060ac00000, 0x000000060ac00000, 0x000000060b000000|  0%| F|  |TAMS 0x000000060ac00000, 0x000000060ac00000| Untracked 
|  33|0x000000060b000000, 0x000000060b000000, 0x000000060b400000|  0%| F|  |TAMS 0x000000060b000000, 0x000000060b000000| Untracked 
|  34|0x000000060b400000, 0x000000060b400000, 0x000000060b800000|  0%| F|  |TAMS 0x000000060b400000, 0x000000060b400000| Untracked 
|  35|0x000000060b800000, 0x000000060b800000, 0x000000060bc00000|  0%| F|  |TAMS 0x000000060b800000, 0x000000060b800000| Untracked 
|  36|0x000000060bc00000, 0x000000060bc00000, 0x000000060c000000|  0%| F|  |TAMS 0x000000060bc00000, 0x000000060bc00000| Untracked 
|  37|0x000000060c000000, 0x000000060c000000, 0x000000060c400000|  0%| F|  |TAMS 0x000000060c000000, 0x000000060c000000| Untracked 
|  38|0x000000060c400000, 0x000000060c400000, 0x000000060c800000|  0%| F|  |TAMS 0x000000060c400000, 0x000000060c400000| Untracked 
|  39|0x000000060c800000, 0x000000060c800000, 0x000000060cc00000|  0%| F|  |TAMS 0x000000060c800000, 0x000000060c800000| Untracked 
|  40|0x000000060cc00000, 0x000000060cc00000, 0x000000060d000000|  0%| F|  |TAMS 0x000000060cc00000, 0x000000060cc00000| Untracked 
|  41|0x000000060d000000, 0x000000060d000000, 0x000000060d400000|  0%| F|  |TAMS 0x000000060d000000, 0x000000060d000000| Untracked 
|  42|0x000000060d400000, 0x000000060d400000, 0x000000060d800000|  0%| F|  |TAMS 0x000000060d400000, 0x000000060d400000| Untracked 
|  43|0x000000060d800000, 0x000000060d800000, 0x000000060dc00000|  0%| F|  |TAMS 0x000000060d800000, 0x000000060d800000| Untracked 
|  44|0x000000060dc00000, 0x000000060dc00000, 0x000000060e000000|  0%| F|  |TAMS 0x000000060dc00000, 0x000000060dc00000| Untracked 
|  45|0x000000060e000000, 0x000000060e000000, 0x000000060e400000|  0%| F|  |TAMS 0x000000060e000000, 0x000000060e000000| Untracked 
|  46|0x000000060e400000, 0x000000060e400000, 0x000000060e800000|  0%| F|  |TAMS 0x000000060e400000, 0x000000060e400000| Untracked 
|  47|0x000000060e800000, 0x000000060e800000, 0x000000060ec00000|  0%| F|  |TAMS 0x000000060e800000, 0x000000060e800000| Untracked 
|  48|0x000000060ec00000, 0x000000060ec00000, 0x000000060f000000|  0%| F|  |TAMS 0x000000060ec00000, 0x000000060ec00000| Untracked 
|  49|0x000000060f000000, 0x000000060f000000, 0x000000060f400000|  0%| F|  |TAMS 0x000000060f000000, 0x000000060f000000| Untracked 
|  50|0x000000060f400000, 0x000000060f400000, 0x000000060f800000|  0%| F|  |TAMS 0x000000060f400000, 0x000000060f400000| Untracked 
|  51|0x000000060f800000, 0x000000060f800000, 0x000000060fc00000|  0%| F|  |TAMS 0x000000060f800000, 0x000000060f800000| Untracked 
|  52|0x000000060fc00000, 0x000000060fc00000, 0x0000000610000000|  0%| F|  |TAMS 0x000000060fc00000, 0x000000060fc00000| Untracked 
|  53|0x0000000610000000, 0x0000000610000000, 0x0000000610400000|  0%| F|  |TAMS 0x0000000610000000, 0x0000000610000000| Untracked 
|  54|0x0000000610400000, 0x0000000610400000, 0x0000000610800000|  0%| F|  |TAMS 0x0000000610400000, 0x0000000610400000| Untracked 
|  55|0x0000000610800000, 0x0000000610800000, 0x0000000610c00000|  0%| F|  |TAMS 0x0000000610800000, 0x0000000610800000| Untracked 
|  56|0x0000000610c00000, 0x0000000610c00000, 0x0000000611000000|  0%| F|  |TAMS 0x0000000610c00000, 0x0000000610c00000| Untracked 
|  57|0x0000000611000000, 0x0000000611000000, 0x0000000611400000|  0%| F|  |TAMS 0x0000000611000000, 0x0000000611000000| Untracked 
|  58|0x0000000611400000, 0x0000000611400000, 0x0000000611800000|  0%| F|  |TAMS 0x0000000611400000, 0x0000000611400000| Untracked 
|  59|0x0000000611800000, 0x0000000611800000, 0x0000000611c00000|  0%| F|  |TAMS 0x0000000611800000, 0x0000000611800000| Untracked 
|  60|0x0000000611c00000, 0x0000000611c00000, 0x0000000612000000|  0%| F|  |TAMS 0x0000000611c00000, 0x0000000611c00000| Untracked 
|  61|0x0000000612000000, 0x0000000612000000, 0x0000000612400000|  0%| F|  |TAMS 0x0000000612000000, 0x0000000612000000| Untracked 
|  62|0x0000000612400000, 0x0000000612400000, 0x0000000612800000|  0%| F|  |TAMS 0x0000000612400000, 0x0000000612400000| Untracked 
|  63|0x0000000612800000, 0x0000000612800000, 0x0000000612c00000|  0%| F|  |TAMS 0x0000000612800000, 0x0000000612800000| Untracked 
|  64|0x0000000612c00000, 0x0000000612c00000, 0x0000000613000000|  0%| F|  |TAMS 0x0000000612c00000, 0x0000000612c00000| Untracked 
|  65|0x0000000613000000, 0x0000000613000000, 0x0000000613400000|  0%| F|  |TAMS 0x0000000613000000, 0x0000000613000000| Untracked 
|  66|0x0000000613400000, 0x0000000613400000, 0x0000000613800000|  0%| F|  |TAMS 0x0000000613400000, 0x0000000613400000| Untracked 
|  67|0x0000000613800000, 0x0000000613800000, 0x0000000613c00000|  0%| F|  |TAMS 0x0000000613800000, 0x0000000613800000| Untracked 
|  68|0x0000000613c00000, 0x0000000613c00000, 0x0000000614000000|  0%| F|  |TAMS 0x0000000613c00000, 0x0000000613c00000| Untracked 
|  69|0x0000000614000000, 0x0000000614000000, 0x0000000614400000|  0%| F|  |TAMS 0x0000000614000000, 0x0000000614000000| Untracked 
|  70|0x0000000614400000, 0x0000000614400000, 0x0000000614800000|  0%| F|  |TAMS 0x0000000614400000, 0x0000000614400000| Untracked 
|  71|0x0000000614800000, 0x0000000614800000, 0x0000000614c00000|  0%| F|  |TAMS 0x0000000614800000, 0x0000000614800000| Untracked 
|  72|0x0000000614c00000, 0x0000000614c00000, 0x0000000615000000|  0%| F|  |TAMS 0x0000000614c00000, 0x0000000614c00000| Untracked 
|  73|0x0000000615000000, 0x0000000615000000, 0x0000000615400000|  0%| F|  |TAMS 0x0000000615000000, 0x0000000615000000| Untracked 
|  74|0x0000000615400000, 0x0000000615400000, 0x0000000615800000|  0%| F|  |TAMS 0x0000000615400000, 0x0000000615400000| Untracked 
|  75|0x0000000615800000, 0x0000000615800000, 0x0000000615c00000|  0%| F|  |TAMS 0x0000000615800000, 0x0000000615800000| Untracked 
|  76|0x0000000615c00000, 0x0000000615c00000, 0x0000000616000000|  0%| F|  |TAMS 0x0000000615c00000, 0x0000000615c00000| Untracked 
|  77|0x0000000616000000, 0x0000000616000000, 0x0000000616400000|  0%| F|  |TAMS 0x0000000616000000, 0x0000000616000000| Untracked 
|  78|0x0000000616400000, 0x0000000616400000, 0x0000000616800000|  0%| F|  |TAMS 0x0000000616400000, 0x0000000616400000| Untracked 
|  79|0x0000000616800000, 0x0000000616800000, 0x0000000616c00000|  0%| F|  |TAMS 0x0000000616800000, 0x0000000616800000| Untracked 
|  80|0x0000000616c00000, 0x0000000616c00000, 0x0000000617000000|  0%| F|  |TAMS 0x0000000616c00000, 0x0000000616c00000| Untracked 
|  81|0x0000000617000000, 0x0000000617000000, 0x0000000617400000|  0%| F|  |TAMS 0x0000000617000000, 0x0000000617000000| Untracked 
|  82|0x0000000617400000, 0x0000000617400000, 0x0000000617800000|  0%| F|  |TAMS 0x0000000617400000, 0x0000000617400000| Untracked 
|  83|0x0000000617800000, 0x0000000617800000, 0x0000000617c00000|  0%| F|  |TAMS 0x0000000617800000, 0x0000000617800000| Untracked 
|  84|0x0000000617c00000, 0x0000000617c00000, 0x0000000618000000|  0%| F|  |TAMS 0x0000000617c00000, 0x0000000617c00000| Untracked 
|  85|0x0000000618000000, 0x0000000618000000, 0x0000000618400000|  0%| F|  |TAMS 0x0000000618000000, 0x0000000618000000| Untracked 
|  86|0x0000000618400000, 0x0000000618400000, 0x0000000618800000|  0%| F|  |TAMS 0x0000000618400000, 0x0000000618400000| Untracked 
|  87|0x0000000618800000, 0x0000000618800000, 0x0000000618c00000|  0%| F|  |TAMS 0x0000000618800000, 0x0000000618800000| Untracked 
|  88|0x0000000618c00000, 0x0000000618c00000, 0x0000000619000000|  0%| F|  |TAMS 0x0000000618c00000, 0x0000000618c00000| Untracked 
|  89|0x0000000619000000, 0x0000000619000000, 0x0000000619400000|  0%| F|  |TAMS 0x0000000619000000, 0x0000000619000000| Untracked 
|  90|0x0000000619400000, 0x0000000619400000, 0x0000000619800000|  0%| F|  |TAMS 0x0000000619400000, 0x0000000619400000| Untracked 
|  91|0x0000000619800000, 0x0000000619800000, 0x0000000619c00000|  0%| F|  |TAMS 0x0000000619800000, 0x0000000619800000| Untracked 
|  92|0x0000000619c00000, 0x0000000619c00000, 0x000000061a000000|  0%| F|  |TAMS 0x0000000619c00000, 0x0000000619c00000| Untracked 
|  93|0x000000061a000000, 0x000000061a000000, 0x000000061a400000|  0%| F|  |TAMS 0x000000061a000000, 0x000000061a000000| Untracked 
|  94|0x000000061a400000, 0x000000061a400000, 0x000000061a800000|  0%| F|  |TAMS 0x000000061a400000, 0x000000061a400000| Untracked 
|  95|0x000000061a800000, 0x000000061a800000, 0x000000061ac00000|  0%| F|  |TAMS 0x000000061a800000, 0x000000061a800000| Untracked 
|  96|0x000000061ac00000, 0x000000061ac00000, 0x000000061b000000|  0%| F|  |TAMS 0x000000061ac00000, 0x000000061ac00000| Untracked 
|  97|0x000000061b000000, 0x000000061b000000, 0x000000061b400000|  0%| F|  |TAMS 0x000000061b000000, 0x000000061b000000| Untracked 
|  98|0x000000061b400000, 0x000000061b400000, 0x000000061b800000|  0%| F|  |TAMS 0x000000061b400000, 0x000000061b400000| Untracked 
|  99|0x000000061b800000, 0x000000061b800000, 0x000000061bc00000|  0%| F|  |TAMS 0x000000061b800000, 0x000000061b800000| Untracked 
| 100|0x000000061bc00000, 0x000000061bc00000, 0x000000061c000000|  0%| F|  |TAMS 0x000000061bc00000, 0x000000061bc00000| Untracked 
| 101|0x000000061c000000, 0x000000061c000000, 0x000000061c400000|  0%| F|  |TAMS 0x000000061c000000, 0x000000061c000000| Untracked 
| 102|0x000000061c400000, 0x000000061c400000, 0x000000061c800000|  0%| F|  |TAMS 0x000000061c400000, 0x000000061c400000| Untracked 
| 103|0x000000061c800000, 0x000000061c800000, 0x000000061cc00000|  0%| F|  |TAMS 0x000000061c800000, 0x000000061c800000| Untracked 
| 104|0x000000061cc00000, 0x000000061cc00000, 0x000000061d000000|  0%| F|  |TAMS 0x000000061cc00000, 0x000000061cc00000| Untracked 
| 105|0x000000061d000000, 0x000000061d000000, 0x000000061d400000|  0%| F|  |TAMS 0x000000061d000000, 0x000000061d000000| Untracked 
| 106|0x000000061d400000, 0x000000061d400000, 0x000000061d800000|  0%| F|  |TAMS 0x000000061d400000, 0x000000061d400000| Untracked 
| 107|0x000000061d800000, 0x000000061d800000, 0x000000061dc00000|  0%| F|  |TAMS 0x000000061d800000, 0x000000061d800000| Untracked 
| 108|0x000000061dc00000, 0x000000061dc00000, 0x000000061e000000|  0%| F|  |TAMS 0x000000061dc00000, 0x000000061dc00000| Untracked 
| 109|0x000000061e000000, 0x000000061e000000, 0x000000061e400000|  0%| F|  |TAMS 0x000000061e000000, 0x000000061e000000| Untracked 
| 110|0x000000061e400000, 0x000000061e400000, 0x000000061e800000|  0%| F|  |TAMS 0x000000061e400000, 0x000000061e400000| Untracked 
| 111|0x000000061e800000, 0x000000061e800000, 0x000000061ec00000|  0%| F|  |TAMS 0x000000061e800000, 0x000000061e800000| Untracked 
| 112|0x000000061ec00000, 0x000000061ec00000, 0x000000061f000000|  0%| F|  |TAMS 0x000000061ec00000, 0x000000061ec00000| Untracked 
| 113|0x000000061f000000, 0x000000061f000000, 0x000000061f400000|  0%| F|  |TAMS 0x000000061f000000, 0x000000061f000000| Untracked 
| 114|0x000000061f400000, 0x000000061f400000, 0x000000061f800000|  0%| F|  |TAMS 0x000000061f400000, 0x000000061f400000| Untracked 
| 115|0x000000061f800000, 0x000000061f800000, 0x000000061fc00000|  0%| F|  |TAMS 0x000000061f800000, 0x000000061f800000| Untracked 
| 116|0x000000061fc00000, 0x000000061fc00000, 0x0000000620000000|  0%| F|  |TAMS 0x000000061fc00000, 0x000000061fc00000| Untracked 
| 117|0x0000000620000000, 0x0000000620000000, 0x0000000620400000|  0%| F|  |TAMS 0x0000000620000000, 0x0000000620000000| Untracked 
| 118|0x0000000620400000, 0x0000000620400000, 0x0000000620800000|  0%| F|  |TAMS 0x0000000620400000, 0x0000000620400000| Untracked 
| 119|0x0000000620800000, 0x0000000620800000, 0x0000000620c00000|  0%| F|  |TAMS 0x0000000620800000, 0x0000000620800000| Untracked 
| 120|0x0000000620c00000, 0x0000000620c00000, 0x0000000621000000|  0%| F|  |TAMS 0x0000000620c00000, 0x0000000620c00000| Untracked 
| 121|0x0000000621000000, 0x0000000621000000, 0x0000000621400000|  0%| F|  |TAMS 0x0000000621000000, 0x0000000621000000| Untracked 
| 122|0x0000000621400000, 0x0000000621400000, 0x0000000621800000|  0%| F|  |TAMS 0x0000000621400000, 0x0000000621400000| Untracked 
| 123|0x0000000621800000, 0x0000000621800000, 0x0000000621c00000|  0%| F|  |TAMS 0x0000000621800000, 0x0000000621800000| Untracked 
| 124|0x0000000621c00000, 0x0000000621c00000, 0x0000000622000000|  0%| F|  |TAMS 0x0000000621c00000, 0x0000000621c00000| Untracked 
| 125|0x0000000622000000, 0x00000006223f5b30, 0x0000000622400000| 98%| E|  |TAMS 0x0000000622000000, 0x0000000622000000| Complete 
| 126|0x0000000622400000, 0x0000000622800000, 0x0000000622800000|100%| E|CS|TAMS 0x0000000622400000, 0x0000000622400000| Complete 
| 127|0x0000000622800000, 0x0000000622c00000, 0x0000000622c00000|100%| E|CS|TAMS 0x0000000622800000, 0x0000000622800000| Complete 

Card table byte_map: [0x000002b26f5c0000,0x000002b2705b0000] _byte_map_base: 0x000002b26c5aa000

Marking Bits (Prev, Next): (CMBitMap*) 0x000002b25b1c93b0, (CMBitMap*) 0x000002b25b1c93f0
 Prev Bits: [0x000002b2715a0000, 0x000002b2794f0000)
 Next Bits: [0x000002b200000000, 0x000002b207f50000)

Polling page: 0x000002b258d10000

Metaspace:

Usage:
  Non-class:     11.44 MB used.
      Class:      1.15 MB used.
       Both:     12.59 MB used.

Virtual space:
  Non-class space:       16.00 MB reserved,      11.50 MB ( 72%) committed,  2 nodes.
      Class space:        1.00 GB reserved,       1.25 MB ( <1%) committed,  1 nodes.
             Both:        1.02 GB reserved,      12.75 MB (  1%) committed. 

Chunk freelists:
   Non-Class:  458.00 KB
       Class:  2.68 MB
        Both:  3.12 MB

MaxMetaspaceSize: unlimited
CompressedClassSpaceSize: 1.00 GB
Initial GC threshold: 21.00 MB
Current GC threshold: 21.00 MB
CDS: off
MetaspaceReclaimPolicy: balanced
 - commit_granule_bytes: 65536.
 - commit_granule_words: 8192.
 - virtual_space_node_default_size: 1048576.
 - enlarge_chunks_in_place: 1.
 - new_chunks_are_fully_committed: 0.
 - uncommit_free_chunks: 1.
 - use_allocation_guard: 0.
 - handle_deallocations: 1.


Internal statistics:

num_allocs_failed_limit: 0.
num_arena_births: 62.
num_arena_deaths: 0.
num_vsnodes_births: 3.
num_vsnodes_deaths: 0.
num_space_committed: 204.
num_space_uncommitted: 0.
num_chunks_returned_to_freelist: 0.
num_chunks_taken_from_freelist: 122.
num_chunk_merges: 0.
num_chunk_splits: 64.
num_chunks_enlarged: 35.
num_purges: 0.
num_inconsistent_stats: 0.

CodeHeap 'non-profiled nmethods': size=119168Kb used=244Kb max_used=244Kb free=118923Kb
 bounds [0x000002b266380000, 0x000002b2665f0000, 0x000002b26d7e0000]
CodeHeap 'profiled nmethods': size=119104Kb used=1105Kb max_used=1105Kb free=117999Kb
 bounds [0x000002b25ef30000, 0x000002b25f1a0000, 0x000002b266380000]
CodeHeap 'non-nmethods': size=7488Kb used=2388Kb max_used=2408Kb free=5099Kb
 bounds [0x000002b25e7e0000, 0x000002b25ea50000, 0x000002b25ef30000]
 total_blobs=1223 nmethods=726 adapters=408
 compilation: enabled
              stopped_count=0, restarted_count=0
 full_count=0

Compilation events (20 events):
Event: 0.337 Thread 0x000002b27ce2a690 nmethod 715 0x000002b25f03e990 code [0x000002b25f03eb40, 0x000002b25f03ed68]
Event: 0.337 Thread 0x000002b27ce2a690  717       3       java.lang.invoke.MemberName::getInvocationType (56 bytes)
Event: 0.337 Thread 0x000002b27cc5dc30 nmethod 716 0x000002b25f03ee10 code [0x000002b25f03efa0, 0x000002b25f03f138]
Event: 0.337 Thread 0x000002b27cc5dc30  718       3       java.lang.invoke.MethodType::toMethodDescriptorString (28 bytes)
Event: 0.337 Thread 0x000002b27cc5dc30 nmethod 718 0x000002b25f03f210 code [0x000002b25f03f3c0, 0x000002b25f03f5c8]
Event: 0.337 Thread 0x000002b27ccd81d0 nmethod 714 0x000002b25f03f690 code [0x000002b25f03f920, 0x000002b25f040468]
Event: 0.337 Thread 0x000002b27ce2a690 nmethod 717 0x000002b25f040710 code [0x000002b25f040940, 0x000002b25f041288]
Event: 0.338 Thread 0x000002b27cc5ab80  719       4       java.util.HashMap::put (13 bytes)
Event: 0.338 Thread 0x000002b27ce7b870 nmethod 706 0x000002b2663b9810 code [0x000002b2663b99a0, 0x000002b2663b9f18]
Event: 0.343 Thread 0x000002b27ccd81d0  720       1       java.lang.invoke.MethodHandles$Lookup::previousLookupClass (5 bytes)
Event: 0.343 Thread 0x000002b27ccd81d0 nmethod 720 0x000002b2663ba290 code [0x000002b2663ba420, 0x000002b2663ba4f8]
Event: 0.348 Thread 0x000002b27cc5ab80 nmethod 719 0x000002b2663ba590 code [0x000002b2663ba7c0, 0x000002b2663bc2c0]
Event: 0.349 Thread 0x000002b27ccd81d0  722       3       sun.invoke.util.VerifyAccess::isClassAccessible (230 bytes)
Event: 0.349 Thread 0x000002b27ccd81d0 nmethod 722 0x000002b25f041590 code [0x000002b25f0418a0, 0x000002b25f0427f8]
Event: 0.349 Thread 0x000002b27cc5dc30  723       3       jdk.internal.org.objectweb.asm.SymbolTable::addConstantNameAndType (137 bytes)
Event: 0.349 Thread 0x000002b27ce2a690  724       3       jdk.internal.org.objectweb.asm.SymbolTable$Entry::<init> (20 bytes)
Event: 0.349 Thread 0x000002b27ce2a690 nmethod 724 0x000002b25f042d10 code [0x000002b25f042ea0, 0x000002b25f043048]
Event: 0.350 Thread 0x000002b27cc5dc30 nmethod 723 0x000002b25f043110 code [0x000002b25f043360, 0x000002b25f043ac8]
Event: 0.350 Thread 0x000002b27ce2a690  725       3       java.lang.invoke.MemberName::isMethod (8 bytes)
Event: 0.350 Thread 0x000002b27ce2a690 nmethod 725 0x000002b25f043f10 code [0x000002b25f0440c0, 0x000002b25f0442f8]

GC Heap History (0 events):
No events

Deoptimization events (20 events):
Event: 0.281 Thread 0x000002b25b118e30 DEOPT PACKING pc=0x000002b25efbf97c sp=0x000000d51b5f8110
Event: 0.281 Thread 0x000002b25b118e30 DEOPT UNPACKING pc=0x000002b25e832b43 sp=0x000000d51b5f7578 mode 0
Event: 0.281 Thread 0x000002b25b118e30 DEOPT PACKING pc=0x000002b25efbf97c sp=0x000000d51b5f8110
Event: 0.281 Thread 0x000002b25b118e30 DEOPT UNPACKING pc=0x000002b25e832b43 sp=0x000000d51b5f7578 mode 0
Event: 0.282 Thread 0x000002b25b118e30 DEOPT PACKING pc=0x000002b25efbf97c sp=0x000000d51b5fbb60
Event: 0.282 Thread 0x000002b25b118e30 DEOPT UNPACKING pc=0x000002b25e832b43 sp=0x000000d51b5fafc8 mode 0
Event: 0.283 Thread 0x000002b25b118e30 DEOPT PACKING pc=0x000002b25efbf97c sp=0x000000d51b5f8090
Event: 0.283 Thread 0x000002b25b118e30 DEOPT UNPACKING pc=0x000002b25e832b43 sp=0x000000d51b5f74f8 mode 0
Event: 0.284 Thread 0x000002b25b118e30 DEOPT PACKING pc=0x000002b25efbf97c sp=0x000000d51b5fba90
Event: 0.284 Thread 0x000002b25b118e30 DEOPT UNPACKING pc=0x000002b25e832b43 sp=0x000000d51b5faef8 mode 0
Event: 0.287 Thread 0x000002b25b118e30 DEOPT PACKING pc=0x000002b25ef675ea sp=0x000000d51b5f8090
Event: 0.287 Thread 0x000002b25b118e30 DEOPT UNPACKING pc=0x000002b25e832b43 sp=0x000000d51b5f74b0 mode 0
Event: 0.301 Thread 0x000002b25b118e30 Uncommon trap: trap_request=0xffffff45 fr.pc=0x000002b26638a634 relative=0x00000000000001b4
Event: 0.301 Thread 0x000002b25b118e30 Uncommon trap: reason=unstable_if action=reinterpret pc=0x000002b26638a634 method=java.lang.String.isLatin1()Z @ 10 c2
Event: 0.301 Thread 0x000002b25b118e30 DEOPT PACKING pc=0x000002b26638a634 sp=0x000000d51b5fbdc0
Event: 0.301 Thread 0x000002b25b118e30 DEOPT UNPACKING pc=0x000002b25e8323a3 sp=0x000000d51b5fbcf0 mode 2
Event: 0.304 Thread 0x000002b25b118e30 Uncommon trap: trap_request=0xffffff45 fr.pc=0x000002b2663939c8 relative=0x0000000000000048
Event: 0.304 Thread 0x000002b25b118e30 Uncommon trap: reason=unstable_if action=reinterpret pc=0x000002b2663939c8 method=java.lang.CharacterData.of(I)Ljava/lang/CharacterData; @ 4 c2
Event: 0.304 Thread 0x000002b25b118e30 DEOPT PACKING pc=0x000002b2663939c8 sp=0x000000d51b5fdd50
Event: 0.304 Thread 0x000002b25b118e30 DEOPT UNPACKING pc=0x000002b25e8323a3 sp=0x000000d51b5fdcf0 mode 2

Classes unloaded (0 events):
No events

Classes redefined (0 events):
No events

Internal exceptions (4 events):
Event: 0.317 Thread 0x000002b25b118e30 Exception <a 'java/lang/ClassNotFoundException'{0x0000000622153448}: sun/awt/resources/spi/awtProvider> (0x0000000622153448) 
thrown [s\src\hotspot\share\classfile\systemDictionary.cpp, line 256]
Event: 0.325 Thread 0x000002b25b118e30 Exception <a 'java/io/FileNotFoundException'{0x00000006221a87a8}> (0x00000006221a87a8) 
thrown [s\src\hotspot\share\prims\jni.cpp, line 516]
Event: 0.328 Thread 0x000002b25b118e30 Exception <a 'java/io/FileNotFoundException'{0x00000006221d7980}> (0x00000006221d7980) 
thrown [s\src\hotspot\share\prims\jni.cpp, line 516]
Event: 0.349 Thread 0x000002b25b118e30 Exception <a 'java/lang/NoSuchMethodError'{0x0000000622301718}: 'java.lang.Object java.lang.invoke.DirectMethodHandle$Holder.invokeStaticInit(java.lang.Object)'> (0x0000000622301718) 
thrown [s\src\hotspot\share\interpreter\linkResolver.cpp, line 759]

VM Operations (8 events):
Event: 0.101 Executing VM operation: HandshakeAllThreads
Event: 0.101 Executing VM operation: HandshakeAllThreads done
Event: 0.110 Executing VM operation: ChangeBreakpoints
Event: 0.110 Executing VM operation: ChangeBreakpoints done
Event: 0.196 Executing VM operation: ChangeBreakpoints
Event: 0.196 Executing VM operation: ChangeBreakpoints done
Event: 0.304 Executing VM operation: HandshakeAllThreads
Event: 0.304 Executing VM operation: HandshakeAllThreads done

Events (20 events):
Event: 0.354 loading class java/lang/ApplicationShutdownHooks
Event: 0.355 loading class java/lang/ApplicationShutdownHooks done
Event: 0.355 loading class java/lang/ApplicationShutdownHooks$1
Event: 0.355 loading class java/lang/ApplicationShutdownHooks$1 done
Event: 0.355 loading class java/lang/Shutdown
Event: 0.355 loading class java/lang/Shutdown done
Event: 0.355 loading class java/lang/Shutdown$Lock
Event: 0.355 loading class java/lang/Shutdown$Lock done
Event: 0.418 loading class sun/java2d/d3d/D3DRenderQueue
Event: 0.418 loading class sun/java2d/pipe/RenderQueue
Event: 0.418 loading class sun/java2d/pipe/RenderQueue done
Event: 0.418 loading class sun/java2d/d3d/D3DRenderQueue done
Event: 0.418 loading class sun/java2d/pipe/RenderBuffer
Event: 0.418 loading class sun/java2d/pipe/RenderBuffer done
Event: 0.418 loading class sun/java2d/d3d/D3DRenderQueue$1
Event: 0.418 loading class sun/java2d/d3d/D3DRenderQueue$1 done
Event: 0.418 loading class sun/java2d/d3d/D3DGraphicsDevice$1Result
Event: 0.418 loading class sun/java2d/d3d/D3DGraphicsDevice$1Result done
Event: 0.418 loading class sun/java2d/d3d/D3DGraphicsDevice$1
Event: 0.418 loading class sun/java2d/d3d/D3DGraphicsDevice$1 done


Dynamic libraries:
0x00007ff633970000 - 0x00007ff63397e000 	C:\Users\koyun\Downloads\University\eclipse\plugins\org.eclipse.justj.openjdk.hotspot.jre.full.win32.x86_64_17.0.4.v20220903-1038\jre\bin\javaw.exe
0x00007fff5e5b0000 - 0x00007fff5e7a8000 	C:\Windows\SYSTEM32\ntdll.dll
0x00007fff5d9b0000 - 0x00007fff5da72000 	C:\Windows\System32\KERNEL32.DLL
0x00007fff5c140000 - 0x00007fff5c436000 	C:\Windows\System32\KERNELBASE.dll
0x00007fff5bdd0000 - 0x00007fff5bed0000 	C:\Windows\System32\ucrtbase.dll
0x00007fff3c960000 - 0x00007fff3c978000 	C:\Users\koyun\Downloads\University\eclipse\plugins\org.eclipse.justj.openjdk.hotspot.jre.full.win32.x86_64_17.0.4.v20220903-1038\jre\bin\jli.dll
0x00007fff325f0000 - 0x00007fff32609000 	C:\Users\koyun\Downloads\University\eclipse\plugins\org.eclipse.justj.openjdk.hotspot.jre.full.win32.x86_64_17.0.4.v20220903-1038\jre\bin\VCRUNTIME140.dll
0x00007fff5d150000 - 0x00007fff5d2ed000 	C:\Windows\System32\USER32.dll
0x00007fff5bc50000 - 0x00007fff5bc72000 	C:\Windows\System32\win32u.dll
0x00007fff49950000 - 0x00007fff49bea000 	C:\Windows\WinSxS\amd64_microsoft.windows.common-controls_6595b64144ccf1df_6.0.19041.5794_none_60bcd33171f2783c\COMCTL32.dll
0x00007fff5c600000 - 0x00007fff5c62b000 	C:\Windows\System32\GDI32.dll
0x00007fff5d0b0000 - 0x00007fff5d14e000 	C:\Windows\System32\msvcrt.dll
0x00007fff5c4c0000 - 0x00007fff5c5da000 	C:\Windows\System32\gdi32full.dll
0x00007fff5bd30000 - 0x00007fff5bdcd000 	C:\Windows\System32\msvcp_win.dll
0x00007fff5c6a0000 - 0x00007fff5c6cf000 	C:\Windows\System32\IMM32.DLL
0x00007fff4bb20000 - 0x00007fff4bb2c000 	C:\Users\koyun\Downloads\University\eclipse\plugins\org.eclipse.justj.openjdk.hotspot.jre.full.win32.x86_64_17.0.4.v20220903-1038\jre\bin\vcruntime140_1.dll
0x00007fff0a3a0000 - 0x00007fff0a431000 	C:\Users\koyun\Downloads\University\eclipse\plugins\org.eclipse.justj.openjdk.hotspot.jre.full.win32.x86_64_17.0.4.v20220903-1038\jre\bin\msvcp140.dll
0x00007ffeca840000 - 0x00007ffecb486000 	C:\Users\koyun\Downloads\University\eclipse\plugins\org.eclipse.justj.openjdk.hotspot.jre.full.win32.x86_64_17.0.4.v20220903-1038\jre\bin\server\jvm.dll
0x00007fff5d590000 - 0x00007fff5d63f000 	C:\Windows\System32\ADVAPI32.dll
0x00007fff5d010000 - 0x00007fff5d0af000 	C:\Windows\System32\sechost.dll
0x00007fff5c800000 - 0x00007fff5c923000 	C:\Windows\System32\RPCRT4.dll
0x00007fff5c440000 - 0x00007fff5c467000 	C:\Windows\System32\bcrypt.dll
0x00007fff5d2f0000 - 0x00007fff5d2f8000 	C:\Windows\System32\PSAPI.DLL
0x00007fff4f710000 - 0x00007fff4f737000 	C:\Windows\SYSTEM32\WINMM.dll
0x00007fff57860000 - 0x00007fff57869000 	C:\Windows\SYSTEM32\WSOCK32.dll
0x00007fff568c0000 - 0x00007fff568ca000 	C:\Windows\SYSTEM32\VERSION.dll
0x00007fff5c630000 - 0x00007fff5c69b000 	C:\Windows\System32\WS2_32.dll
0x00007fff5a480000 - 0x00007fff5a492000 	C:\Windows\SYSTEM32\kernel.appcore.dll
0x00007fff57420000 - 0x00007fff5742a000 	C:\Users\koyun\Downloads\University\eclipse\plugins\org.eclipse.justj.openjdk.hotspot.jre.full.win32.x86_64_17.0.4.v20220903-1038\jre\bin\jimage.dll
0x00007fff59a60000 - 0x00007fff59c61000 	C:\Windows\SYSTEM32\DBGHELP.DLL
0x00007fff2e110000 - 0x00007fff2e144000 	C:\Windows\SYSTEM32\dbgcore.DLL
0x00007fff5bf50000 - 0x00007fff5bfd2000 	C:\Windows\System32\bcryptPrimitives.dll
0x00007fff302b0000 - 0x00007fff302eb000 	C:\Users\koyun\Downloads\University\eclipse\plugins\org.eclipse.justj.openjdk.hotspot.jre.full.win32.x86_64_17.0.4.v20220903-1038\jre\bin\jdwp.dll
0x00007fff4ad00000 - 0x00007fff4ad0e000 	C:\Users\koyun\Downloads\University\eclipse\plugins\org.eclipse.justj.openjdk.hotspot.jre.full.win32.x86_64_17.0.4.v20220903-1038\jre\bin\instrument.dll
0x00007fff55b00000 - 0x00007fff55b25000 	C:\Users\koyun\Downloads\University\eclipse\plugins\org.eclipse.justj.openjdk.hotspot.jre.full.win32.x86_64_17.0.4.v20220903-1038\jre\bin\java.dll
0x00007fff54070000 - 0x00007fff54088000 	C:\Users\koyun\Downloads\University\eclipse\plugins\org.eclipse.justj.openjdk.hotspot.jre.full.win32.x86_64_17.0.4.v20220903-1038\jre\bin\zip.dll
0x00007fff5de00000 - 0x00007fff5e56e000 	C:\Windows\System32\SHELL32.dll
0x00007fff59c80000 - 0x00007fff5a423000 	C:\Windows\SYSTEM32\windows.storage.dll
0x00007fff5d650000 - 0x00007fff5d9a3000 	C:\Windows\System32\combase.dll
0x00007fff5b4d0000 - 0x00007fff5b4fb000 	C:\Windows\SYSTEM32\Wldp.dll
0x00007fff5dae0000 - 0x00007fff5dbad000 	C:\Windows\System32\OLEAUT32.dll
0x00007fff5cf60000 - 0x00007fff5d00d000 	C:\Windows\System32\SHCORE.dll
0x00007fff5d300000 - 0x00007fff5d355000 	C:\Windows\System32\shlwapi.dll
0x00007fff5bb80000 - 0x00007fff5bba5000 	C:\Windows\SYSTEM32\profapi.dll
0x00007fff45160000 - 0x00007fff4516c000 	C:\Users\koyun\Downloads\University\eclipse\plugins\org.eclipse.justj.openjdk.hotspot.jre.full.win32.x86_64_17.0.4.v20220903-1038\jre\bin\dt_socket.dll
0x00007fff5afb0000 - 0x00007fff5afeb000 	C:\Windows\SYSTEM32\IPHLPAPI.DLL
0x00007fff5b2b0000 - 0x00007fff5b31c000 	C:\Windows\system32\mswsock.dll
0x00007fff5aff0000 - 0x00007fff5b0ba000 	C:\Windows\SYSTEM32\DNSAPI.dll
0x00007fff5c930000 - 0x00007fff5c938000 	C:\Windows\System32\NSI.dll
0x00007fff53870000 - 0x00007fff5387a000 	C:\Windows\System32\rasadhlp.dll
0x00007fff528f0000 - 0x00007fff52970000 	C:\Windows\System32\fwpuclnt.dll
0x00007fff54040000 - 0x00007fff54059000 	C:\Users\koyun\Downloads\University\eclipse\plugins\org.eclipse.justj.openjdk.hotspot.jre.full.win32.x86_64_17.0.4.v20220903-1038\jre\bin\net.dll
0x00007fff558c0000 - 0x00007fff559ca000 	C:\Windows\SYSTEM32\WINHTTP.dll
0x00007fff4de20000 - 0x00007fff4de35000 	C:\Users\koyun\Downloads\University\eclipse\plugins\org.eclipse.justj.openjdk.hotspot.jre.full.win32.x86_64_17.0.4.v20220903-1038\jre\bin\nio.dll
0x00007fff54030000 - 0x00007fff54040000 	C:\Users\koyun\Downloads\University\eclipse\plugins\org.eclipse.justj.openjdk.hotspot.jre.full.win32.x86_64_17.0.4.v20220903-1038\jre\bin\verify.dll
0x00007ffec6e70000 - 0x00007ffec6ffe000 	C:\Users\koyun\Downloads\University\eclipse\plugins\org.eclipse.justj.openjdk.hotspot.jre.full.win32.x86_64_17.0.4.v20220903-1038\jre\bin\awt.dll
0x00007fff58870000 - 0x00007fff58904000 	C:\Windows\SYSTEM32\apphelp.dll
0x00007fff596b0000 - 0x00007fff596df000 	C:\Windows\system32\DWMAPI.DLL
0x00007fff592d0000 - 0x00007fff5936e000 	C:\Windows\system32\uxtheme.dll
0x00007ffedb0b0000 - 0x00007ffedb1d8000 	C:\Windows\system32\opengl32.dll
0x00007ffedb060000 - 0x00007ffedb08c000 	C:\Windows\SYSTEM32\GLU32.dll
0x00007fff5ce40000 - 0x00007fff5cf55000 	C:\Windows\System32\MSCTF.dll
0x00007fff5c6d0000 - 0x00007fff5c7fb000 	C:\Windows\System32\ole32.dll
0x00007fff2f520000 - 0x00007fff2f6f1000 	C:\Windows\system32\d3d9.dll
0x00007fff4dfb0000 - 0x00007fff4e072000 	C:\Windows\System32\DriverStore\FileRepository\nvmdi.inf_amd64_5a20cb50c0e752a4\nvldumdx.dll
0x00007fff5b810000 - 0x00007fff5b822000 	C:\Windows\SYSTEM32\msasn1.dll
0x00007fff54380000 - 0x00007fff543b1000 	C:\Windows\SYSTEM32\cryptnet.dll
0x00007fff5bfe0000 - 0x00007fff5c13d000 	C:\Windows\System32\CRYPT32.dll
0x00007fff5b440000 - 0x00007fff5b44c000 	C:\Windows\SYSTEM32\cryptbase.dll
0x00007fff54160000 - 0x00007fff542a7000 	C:\Windows\SYSTEM32\drvstore.dll
0x00007fff5ba00000 - 0x00007fff5ba33000 	C:\Windows\SYSTEM32\devobj.dll
0x00007fff5c470000 - 0x00007fff5c4be000 	C:\Windows\System32\cfgmgr32.dll
0x00007fff5bed0000 - 0x00007fff5bf43000 	C:\Windows\System32\wintrust.dll
0x00007fff5c5e0000 - 0x00007fff5c5fd000 	C:\Windows\System32\imagehlp.dll
0x00007fff5b570000 - 0x00007fff5b588000 	C:\Windows\SYSTEM32\CRYPTSP.dll
0x00007fff5abf0000 - 0x00007fff5ac28000 	C:\Windows\system32\rsaenh.dll
0x00007fff45eb0000 - 0x00007fff4964a000 	C:\Windows\System32\DriverStore\FileRepository\nvmdi.inf_amd64_5a20cb50c0e752a4\nvgpucomp64.dll
0x00007fff4de40000 - 0x00007fff4df17000 	C:\Windows\System32\DriverStore\FileRepository\nvmdi.inf_amd64_5a20cb50c0e752a4\NvMemMapStoragex.dll
0x00007fff5b600000 - 0x00007fff5b64b000 	C:\Windows\SYSTEM32\POWRPROF.dll
0x00007fff5b5c0000 - 0x00007fff5b5d2000 	C:\Windows\SYSTEM32\UMPDC.dll
0x00007fff0bb30000 - 0x00007fff0dbf7000 	C:\Windows\System32\DriverStore\FileRepository\nvmdi.inf_amd64_5a20cb50c0e752a4\nvd3dumx.dll
0x00007fff18be0000 - 0x00007fff18ee4000 	C:\Windows\system32\nvspcap64.dll
0x00007fff5ae40000 - 0x00007fff5ae73000 	C:\Windows\SYSTEM32\ntmarta.dll
0x00007fff5a450000 - 0x00007fff5a473000 	C:\Windows\SYSTEM32\gpapi.dll

dbghelp: loaded successfully - version: 4.0.5 - missing functions: none
symbol engine: initialized successfully - sym options: 0x614 - pdb path: .;C:\Users\koyun\Downloads\University\eclipse\plugins\org.eclipse.justj.openjdk.hotspot.jre.full.win32.x86_64_17.0.4.v20220903-1038\jre\bin;C:\Windows\SYSTEM32;C:\Windows\WinSxS\amd64_microsoft.windows.common-controls_6595b64144ccf1df_6.0.19041.5794_none_60bcd33171f2783c;C:\Users\koyun\Downloads\University\eclipse\plugins\org.eclipse.justj.openjdk.hotspot.jre.full.win32.x86_64_17.0.4.v20220903-1038\jre\bin\server;C:\Windows\System32\DriverStore\FileRepository\nvmdi.inf_amd64_5a20cb50c0e752a4

VM Arguments:
jvm_args: -XX:+ShowCodeDetailsInExceptionMessages -agentlib:jdwp=transport=dt_socket,suspend=y,address=localhost:54755 -javaagent:C:\Users\koyun\Downloads\University\eclipse\configuration\org.eclipse.osgi\228\0\.cp\lib\javaagent-shaded.jar -Dfile.encoding=UTF-8 
java_command: ProjectMain
java_class_path (initial): C:\Users\koyun\eclipse-workspace\212TermProject\bin;C:\Users\koyun\Downloads\ToPutVideosToJavaCode\slf4j-api-1.7.36.jar;C:\Users\koyun\Downloads\ToPutVideosToJavaCode\slf4j-simple-1.7.36.jar;C:\Users\koyun\Downloads\ToPutVideosToJavaCode\vlcj-natives-4.8.3.jar;C:\Users\koyun\Downloads\ToPutVideosToJavaCode\vlcj-4.8.3.jar;C:\Users\koyun\Downloads\ToPutVideosToJavaCode\jna-5.13.0.jar;C:\Users\koyun\Downloads\ToPutVideosToJavaCode\jna-platform-5.13.0.jar
Launcher Type: SUN_STANDARD

[Global flags]
     intx CICompilerCount                          = 12                                        {product} {ergonomic}
     uint ConcGCThreads                            = 5                                         {product} {ergonomic}
     uint G1ConcRefinementThreads                  = 18                                        {product} {ergonomic}
   size_t G1HeapRegionSize                         = 4194304                                   {product} {ergonomic}
    uintx GCDrainStackTargetSize                   = 64                                        {product} {ergonomic}
   size_t InitialHeapSize                          = 536870912                                 {product} {ergonomic}
   size_t MarkStackSize                            = 4194304                                   {product} {ergonomic}
   size_t MaxHeapSize                              = 8543797248                                {product} {ergonomic}
   size_t MaxNewSize                               = 5125439488                                {product} {ergonomic}
   size_t MinHeapDeltaBytes                        = 4194304                                   {product} {ergonomic}
   size_t MinHeapSize                              = 8388608                                   {product} {ergonomic}
    uintx NonNMethodCodeHeapSize                   = 7602480                                {pd product} {ergonomic}
    uintx NonProfiledCodeHeapSize                  = 122027880                              {pd product} {ergonomic}
    uintx ProfiledCodeHeapSize                     = 122027880                              {pd product} {ergonomic}
    uintx ReservedCodeCacheSize                    = 251658240                              {pd product} {ergonomic}
     bool SegmentedCodeCache                       = true                                      {product} {ergonomic}
     bool ShowCodeDetailsInExceptionMessages       = true                                   {manageable} {command line}
   size_t SoftMaxHeapSize                          = 8543797248                             {manageable} {ergonomic}
     bool UseCompressedClassPointers               = true                           {product lp64_product} {ergonomic}
     bool UseCompressedOops                        = true                           {product lp64_product} {ergonomic}
     bool UseG1GC                                  = true                                      {product} {ergonomic}
     bool UseLargePagesIndividualAllocation        = false                                  {pd product} {ergonomic}

Logging:
Log output configuration:
 #0: stdout all=warning uptime,level,tags
 #1: stderr all=off uptime,level,tags

Environment Variables:
PATH=C:\Users\koyun\Downloads\University\eclipse\plugins\org.eclipse.justj.openjdk.hotspot.jre.full.win32.x86_64_17.0.4.v20220903-1038\jre\bin;C:/Users/koyun/Downloads/University/eclipse//plugins/org.eclipse.justj.openjdk.hotspot.jre.full.win32.x86_64_17.0.4.v20220903-1038/jre/bin/server;C:/Users/koyun/Downloads/University/eclipse//plugins/org.eclipse.justj.openjdk.hotspot.jre.full.win32.x86_64_17.0.4.v20220903-1038/jre/bin;C:\Program Files (x86)\Common Files\Oracle\Java\java8path;C:\Program Files (x86)\Common Files\Oracle\Java\javapath;C:\Windows\system32;C:\Windows;C:\Windows\System32\Wbem;C:\Windows\System32\WindowsPowerShell\v1.0\;C:\Windows\System32\OpenSSH\;C:\ProgramData\chocolatey\bin;C:\Program Files\dotnet\;C:\Program Files\NVIDIA Corporation\NVIDIA app\NvDLISR;C:\Program Files (x86)\NVIDIA Corporation\PhysX\Common;C:\MinGW\bin;C:\Program Files (x86)\Windows Kits\10\Windows Performance Toolkit\;C:\Program Files\Git\cmd;C:\Program Files\PowerShell\7\;C:\Users\koyun\AppData\Local\Microsoft\WindowsApps;C:\Users\koyun\AppData\Local\Programs\Microsoft VS Code\bin;C:\Users\koyun\Downloads\University\eclipse;
USERNAME=koyun
OS=Windows_NT
PROCESSOR_IDENTIFIER=Intel64 Family 6 Model 183 Stepping 1, GenuineIntel
TMP=C:\Users\koyun\AppData\Local\Temp
TEMP=C:\Users\koyun\AppData\Local\Temp



---------------  S Y S T E M  ---------------

OS:
 Windows 10 , 64 bit Build 19041 (10.0.19041.5794)
OS uptime: 0 days 6:39 hours
Hyper-V role detected

CPU: total 24 (initial active 24) (12 cores per cpu, 2 threads per core) family 6 model 183 stepping 1 microcode 0x11d, cx8, cmov, fxsr, ht, mmx, 3dnowpref, sse, sse2, sse3, ssse3, sse4.1, sse4.2, popcnt, lzcnt, tsc, tscinvbit, avx, avx2, aes, erms, clmul, bmi1, bmi2, adx, sha, fma, vzeroupper, clflush, clflushopt, clwb, hv

Memory: 4k page, system-wide physical 32581M (16362M free)
TotalPageFile size 40773M (AvailPageFile size 5M)
current process WorkingSet (physical memory assigned to process): 80M, peak: 84M
current process commit charge ("private bytes"): 662M, peak: 709M

vm_info: OpenJDK 64-Bit Server VM (17.0.4.1+1) for windows-amd64 JRE (17.0.4.1+1), built on Aug 17 2022 07:42:43 by "temurin" with MS VC++ 16.7 (VS2019)

END.
