#
# There is insufficient memory for the Java Runtime Environment to continue.
# Native memory allocation (mmap) failed to map 536870912 bytes for G1 virtual space
# Possible reasons:
#   The system is out of physical RAM or swap space
#   The process is running with CompressedOops enabled, and the Java Heap may be blocking the growth of the native heap
# Possible solutions:
#   Reduce memory load on the system
#   Increase physical memory or swap space
#   Check if swap backing store is full
#   Decrease Java heap size (-Xmx/-Xms)
#   Decrease number of Java threads
#   Decrease Java thread stack sizes (-Xss)
#   Set larger code cache with -XX:ReservedCodeCacheSize=
#   JVM is running with Zero Based Compressed Oops mode in which the Java heap is
#     placed in the first 32GB address space. The Java Heap base address is the
#     maximum limit for the native heap growth. Please use -XX:HeapBaseMinAddress
#     to set the Java Heap base and to place the Java Heap above 32GB virtual address.
# This output file may be truncated or incomplete.
#
#  Out of Memory Error (os_windows.cpp:3541), pid=67356, tid=67444
#
# JRE version:  (17.0.4.1+1) (build )
# Java VM: OpenJDK 64-Bit Server VM (17.0.4.1+1, mixed mode, sharing, tiered, compressed oops, compressed class ptrs, g1 gc, windows-amd64)
# No core dump will be written. Minidumps are not enabled by default on client versions of Windows
#

---------------  S U M M A R Y ------------

Command Line: -XX:+ShowCodeDetailsInExceptionMessages -agentlib:jdwp=transport=dt_socket,suspend=y,address=localhost:51484 -javaagent:C:\Users\koyun\Downloads\University\eclipse\configuration\org.eclipse.osgi\228\0\.cp\lib\javaagent-shaded.jar -Dfile.encoding=UTF-8 ProjectMain

Host: 13th Gen Intel(R) Core(TM) i7-13700F, 24 cores, 31G,  Windows 10 , 64 bit Build 19041 (10.0.19041.5794)
Time: Tue Jun  3 16:39:30 2025 Turkey Standard Time elapsed time: 0.006059 seconds (0d 0h 0m 0s)

---------------  T H R E A D  ---------------

Current thread (0x00000160a48e9170):  JavaThread "Unknown thread" [_thread_in_vm, id=67444, stack(0x0000003baeb00000,0x0000003baec00000)]

Stack: [0x0000003baeb00000,0x0000003baec00000]
Native frames: (J=compiled Java code, j=interpreted, Vv=VM code, C=native code)
V  [jvm.dll+0x67731a]
V  [jvm.dll+0x832284]
V  [jvm.dll+0x833a2e]
V  [jvm.dll+0x834093]
V  [jvm.dll+0x245775]
V  [jvm.dll+0x674209]
V  [jvm.dll+0x668a92]
V  [jvm.dll+0x30471b]
V  [jvm.dll+0x30bc66]
V  [jvm.dll+0x35ba9e]
V  [jvm.dll+0x35bccf]
V  [jvm.dll+0x2db5b8]
V  [jvm.dll+0x2dc524]
V  [jvm.dll+0x803db1]
V  [jvm.dll+0x3698f1]
V  [jvm.dll+0x7e31bc]
V  [jvm.dll+0x3ec25f]
V  [jvm.dll+0x3edde1]
C  [jli.dll+0x5277]
C  [ucrtbase.dll+0x21bb2]
C  [KERNEL32.DLL+0x17374]
C  [ntdll.dll+0x4cc91]


---------------  P R O C E S S  ---------------

Threads class SMR info:
_java_thread_list=0x00007fff191c4e98, length=0, elements={
}

Java Threads: ( => current thread )

Other Threads:
  0x00000160a4999360 GCTaskThread "GC Thread#0" [stack: 0x0000003baec00000,0x0000003baed00000] [id=67448]
  0x00000160a4905fa0 ConcurrentGCThread "G1 Main Marker" [stack: 0x0000003baed00000,0x0000003baee00000] [id=67404]
  0x00000160a49ac020 ConcurrentGCThread "G1 Conc#0" [stack: 0x0000003baee00000,0x0000003baef00000] [id=67460]

[error occurred during error reporting (printing all threads), id 0xc0000005, EXCEPTION_ACCESS_VIOLATION (0xc0000005) at pc=0x00007fff1899c047]

VM state: not at safepoint (not fully initialized)

VM Mutex/Monitor currently owned by a thread:  ([mutex/lock_event])
[0x00000160a48e3760] Heap_lock - owner thread: 0x00000160a48e9170

Heap address: 0x0000000602c00000, size: 8148 MB, Compressed Oops mode: Zero based, Oop shift amount: 3

CDS archive(s) mapped at: [0x0000000000000000-0x0000000000000000-0x0000000000000000), size 0, SharedBaseAddress: 0x0000000800000000, ArchiveRelocationMode: 0.
Narrow klass base: 0x0000000000000000, Narrow klass shift: 0, Narrow klass range: 0x0

GC Precious Log:
<Empty>

Heap:
 garbage-first heap   total 0K, used 0K [0x0000000602c00000, 0x0000000800000000)
  region size 4096K, 0 young (0K), 0 survivors (0K)

[error occurred during error reporting (printing heap information), id 0xc0000005, EXCEPTION_ACCESS_VIOLATION (0xc0000005) at pc=0x00007fff18d80699]

GC Heap History (0 events):
No events

Deoptimization events (0 events):
No events

Classes unloaded (0 events):
No events

Classes redefined (0 events):
No events

Internal exceptions (0 events):
No events

VM Operations (0 events):
No events

Events (1 events):
Event: 0.004 Loaded shared library C:\Users\koyun\Downloads\University\eclipse\plugins\org.eclipse.justj.openjdk.hotspot.jre.full.win32.x86_64_17.0.4.v20220903-1038\jre\bin\java.dll


Dynamic libraries:
0x00007ff641980000 - 0x00007ff64198e000 	C:\Users\koyun\Downloads\University\eclipse\plugins\org.eclipse.justj.openjdk.hotspot.jre.full.win32.x86_64_17.0.4.v20220903-1038\jre\bin\javaw.exe
0x00007fffbb990000 - 0x00007fffbbb88000 	C:\Windows\SYSTEM32\ntdll.dll
0x00007fffbb320000 - 0x00007fffbb3e2000 	C:\Windows\System32\KERNEL32.DLL
0x00007fffb92c0000 - 0x00007fffb95b6000 	C:\Windows\System32\KERNELBASE.dll
0x00007fffb98c0000 - 0x00007fffb99c0000 	C:\Windows\System32\ucrtbase.dll
0x00007fff85010000 - 0x00007fff85028000 	C:\Users\koyun\Downloads\University\eclipse\plugins\org.eclipse.justj.openjdk.hotspot.jre.full.win32.x86_64_17.0.4.v20220903-1038\jre\bin\jli.dll
0x00007fff85030000 - 0x00007fff85049000 	C:\Users\koyun\Downloads\University\eclipse\plugins\org.eclipse.justj.openjdk.hotspot.jre.full.win32.x86_64_17.0.4.v20220903-1038\jre\bin\VCRUNTIME140.dll
0x00007fffb99c0000 - 0x00007fffb9b5d000 	C:\Windows\System32\USER32.dll
0x00007fffb9890000 - 0x00007fffb98b2000 	C:\Windows\System32\win32u.dll
0x00007fffa7950000 - 0x00007fffa7bea000 	C:\Windows\WinSxS\amd64_microsoft.windows.common-controls_6595b64144ccf1df_6.0.19041.5794_none_60bcd33171f2783c\COMCTL32.dll
0x00007fffbb2f0000 - 0x00007fffbb31b000 	C:\Windows\System32\GDI32.dll
0x00007fffba5e0000 - 0x00007fffba67e000 	C:\Windows\System32\msvcrt.dll
0x00007fffb9660000 - 0x00007fffb977a000 	C:\Windows\System32\gdi32full.dll
0x00007fffb95c0000 - 0x00007fffb965d000 	C:\Windows\System32\msvcp_win.dll
0x00007fffbaee0000 - 0x00007fffbaf0f000 	C:\Windows\System32\IMM32.DLL
0x00007fffb0f50000 - 0x00007fffb0f5c000 	C:\Users\koyun\Downloads\University\eclipse\plugins\org.eclipse.justj.openjdk.hotspot.jre.full.win32.x86_64_17.0.4.v20220903-1038\jre\bin\vcruntime140_1.dll
0x00007fff75bc0000 - 0x00007fff75c51000 	C:\Users\koyun\Downloads\University\eclipse\plugins\org.eclipse.justj.openjdk.hotspot.jre.full.win32.x86_64_17.0.4.v20220903-1038\jre\bin\msvcp140.dll
0x00007fff186b0000 - 0x00007fff192f6000 	C:\Users\koyun\Downloads\University\eclipse\plugins\org.eclipse.justj.openjdk.hotspot.jre.full.win32.x86_64_17.0.4.v20220903-1038\jre\bin\server\jvm.dll
0x00007fffb9c00000 - 0x00007fffb9caf000 	C:\Windows\System32\ADVAPI32.dll
0x00007fffb9b60000 - 0x00007fffb9bff000 	C:\Windows\System32\sechost.dll
0x00007fffbb630000 - 0x00007fffbb753000 	C:\Windows\System32\RPCRT4.dll
0x00007fffb9290000 - 0x00007fffb92b7000 	C:\Windows\System32\bcrypt.dll
0x00007fffbaf80000 - 0x00007fffbaf88000 	C:\Windows\System32\PSAPI.DLL
0x00007fffa3c20000 - 0x00007fffa3c29000 	C:\Windows\SYSTEM32\WSOCK32.dll
0x00007fffb2020000 - 0x00007fffb202a000 	C:\Windows\SYSTEM32\VERSION.dll
0x00007fffae920000 - 0x00007fffae947000 	C:\Windows\SYSTEM32\WINMM.dll
0x00007fffbb8e0000 - 0x00007fffbb94b000 	C:\Windows\System32\WS2_32.dll
0x00007fffb7830000 - 0x00007fffb7842000 	C:\Windows\SYSTEM32\kernel.appcore.dll
0x00007fff98520000 - 0x00007fff9852a000 	C:\Users\koyun\Downloads\University\eclipse\plugins\org.eclipse.justj.openjdk.hotspot.jre.full.win32.x86_64_17.0.4.v20220903-1038\jre\bin\jimage.dll
0x00007fffb7600000 - 0x00007fffb7801000 	C:\Windows\SYSTEM32\DBGHELP.DLL
0x00007fffb1340000 - 0x00007fffb1374000 	C:\Windows\SYSTEM32\dbgcore.DLL
0x00007fffb9780000 - 0x00007fffb9802000 	C:\Windows\System32\bcryptPrimitives.dll
0x00007fff76280000 - 0x00007fff762bb000 	C:\Users\koyun\Downloads\University\eclipse\plugins\org.eclipse.justj.openjdk.hotspot.jre.full.win32.x86_64_17.0.4.v20220903-1038\jre\bin\jdwp.dll
0x00007fff854b0000 - 0x00007fff854be000 	C:\Users\koyun\Downloads\University\eclipse\plugins\org.eclipse.justj.openjdk.hotspot.jre.full.win32.x86_64_17.0.4.v20220903-1038\jre\bin\instrument.dll
0x00007fff87500000 - 0x00007fff87525000 	C:\Users\koyun\Downloads\University\eclipse\plugins\org.eclipse.justj.openjdk.hotspot.jre.full.win32.x86_64_17.0.4.v20220903-1038\jre\bin\java.dll

dbghelp: loaded successfully - version: 4.0.5 - missing functions: none
symbol engine: initialized successfully - sym options: 0x614 - pdb path: .;C:\Users\koyun\Downloads\University\eclipse\plugins\org.eclipse.justj.openjdk.hotspot.jre.full.win32.x86_64_17.0.4.v20220903-1038\jre\bin;C:\Windows\SYSTEM32;C:\Windows\WinSxS\amd64_microsoft.windows.common-controls_6595b64144ccf1df_6.0.19041.5794_none_60bcd33171f2783c;C:\Users\koyun\Downloads\University\eclipse\plugins\org.eclipse.justj.openjdk.hotspot.jre.full.win32.x86_64_17.0.4.v20220903-1038\jre\bin\server

VM Arguments:
jvm_args: -XX:+ShowCodeDetailsInExceptionMessages -agentlib:jdwp=transport=dt_socket,suspend=y,address=localhost:51484 -javaagent:C:\Users\koyun\Downloads\University\eclipse\configuration\org.eclipse.osgi\228\0\.cp\lib\javaagent-shaded.jar -Dfile.encoding=UTF-8 
java_command: ProjectMain
java_class_path (initial): C:\Users\koyun\eclipse-workspace\212TermProject\bin;C:\Users\koyun\Downloads\ToPutVideosToJavaCode\slf4j-api-1.7.36.jar;C:\Users\koyun\Downloads\ToPutVideosToJavaCode\slf4j-simple-1.7.36.jar;C:\Users\koyun\Downloads\ToPutVideosToJavaCode\vlcj-natives-4.8.3.jar;C:\Users\koyun\Downloads\ToPutVideosToJavaCode\vlcj-4.8.3.jar;C:\Users\koyun\Downloads\ToPutVideosToJavaCode\jna-5.13.0.jar;C:\Users\koyun\Downloads\ToPutVideosToJavaCode\jna-platform-5.13.0.jar
Launcher Type: SUN_STANDARD

[Global flags]
     intx CICompilerCount                          = 12                                        {product} {ergonomic}
     uint ConcGCThreads                            = 5                                         {product} {ergonomic}
     uint G1ConcRefinementThreads                  = 18                                        {product} {ergonomic}
   size_t G1HeapRegionSize                         = 4194304                                   {product} {ergonomic}
    uintx GCDrainStackTargetSize                   = 64                                        {product} {ergonomic}
   size_t InitialHeapSize                          = 536870912                                 {product} {ergonomic}
   size_t MarkStackSize                            = 4194304                                   {product} {ergonomic}
   size_t MaxHeapSize                              = 8543797248                                {product} {ergonomic}
   size_t MinHeapDeltaBytes                        = 4194304                                   {product} {ergonomic}
   size_t MinHeapSize                              = 8388608                                   {product} {ergonomic}
    uintx NonNMethodCodeHeapSize                   = 7602480                                {pd product} {ergonomic}
    uintx NonProfiledCodeHeapSize                  = 122027880                              {pd product} {ergonomic}
    uintx ProfiledCodeHeapSize                     = 122027880                              {pd product} {ergonomic}
    uintx ReservedCodeCacheSize                    = 251658240                              {pd product} {ergonomic}
     bool SegmentedCodeCache                       = true                                      {product} {ergonomic}
     bool ShowCodeDetailsInExceptionMessages       = true                                   {manageable} {command line}
   size_t SoftMaxHeapSize                          = 8543797248                             {manageable} {ergonomic}
     bool UseCompressedClassPointers               = true                           {product lp64_product} {ergonomic}
     bool UseCompressedOops                        = true                           {product lp64_product} {ergonomic}
     bool UseG1GC                                  = true                                      {product} {ergonomic}
     bool UseLargePagesIndividualAllocation        = false                                  {pd product} {ergonomic}

Logging:
Log output configuration:
 #0: stdout all=warning uptime,level,tags
 #1: stderr all=off uptime,level,tags

Environment Variables:
PATH=C:\Users\koyun\Downloads\University\eclipse\plugins\org.eclipse.justj.openjdk.hotspot.jre.full.win32.x86_64_17.0.4.v20220903-1038\jre\bin;C:/Users/koyun/Downloads/University/eclipse//plugins/org.eclipse.justj.openjdk.hotspot.jre.full.win32.x86_64_17.0.4.v20220903-1038/jre/bin/server;C:/Users/koyun/Downloads/University/eclipse//plugins/org.eclipse.justj.openjdk.hotspot.jre.full.win32.x86_64_17.0.4.v20220903-1038/jre/bin;C:\Program Files (x86)\Common Files\Oracle\Java\java8path;C:\Program Files (x86)\Common Files\Oracle\Java\javapath;C:\Windows\system32;C:\Windows;C:\Windows\System32\Wbem;C:\Windows\System32\WindowsPowerShell\v1.0\;C:\Windows\System32\OpenSSH\;C:\ProgramData\chocolatey\bin;C:\Program Files\dotnet\;C:\Program Files\NVIDIA Corporation\NVIDIA app\NvDLISR;C:\Program Files (x86)\NVIDIA Corporation\PhysX\Common;C:\MinGW\bin;C:\Program Files (x86)\Windows Kits\10\Windows Performance Toolkit\;C:\Program Files\Git\cmd;C:\Program Files\PowerShell\7\;C:\Users\koyun\AppData\Local\Microsoft\WindowsApps;C:\Users\koyun\AppData\Local\Programs\Microsoft VS Code\bin;C:\Users\koyun\Downloads\University\eclipse;
USERNAME=koyun
OS=Windows_NT
PROCESSOR_IDENTIFIER=Intel64 Family 6 Model 183 Stepping 1, GenuineIntel
TMP=C:\Users\koyun\AppData\Local\Temp
TEMP=C:\Users\koyun\AppData\Local\Temp



---------------  S Y S T E M  ---------------

OS:
 Windows 10 , 64 bit Build 19041 (10.0.19041.5794)
OS uptime: 1 days 4:06 hours
Hyper-V role detected

CPU: total 24 (initial active 24) (12 cores per cpu, 2 threads per core) family 6 model 183 stepping 1 microcode 0x11d, cx8, cmov, fxsr, ht, mmx, 3dnowpref, sse, sse2, sse3, ssse3, sse4.1, sse4.2, popcnt, lzcnt, tsc, tscinvbit, avx, avx2, aes, erms, clmul, bmi1, bmi2, adx, sha, fma, vzeroupper, clflush, clflushopt, clwb, hv

Memory: 4k page, system-wide physical 32581M (5221M free)
TotalPageFile size 130885M (AvailPageFile size 266M)
current process WorkingSet (physical memory assigned to process): 11M, peak: 11M
current process commit charge ("private bytes"): 81M, peak: 593M

vm_info: OpenJDK 64-Bit Server VM (17.0.4.1+1) for windows-amd64 JRE (17.0.4.1+1), built on Aug 17 2022 07:42:43 by "temurin" with MS VC++ 16.7 (VS2019)

END.
