#
# There is insufficient memory for the Java Runtime Environment to continue.
# Native memory allocation (mmap) failed to map 65536 bytes for Failed to commit metaspace.
# Possible reasons:
#   The system is out of physical RAM or swap space
#   The process is running with CompressedOops enabled, and the Java Heap may be blocking the growth of the native heap
# Possible solutions:
#   Reduce memory load on the system
#   Increase physical memory or swap space
#   Check if swap backing store is full
#   Decrease Java heap size (-Xmx/-Xms)
#   Decrease number of Java threads
#   Decrease Java thread stack sizes (-Xss)
#   Set larger code cache with -XX:ReservedCodeCacheSize=
#   JVM is running with Zero Based Compressed Oops mode in which the Java heap is
#     placed in the first 32GB address space. The Java Heap base address is the
#     maximum limit for the native heap growth. Please use -XX:HeapBaseMinAddress
#     to set the Java Heap base and to place the Java Heap above 32GB virtual address.
# This output file may be truncated or incomplete.
#
#  Out of Memory Error (virtualSpaceNode.cpp:110), pid=25664, tid=4168
#
# JRE version: OpenJDK Runtime Environment Temurin-17.0.4.1+1 (17.0.4.1+1) (build 17.0.4.1+1)
# Java VM: OpenJDK 64-Bit Server VM Temurin-17.0.4.1+1 (17.0.4.1+1, mixed mode, tiered, compressed oops, compressed class ptrs, g1 gc, windows-amd64)
# No core dump will be written. Minidumps are not enabled by default on client versions of Windows
#

---------------  S U M M A R Y ------------

Command Line: -XX:+ShowCodeDetailsInExceptionMessages -agentlib:jdwp=transport=dt_socket,suspend=y,address=localhost:51668 -javaagent:C:\Users\koyun\Downloads\University\eclipse\configuration\org.eclipse.osgi\228\0\.cp\lib\javaagent-shaded.jar -Dfile.encoding=UTF-8 ProjectMain

Host: 13th Gen Intel(R) Core(TM) i7-13700F, 24 cores, 31G,  Windows 10 , 64 bit Build 19041 (10.0.19041.5794)
Time: Wed Jun  4 11:04:40 2025 Turkey Standard Time elapsed time: 0.403612 seconds (0d 0h 0m 0s)

---------------  T H R E A D  ---------------

Current thread (0x000002bd90ee1f10):  JavaThread "main" [_thread_in_vm, id=4168, stack(0x000000c0d1e00000,0x000000c0d1f00000)]

Stack: [0x000000c0d1e00000,0x000000c0d1f00000]
Native frames: (J=compiled Java code, j=interpreted, Vv=VM code, C=native code)
V  [jvm.dll+0x67731a]
V  [jvm.dll+0x832284]
V  [jvm.dll+0x833a2e]
V  [jvm.dll+0x834093]
V  [jvm.dll+0x245775]
V  [jvm.dll+0x82e22b]
V  [jvm.dll+0x61bdf6]
V  [jvm.dll+0x61be5a]
V  [jvm.dll+0x61e67a]
V  [jvm.dll+0x61c796]
V  [jvm.dll+0x23b260]
V  [jvm.dll+0x1eafbd]
V  [jvm.dll+0x1e09f1]
V  [jvm.dll+0x53c910]
V  [jvm.dll+0x1f11e7]
V  [jvm.dll+0x7ac56b]
V  [jvm.dll+0x7ad912]
V  [jvm.dll+0x7ae0a9]
V  [jvm.dll+0x1eb804]
V  [jvm.dll+0x1e0a0a]
V  [jvm.dll+0x53c910]
V  [jvm.dll+0x1f11e7]
V  [jvm.dll+0x7ac56b]
V  [jvm.dll+0x7ad912]
V  [jvm.dll+0x7adc48]
V  [jvm.dll+0x23db7e]
V  [jvm.dll+0x23ddcf]
V  [jvm.dll+0x559f88]
V  [jvm.dll+0x55ce37]
V  [jvm.dll+0x383307]
V  [jvm.dll+0x38295f]
C  0x000002bd945c6262

Java frames: (J=compiled Java code, j=interpreted, Vv=VM code)
j  javax.swing.plaf.metal.MetalMenuBarUI.installUI(Ljavax/swing/JComponent;)V+6 java.desktop@17.0.4.1
j  javax.swing.JComponent.setUI(Ljavax/swing/plaf/ComponentUI;)V+52 java.desktop@17.0.4.1
j  javax.swing.JMenuBar.setUI(Ljavax/swing/plaf/MenuBarUI;)V+2 java.desktop@17.0.4.1
j  javax.swing.JMenuBar.updateUI()V+26 java.desktop@17.0.4.1
j  javax.swing.JMenuBar.<init>()V+31 java.desktop@17.0.4.1
j  GameScreen.<init>(Ljava/lang/String;)V+9
j  ProjectMain.main([Ljava/lang/String;)V+49
v  ~StubRoutines::call_stub

---------------  P R O C E S S  ---------------

Threads class SMR info:
_java_thread_list=0x000002bdbdf78570, length=21, elements={
0x000002bd90ee1f10, 0x000002bdba8fa740, 0x000002bdba8fba90, 0x000002bdba909af0,
0x000002bdba95f620, 0x000002bdba961fe0, 0x000002bdba962da0, 0x000002bdba96a050,
0x000002bdba96b310, 0x000002bdba96dd20, 0x000002bdba8b12f0, 0x000002bdbaae0ee0,
0x000002bdbaadf800, 0x000002bdbaadfd10, 0x000002bdbb81dca0, 0x000002bdbb81eb40,
0x000002bdbb833440, 0x000002bdbba956a0, 0x000002bdbbe85010, 0x000002bdbbe89f10,
0x000002bdbbe8a3e0
}

Java Threads: ( => current thread )
=>0x000002bd90ee1f10 JavaThread "main" [_thread_in_vm, id=4168, stack(0x000000c0d1e00000,0x000000c0d1f00000)]
  0x000002bdba8fa740 JavaThread "Reference Handler" daemon [_thread_blocked, id=29504, stack(0x000000c0d2500000,0x000000c0d2600000)]
  0x000002bdba8fba90 JavaThread "Finalizer" daemon [_thread_blocked, id=13096, stack(0x000000c0d2600000,0x000000c0d2700000)]
  0x000002bdba909af0 JavaThread "Signal Dispatcher" daemon [_thread_blocked, id=11980, stack(0x000000c0d2700000,0x000000c0d2800000)]
  0x000002bdba95f620 JavaThread "Attach Listener" daemon [_thread_blocked, id=22964, stack(0x000000c0d2800000,0x000000c0d2900000)]
  0x000002bdba961fe0 JavaThread "Service Thread" daemon [_thread_blocked, id=21684, stack(0x000000c0d2900000,0x000000c0d2a00000)]
  0x000002bdba962da0 JavaThread "Monitor Deflation Thread" daemon [_thread_blocked, id=14932, stack(0x000000c0d2a00000,0x000000c0d2b00000)]
  0x000002bdba96a050 JavaThread "C2 CompilerThread0" daemon [_thread_blocked, id=10760, stack(0x000000c0d2b00000,0x000000c0d2c00000)]
  0x000002bdba96b310 JavaThread "C1 CompilerThread0" daemon [_thread_blocked, id=16668, stack(0x000000c0d2c00000,0x000000c0d2d00000)]
  0x000002bdba96dd20 JavaThread "Sweeper thread" daemon [_thread_blocked, id=3340, stack(0x000000c0d2d00000,0x000000c0d2e00000)]
  0x000002bdba8b12f0 JavaThread "Common-Cleaner" daemon [_thread_blocked, id=20392, stack(0x000000c0d2e00000,0x000000c0d2f00000)]
  0x000002bdbaae0ee0 JavaThread "C1 CompilerThread1" daemon [_thread_blocked, id=14120, stack(0x000000c0d2f00000,0x000000c0d3000000)]
  0x000002bdbaadf800 JavaThread "C1 CompilerThread2" daemon [_thread_blocked, id=12852, stack(0x000000c0d3000000,0x000000c0d3100000)]
  0x000002bdbaadfd10 JavaThread "C1 CompilerThread3" daemon [_thread_blocked, id=12632, stack(0x000000c0d3100000,0x000000c0d3200000)]
  0x000002bdbb81dca0 JavaThread "JDWP Transport Listener: dt_socket" daemon [_thread_blocked, id=25256, stack(0x000000c0d3300000,0x000000c0d3400000)]
  0x000002bdbb81eb40 JavaThread "JDWP Event Helper Thread" daemon [_thread_blocked, id=18640, stack(0x000000c0d3400000,0x000000c0d3500000)]
  0x000002bdbb833440 JavaThread "JDWP Command Reader" daemon [_thread_in_native, id=6892, stack(0x000000c0d3500000,0x000000c0d3600000)]
  0x000002bdbba956a0 JavaThread "Notification Thread" daemon [_thread_blocked, id=23300, stack(0x000000c0d3600000,0x000000c0d3700000)]
  0x000002bdbbe85010 JavaThread "Java2D Disposer" daemon [_thread_blocked, id=1888, stack(0x000000c0d3800000,0x000000c0d3900000)]
  0x000002bdbbe89f10 JavaThread "AWT-Shutdown" [_thread_blocked, id=16648, stack(0x000000c0d3900000,0x000000c0d3a00000)]
  0x000002bdbbe8a3e0 JavaThread "AWT-Windows" daemon [_thread_in_native, id=8876, stack(0x000000c0d3a00000,0x000000c0d3b00000)]

Other Threads:
  0x000002bdb971ec70 VMThread "VM Thread" [stack: 0x000000c0d2400000,0x000000c0d2500000] [id=12944]
  0x000002bdb9553930 WatcherThread [stack: 0x000000c0d3700000,0x000000c0d3800000] [id=12316]
  0x000002bd90f92100 GCTaskThread "GC Thread#0" [stack: 0x000000c0d1f00000,0x000000c0d2000000] [id=26648]
  0x000002bd90efe610 ConcurrentGCThread "G1 Main Marker" [stack: 0x000000c0d2000000,0x000000c0d2100000] [id=8780]
  0x000002bd90fa3af0 ConcurrentGCThread "G1 Conc#0" [stack: 0x000000c0d2100000,0x000000c0d2200000] [id=4940]
  0x000002bd90faea20 ConcurrentGCThread "G1 Refine#0" [stack: 0x000000c0d2200000,0x000000c0d2300000] [id=20428]
  0x000002bdb96585c0 ConcurrentGCThread "G1 Service" [stack: 0x000000c0d2300000,0x000000c0d2400000] [id=20204]

Threads with active compile tasks:

VM state: not at safepoint (normal execution)

VM Mutex/Monitor currently owned by a thread:  ([mutex/lock_event])
[0x000002bd90edb360] Metaspace_lock - owner thread: 0x000002bd90ee1f10

Heap address: 0x0000000602c00000, size: 8148 MB, Compressed Oops mode: Zero based, Oop shift amount: 3

CDS archive(s) not mapped
Compressed class space mapped at: 0x0000000800000000-0x0000000840000000, reserved size: 1073741824
Narrow klass base: 0x0000000800000000, Narrow klass shift: 0, Narrow klass range: 0x40000000

GC Precious Log:
 CPUs: 24 total, 24 available
 Memory: 32581M
 Large Page Support: Disabled
 NUMA Support: Disabled
 Compressed Oops: Enabled (Zero based)
 Heap Region Size: 4M
 Heap Min Capacity: 8M
 Heap Initial Capacity: 512M
 Heap Max Capacity: 8148M
 Pre-touch: Disabled
 Parallel Workers: 18
 Concurrent Workers: 5
 Concurrent Refinement Workers: 18
 Periodic GC: Disabled

Heap:
 garbage-first heap   total 524288K, used 12288K [0x0000000602c00000, 0x0000000800000000)
  region size 4096K, 4 young (16384K), 0 survivors (0K)
 Metaspace       used 14459K, committed 14656K, reserved 1064960K
  class space    used 1380K, committed 1472K, reserved 1048576K

Heap Regions: E=young(eden), S=young(survivor), O=old, HS=humongous(starts), HC=humongous(continues), CS=collection set, F=free, OA=open archive, CA=closed archive, TAMS=top-at-mark-start (previous, next)
|   0|0x0000000602c00000, 0x0000000602c00000, 0x0000000603000000|  0%| F|  |TAMS 0x0000000602c00000, 0x0000000602c00000| Untracked 
|   1|0x0000000603000000, 0x0000000603000000, 0x0000000603400000|  0%| F|  |TAMS 0x0000000603000000, 0x0000000603000000| Untracked 
|   2|0x0000000603400000, 0x0000000603400000, 0x0000000603800000|  0%| F|  |TAMS 0x0000000603400000, 0x0000000603400000| Untracked 
|   3|0x0000000603800000, 0x0000000603800000, 0x0000000603c00000|  0%| F|  |TAMS 0x0000000603800000, 0x0000000603800000| Untracked 
|   4|0x0000000603c00000, 0x0000000603c00000, 0x0000000604000000|  0%| F|  |TAMS 0x0000000603c00000, 0x0000000603c00000| Untracked 
|   5|0x0000000604000000, 0x0000000604000000, 0x0000000604400000|  0%| F|  |TAMS 0x0000000604000000, 0x0000000604000000| Untracked 
|   6|0x0000000604400000, 0x0000000604400000, 0x0000000604800000|  0%| F|  |TAMS 0x0000000604400000, 0x0000000604400000| Untracked 
|   7|0x0000000604800000, 0x0000000604800000, 0x0000000604c00000|  0%| F|  |TAMS 0x0000000604800000, 0x0000000604800000| Untracked 
|   8|0x0000000604c00000, 0x0000000604c00000, 0x0000000605000000|  0%| F|  |TAMS 0x0000000604c00000, 0x0000000604c00000| Untracked 
|   9|0x0000000605000000, 0x0000000605000000, 0x0000000605400000|  0%| F|  |TAMS 0x0000000605000000, 0x0000000605000000| Untracked 
|  10|0x0000000605400000, 0x0000000605400000, 0x0000000605800000|  0%| F|  |TAMS 0x0000000605400000, 0x0000000605400000| Untracked 
|  11|0x0000000605800000, 0x0000000605800000, 0x0000000605c00000|  0%| F|  |TAMS 0x0000000605800000, 0x0000000605800000| Untracked 
|  12|0x0000000605c00000, 0x0000000605c00000, 0x0000000606000000|  0%| F|  |TAMS 0x0000000605c00000, 0x0000000605c00000| Untracked 
|  13|0x0000000606000000, 0x0000000606000000, 0x0000000606400000|  0%| F|  |TAMS 0x0000000606000000, 0x0000000606000000| Untracked 
|  14|0x0000000606400000, 0x0000000606400000, 0x0000000606800000|  0%| F|  |TAMS 0x0000000606400000, 0x0000000606400000| Untracked 
|  15|0x0000000606800000, 0x0000000606800000, 0x0000000606c00000|  0%| F|  |TAMS 0x0000000606800000, 0x0000000606800000| Untracked 
|  16|0x0000000606c00000, 0x0000000606c00000, 0x0000000607000000|  0%| F|  |TAMS 0x0000000606c00000, 0x0000000606c00000| Untracked 
|  17|0x0000000607000000, 0x0000000607000000, 0x0000000607400000|  0%| F|  |TAMS 0x0000000607000000, 0x0000000607000000| Untracked 
|  18|0x0000000607400000, 0x0000000607400000, 0x0000000607800000|  0%| F|  |TAMS 0x0000000607400000, 0x0000000607400000| Untracked 
|  19|0x0000000607800000, 0x0000000607800000, 0x0000000607c00000|  0%| F|  |TAMS 0x0000000607800000, 0x0000000607800000| Untracked 
|  20|0x0000000607c00000, 0x0000000607c00000, 0x0000000608000000|  0%| F|  |TAMS 0x0000000607c00000, 0x0000000607c00000| Untracked 
|  21|0x0000000608000000, 0x0000000608000000, 0x0000000608400000|  0%| F|  |TAMS 0x0000000608000000, 0x0000000608000000| Untracked 
|  22|0x0000000608400000, 0x0000000608400000, 0x0000000608800000|  0%| F|  |TAMS 0x0000000608400000, 0x0000000608400000| Untracked 
|  23|0x0000000608800000, 0x0000000608800000, 0x0000000608c00000|  0%| F|  |TAMS 0x0000000608800000, 0x0000000608800000| Untracked 
|  24|0x0000000608c00000, 0x0000000608c00000, 0x0000000609000000|  0%| F|  |TAMS 0x0000000608c00000, 0x0000000608c00000| Untracked 
|  25|0x0000000609000000, 0x0000000609000000, 0x0000000609400000|  0%| F|  |TAMS 0x0000000609000000, 0x0000000609000000| Untracked 
|  26|0x0000000609400000, 0x0000000609400000, 0x0000000609800000|  0%| F|  |TAMS 0x0000000609400000, 0x0000000609400000| Untracked 
|  27|0x0000000609800000, 0x0000000609800000, 0x0000000609c00000|  0%| F|  |TAMS 0x0000000609800000, 0x0000000609800000| Untracked 
|  28|0x0000000609c00000, 0x0000000609c00000, 0x000000060a000000|  0%| F|  |TAMS 0x0000000609c00000, 0x0000000609c00000| Untracked 
|  29|0x000000060a000000, 0x000000060a000000, 0x000000060a400000|  0%| F|  |TAMS 0x000000060a000000, 0x000000060a000000| Untracked 
|  30|0x000000060a400000, 0x000000060a400000, 0x000000060a800000|  0%| F|  |TAMS 0x000000060a400000, 0x000000060a400000| Untracked 
|  31|0x000000060a800000, 0x000000060a800000, 0x000000060ac00000|  0%| F|  |TAMS 0x000000060a800000, 0x000000060a800000| Untracked 
|  32|0x000000060ac00000, 0x000000060ac00000, 0x000000060b000000|  0%| F|  |TAMS 0x000000060ac00000, 0x000000060ac00000| Untracked 
|  33|0x000000060b000000, 0x000000060b000000, 0x000000060b400000|  0%| F|  |TAMS 0x000000060b000000, 0x000000060b000000| Untracked 
|  34|0x000000060b400000, 0x000000060b400000, 0x000000060b800000|  0%| F|  |TAMS 0x000000060b400000, 0x000000060b400000| Untracked 
|  35|0x000000060b800000, 0x000000060b800000, 0x000000060bc00000|  0%| F|  |TAMS 0x000000060b800000, 0x000000060b800000| Untracked 
|  36|0x000000060bc00000, 0x000000060bc00000, 0x000000060c000000|  0%| F|  |TAMS 0x000000060bc00000, 0x000000060bc00000| Untracked 
|  37|0x000000060c000000, 0x000000060c000000, 0x000000060c400000|  0%| F|  |TAMS 0x000000060c000000, 0x000000060c000000| Untracked 
|  38|0x000000060c400000, 0x000000060c400000, 0x000000060c800000|  0%| F|  |TAMS 0x000000060c400000, 0x000000060c400000| Untracked 
|  39|0x000000060c800000, 0x000000060c800000, 0x000000060cc00000|  0%| F|  |TAMS 0x000000060c800000, 0x000000060c800000| Untracked 
|  40|0x000000060cc00000, 0x000000060cc00000, 0x000000060d000000|  0%| F|  |TAMS 0x000000060cc00000, 0x000000060cc00000| Untracked 
|  41|0x000000060d000000, 0x000000060d000000, 0x000000060d400000|  0%| F|  |TAMS 0x000000060d000000, 0x000000060d000000| Untracked 
|  42|0x000000060d400000, 0x000000060d400000, 0x000000060d800000|  0%| F|  |TAMS 0x000000060d400000, 0x000000060d400000| Untracked 
|  43|0x000000060d800000, 0x000000060d800000, 0x000000060dc00000|  0%| F|  |TAMS 0x000000060d800000, 0x000000060d800000| Untracked 
|  44|0x000000060dc00000, 0x000000060dc00000, 0x000000060e000000|  0%| F|  |TAMS 0x000000060dc00000, 0x000000060dc00000| Untracked 
|  45|0x000000060e000000, 0x000000060e000000, 0x000000060e400000|  0%| F|  |TAMS 0x000000060e000000, 0x000000060e000000| Untracked 
|  46|0x000000060e400000, 0x000000060e400000, 0x000000060e800000|  0%| F|  |TAMS 0x000000060e400000, 0x000000060e400000| Untracked 
|  47|0x000000060e800000, 0x000000060e800000, 0x000000060ec00000|  0%| F|  |TAMS 0x000000060e800000, 0x000000060e800000| Untracked 
|  48|0x000000060ec00000, 0x000000060ec00000, 0x000000060f000000|  0%| F|  |TAMS 0x000000060ec00000, 0x000000060ec00000| Untracked 
|  49|0x000000060f000000, 0x000000060f000000, 0x000000060f400000|  0%| F|  |TAMS 0x000000060f000000, 0x000000060f000000| Untracked 
|  50|0x000000060f400000, 0x000000060f400000, 0x000000060f800000|  0%| F|  |TAMS 0x000000060f400000, 0x000000060f400000| Untracked 
|  51|0x000000060f800000, 0x000000060f800000, 0x000000060fc00000|  0%| F|  |TAMS 0x000000060f800000, 0x000000060f800000| Untracked 
|  52|0x000000060fc00000, 0x000000060fc00000, 0x0000000610000000|  0%| F|  |TAMS 0x000000060fc00000, 0x000000060fc00000| Untracked 
|  53|0x0000000610000000, 0x0000000610000000, 0x0000000610400000|  0%| F|  |TAMS 0x0000000610000000, 0x0000000610000000| Untracked 
|  54|0x0000000610400000, 0x0000000610400000, 0x0000000610800000|  0%| F|  |TAMS 0x0000000610400000, 0x0000000610400000| Untracked 
|  55|0x0000000610800000, 0x0000000610800000, 0x0000000610c00000|  0%| F|  |TAMS 0x0000000610800000, 0x0000000610800000| Untracked 
|  56|0x0000000610c00000, 0x0000000610c00000, 0x0000000611000000|  0%| F|  |TAMS 0x0000000610c00000, 0x0000000610c00000| Untracked 
|  57|0x0000000611000000, 0x0000000611000000, 0x0000000611400000|  0%| F|  |TAMS 0x0000000611000000, 0x0000000611000000| Untracked 
|  58|0x0000000611400000, 0x0000000611400000, 0x0000000611800000|  0%| F|  |TAMS 0x0000000611400000, 0x0000000611400000| Untracked 
|  59|0x0000000611800000, 0x0000000611800000, 0x0000000611c00000|  0%| F|  |TAMS 0x0000000611800000, 0x0000000611800000| Untracked 
|  60|0x0000000611c00000, 0x0000000611c00000, 0x0000000612000000|  0%| F|  |TAMS 0x0000000611c00000, 0x0000000611c00000| Untracked 
|  61|0x0000000612000000, 0x0000000612000000, 0x0000000612400000|  0%| F|  |TAMS 0x0000000612000000, 0x0000000612000000| Untracked 
|  62|0x0000000612400000, 0x0000000612400000, 0x0000000612800000|  0%| F|  |TAMS 0x0000000612400000, 0x0000000612400000| Untracked 
|  63|0x0000000612800000, 0x0000000612800000, 0x0000000612c00000|  0%| F|  |TAMS 0x0000000612800000, 0x0000000612800000| Untracked 
|  64|0x0000000612c00000, 0x0000000612c00000, 0x0000000613000000|  0%| F|  |TAMS 0x0000000612c00000, 0x0000000612c00000| Untracked 
|  65|0x0000000613000000, 0x0000000613000000, 0x0000000613400000|  0%| F|  |TAMS 0x0000000613000000, 0x0000000613000000| Untracked 
|  66|0x0000000613400000, 0x0000000613400000, 0x0000000613800000|  0%| F|  |TAMS 0x0000000613400000, 0x0000000613400000| Untracked 
|  67|0x0000000613800000, 0x0000000613800000, 0x0000000613c00000|  0%| F|  |TAMS 0x0000000613800000, 0x0000000613800000| Untracked 
|  68|0x0000000613c00000, 0x0000000613c00000, 0x0000000614000000|  0%| F|  |TAMS 0x0000000613c00000, 0x0000000613c00000| Untracked 
|  69|0x0000000614000000, 0x0000000614000000, 0x0000000614400000|  0%| F|  |TAMS 0x0000000614000000, 0x0000000614000000| Untracked 
|  70|0x0000000614400000, 0x0000000614400000, 0x0000000614800000|  0%| F|  |TAMS 0x0000000614400000, 0x0000000614400000| Untracked 
|  71|0x0000000614800000, 0x0000000614800000, 0x0000000614c00000|  0%| F|  |TAMS 0x0000000614800000, 0x0000000614800000| Untracked 
|  72|0x0000000614c00000, 0x0000000614c00000, 0x0000000615000000|  0%| F|  |TAMS 0x0000000614c00000, 0x0000000614c00000| Untracked 
|  73|0x0000000615000000, 0x0000000615000000, 0x0000000615400000|  0%| F|  |TAMS 0x0000000615000000, 0x0000000615000000| Untracked 
|  74|0x0000000615400000, 0x0000000615400000, 0x0000000615800000|  0%| F|  |TAMS 0x0000000615400000, 0x0000000615400000| Untracked 
|  75|0x0000000615800000, 0x0000000615800000, 0x0000000615c00000|  0%| F|  |TAMS 0x0000000615800000, 0x0000000615800000| Untracked 
|  76|0x0000000615c00000, 0x0000000615c00000, 0x0000000616000000|  0%| F|  |TAMS 0x0000000615c00000, 0x0000000615c00000| Untracked 
|  77|0x0000000616000000, 0x0000000616000000, 0x0000000616400000|  0%| F|  |TAMS 0x0000000616000000, 0x0000000616000000| Untracked 
|  78|0x0000000616400000, 0x0000000616400000, 0x0000000616800000|  0%| F|  |TAMS 0x0000000616400000, 0x0000000616400000| Untracked 
|  79|0x0000000616800000, 0x0000000616800000, 0x0000000616c00000|  0%| F|  |TAMS 0x0000000616800000, 0x0000000616800000| Untracked 
|  80|0x0000000616c00000, 0x0000000616c00000, 0x0000000617000000|  0%| F|  |TAMS 0x0000000616c00000, 0x0000000616c00000| Untracked 
|  81|0x0000000617000000, 0x0000000617000000, 0x0000000617400000|  0%| F|  |TAMS 0x0000000617000000, 0x0000000617000000| Untracked 
|  82|0x0000000617400000, 0x0000000617400000, 0x0000000617800000|  0%| F|  |TAMS 0x0000000617400000, 0x0000000617400000| Untracked 
|  83|0x0000000617800000, 0x0000000617800000, 0x0000000617c00000|  0%| F|  |TAMS 0x0000000617800000, 0x0000000617800000| Untracked 
|  84|0x0000000617c00000, 0x0000000617c00000, 0x0000000618000000|  0%| F|  |TAMS 0x0000000617c00000, 0x0000000617c00000| Untracked 
|  85|0x0000000618000000, 0x0000000618000000, 0x0000000618400000|  0%| F|  |TAMS 0x0000000618000000, 0x0000000618000000| Untracked 
|  86|0x0000000618400000, 0x0000000618400000, 0x0000000618800000|  0%| F|  |TAMS 0x0000000618400000, 0x0000000618400000| Untracked 
|  87|0x0000000618800000, 0x0000000618800000, 0x0000000618c00000|  0%| F|  |TAMS 0x0000000618800000, 0x0000000618800000| Untracked 
|  88|0x0000000618c00000, 0x0000000618c00000, 0x0000000619000000|  0%| F|  |TAMS 0x0000000618c00000, 0x0000000618c00000| Untracked 
|  89|0x0000000619000000, 0x0000000619000000, 0x0000000619400000|  0%| F|  |TAMS 0x0000000619000000, 0x0000000619000000| Untracked 
|  90|0x0000000619400000, 0x0000000619400000, 0x0000000619800000|  0%| F|  |TAMS 0x0000000619400000, 0x0000000619400000| Untracked 
|  91|0x0000000619800000, 0x0000000619800000, 0x0000000619c00000|  0%| F|  |TAMS 0x0000000619800000, 0x0000000619800000| Untracked 
|  92|0x0000000619c00000, 0x0000000619c00000, 0x000000061a000000|  0%| F|  |TAMS 0x0000000619c00000, 0x0000000619c00000| Untracked 
|  93|0x000000061a000000, 0x000000061a000000, 0x000000061a400000|  0%| F|  |TAMS 0x000000061a000000, 0x000000061a000000| Untracked 
|  94|0x000000061a400000, 0x000000061a400000, 0x000000061a800000|  0%| F|  |TAMS 0x000000061a400000, 0x000000061a400000| Untracked 
|  95|0x000000061a800000, 0x000000061a800000, 0x000000061ac00000|  0%| F|  |TAMS 0x000000061a800000, 0x000000061a800000| Untracked 
|  96|0x000000061ac00000, 0x000000061ac00000, 0x000000061b000000|  0%| F|  |TAMS 0x000000061ac00000, 0x000000061ac00000| Untracked 
|  97|0x000000061b000000, 0x000000061b000000, 0x000000061b400000|  0%| F|  |TAMS 0x000000061b000000, 0x000000061b000000| Untracked 
|  98|0x000000061b400000, 0x000000061b400000, 0x000000061b800000|  0%| F|  |TAMS 0x000000061b400000, 0x000000061b400000| Untracked 
|  99|0x000000061b800000, 0x000000061b800000, 0x000000061bc00000|  0%| F|  |TAMS 0x000000061b800000, 0x000000061b800000| Untracked 
| 100|0x000000061bc00000, 0x000000061bc00000, 0x000000061c000000|  0%| F|  |TAMS 0x000000061bc00000, 0x000000061bc00000| Untracked 
| 101|0x000000061c000000, 0x000000061c000000, 0x000000061c400000|  0%| F|  |TAMS 0x000000061c000000, 0x000000061c000000| Untracked 
| 102|0x000000061c400000, 0x000000061c400000, 0x000000061c800000|  0%| F|  |TAMS 0x000000061c400000, 0x000000061c400000| Untracked 
| 103|0x000000061c800000, 0x000000061c800000, 0x000000061cc00000|  0%| F|  |TAMS 0x000000061c800000, 0x000000061c800000| Untracked 
| 104|0x000000061cc00000, 0x000000061cc00000, 0x000000061d000000|  0%| F|  |TAMS 0x000000061cc00000, 0x000000061cc00000| Untracked 
| 105|0x000000061d000000, 0x000000061d000000, 0x000000061d400000|  0%| F|  |TAMS 0x000000061d000000, 0x000000061d000000| Untracked 
| 106|0x000000061d400000, 0x000000061d400000, 0x000000061d800000|  0%| F|  |TAMS 0x000000061d400000, 0x000000061d400000| Untracked 
| 107|0x000000061d800000, 0x000000061d800000, 0x000000061dc00000|  0%| F|  |TAMS 0x000000061d800000, 0x000000061d800000| Untracked 
| 108|0x000000061dc00000, 0x000000061dc00000, 0x000000061e000000|  0%| F|  |TAMS 0x000000061dc00000, 0x000000061dc00000| Untracked 
| 109|0x000000061e000000, 0x000000061e000000, 0x000000061e400000|  0%| F|  |TAMS 0x000000061e000000, 0x000000061e000000| Untracked 
| 110|0x000000061e400000, 0x000000061e400000, 0x000000061e800000|  0%| F|  |TAMS 0x000000061e400000, 0x000000061e400000| Untracked 
| 111|0x000000061e800000, 0x000000061e800000, 0x000000061ec00000|  0%| F|  |TAMS 0x000000061e800000, 0x000000061e800000| Untracked 
| 112|0x000000061ec00000, 0x000000061ec00000, 0x000000061f000000|  0%| F|  |TAMS 0x000000061ec00000, 0x000000061ec00000| Untracked 
| 113|0x000000061f000000, 0x000000061f000000, 0x000000061f400000|  0%| F|  |TAMS 0x000000061f000000, 0x000000061f000000| Untracked 
| 114|0x000000061f400000, 0x000000061f400000, 0x000000061f800000|  0%| F|  |TAMS 0x000000061f400000, 0x000000061f400000| Untracked 
| 115|0x000000061f800000, 0x000000061f800000, 0x000000061fc00000|  0%| F|  |TAMS 0x000000061f800000, 0x000000061f800000| Untracked 
| 116|0x000000061fc00000, 0x000000061fc00000, 0x0000000620000000|  0%| F|  |TAMS 0x000000061fc00000, 0x000000061fc00000| Untracked 
| 117|0x0000000620000000, 0x0000000620000000, 0x0000000620400000|  0%| F|  |TAMS 0x0000000620000000, 0x0000000620000000| Untracked 
| 118|0x0000000620400000, 0x0000000620400000, 0x0000000620800000|  0%| F|  |TAMS 0x0000000620400000, 0x0000000620400000| Untracked 
| 119|0x0000000620800000, 0x0000000620800000, 0x0000000620c00000|  0%| F|  |TAMS 0x0000000620800000, 0x0000000620800000| Untracked 
| 120|0x0000000620c00000, 0x0000000620c00000, 0x0000000621000000|  0%| F|  |TAMS 0x0000000620c00000, 0x0000000620c00000| Untracked 
| 121|0x0000000621000000, 0x0000000621000000, 0x0000000621400000|  0%| F|  |TAMS 0x0000000621000000, 0x0000000621000000| Untracked 
| 122|0x0000000621400000, 0x0000000621400000, 0x0000000621800000|  0%| F|  |TAMS 0x0000000621400000, 0x0000000621400000| Untracked 
| 123|0x0000000621800000, 0x0000000621800000, 0x0000000621c00000|  0%| F|  |TAMS 0x0000000621800000, 0x0000000621800000| Untracked 
| 124|0x0000000621c00000, 0x0000000621e6bf48, 0x0000000622000000| 60%| E|  |TAMS 0x0000000621c00000, 0x0000000621c00000| Complete 
| 125|0x0000000622000000, 0x0000000622400000, 0x0000000622400000|100%| E|CS|TAMS 0x0000000622000000, 0x0000000622000000| Complete 
| 126|0x0000000622400000, 0x0000000622800000, 0x0000000622800000|100%| E|CS|TAMS 0x0000000622400000, 0x0000000622400000| Complete 
| 127|0x0000000622800000, 0x0000000622c00000, 0x0000000622c00000|100%| E|CS|TAMS 0x0000000622800000, 0x0000000622800000| Complete 

Card table byte_map: [0x000002bda5370000,0x000002bda6360000] _byte_map_base: 0x000002bda235a000

Marking Bits (Prev, Next): (CMBitMap*) 0x000002bd90f925b0, (CMBitMap*) 0x000002bd90f925f0
 Prev Bits: [0x000002bda7350000, 0x000002bdaf2a0000)
 Next Bits: [0x000002bdaf2a0000, 0x000002bdb71f0000)

Polling page: 0x000002bd906b0000

Metaspace:

Usage:
  Non-class:     12.77 MB used.
      Class:      1.35 MB used.
       Both:     14.12 MB used.

Virtual space:
  Non-class space:       16.00 MB reserved,      12.88 MB ( 80%) committed,  2 nodes.
      Class space:        1.00 GB reserved,       1.44 MB ( <1%) committed,  1 nodes.
             Both:        1.02 GB reserved,      14.31 MB (  1%) committed. 

Chunk freelists:
   Non-Class:  2.99 MB
       Class:  2.54 MB
        Both:  5.53 MB

MaxMetaspaceSize: unlimited
CompressedClassSpaceSize: 1.00 GB
Initial GC threshold: 21.00 MB
Current GC threshold: 21.00 MB
CDS: off
MetaspaceReclaimPolicy: balanced
 - commit_granule_bytes: 65536.
 - commit_granule_words: 8192.
 - virtual_space_node_default_size: 1048576.
 - enlarge_chunks_in_place: 1.
 - new_chunks_are_fully_committed: 0.
 - uncommit_free_chunks: 1.
 - use_allocation_guard: 0.
 - handle_deallocations: 1.


Internal statistics:

num_allocs_failed_limit: 0.
num_arena_births: 94.
num_arena_deaths: 0.
num_vsnodes_births: 3.
num_vsnodes_deaths: 0.
num_space_committed: 229.
num_space_uncommitted: 0.
num_chunks_returned_to_freelist: 0.
num_chunks_taken_from_freelist: 160.
num_chunk_merges: 0.
num_chunk_splits: 89.
num_chunks_enlarged: 51.
num_purges: 0.
num_inconsistent_stats: 0.

CodeHeap 'non-profiled nmethods': size=119168Kb used=281Kb max_used=281Kb free=118886Kb
 bounds [0x000002bd9c140000, 0x000002bd9c3b0000, 0x000002bda35a0000]
CodeHeap 'profiled nmethods': size=119104Kb used=1383Kb max_used=1383Kb free=117720Kb
 bounds [0x000002bd94cf0000, 0x000002bd94f60000, 0x000002bd9c140000]
CodeHeap 'non-nmethods': size=7488Kb used=2970Kb max_used=2982Kb free=4517Kb
 bounds [0x000002bd945a0000, 0x000002bd94890000, 0x000002bd94cf0000]
 total_blobs=1390 nmethods=868 adapters=432
 compilation: enabled
              stopped_count=0, restarted_count=0
 full_count=0

Compilation events (20 events):
Event: 0.398 Thread 0x000002bdba96a050  853       4       java.nio.DirectByteBuffer::ix (10 bytes)
Event: 0.398 Thread 0x000002bdba96a050 nmethod 853 0x000002bd9c186010 code [0x000002bd9c186180, 0x000002bd9c1861f8]
Event: 0.400 Thread 0x000002bdbaae0ee0  860       1       java.lang.reflect.Field::getName (5 bytes)
Event: 0.400 Thread 0x000002bdbaae0ee0 nmethod 860 0x000002bd9c186310 code [0x000002bd9c1864a0, 0x000002bd9c186578]
Event: 0.401 Thread 0x000002bdba96b310  861       3       sun.util.logging.PlatformLogger::isLoggable (23 bytes)
Event: 0.401 Thread 0x000002bdbaadf800  862       3       jdk.internal.logger.AbstractLoggerWrapper::isLoggable (26 bytes)
Event: 0.401 Thread 0x000002bdbaadfd10  863       3       jdk.internal.logger.LazyLoggers$LazyLoggerWrapper::platformProxy (10 bytes)
Event: 0.401 Thread 0x000002bdbaae0ee0  864   !   3       jdk.internal.logger.LazyLoggers$LazyLoggerAccessor::platform (103 bytes)
Event: 0.401 Thread 0x000002bdbaadfd10 nmethod 863 0x000002bd94e45890 code [0x000002bd94e45a40, 0x000002bd94e45be8]
Event: 0.401 Thread 0x000002bdba96b310 nmethod 861 0x000002bd94e45d10 code [0x000002bd94e45ee0, 0x000002bd94e461d8]
Event: 0.401 Thread 0x000002bdbaadfd10  865       3       jdk.internal.logger.SimpleConsoleLogger::isLoggable (29 bytes)
Event: 0.401 Thread 0x000002bdbaadf800 nmethod 862 0x000002bd94e46310 code [0x000002bd94e46500, 0x000002bd94e46ab8]
Event: 0.401 Thread 0x000002bdba96b310  866       3       jdk.internal.logger.SimpleConsoleLogger::effectiveLevel (17 bytes)
Event: 0.401 Thread 0x000002bdbaadf800  867       3       jdk.internal.logger.SurrogateLogger::defaultPlatformLevel (4 bytes)
Event: 0.401 Thread 0x000002bdbaadf800 nmethod 867 0x000002bd94e46c90 code [0x000002bd94e46e20, 0x000002bd94e46f38]
Event: 0.401 Thread 0x000002bdbaadfd10 nmethod 865 0x000002bd94e47010 code [0x000002bd94e471c0, 0x000002bd94e47528]
Event: 0.401 Thread 0x000002bdba96b310 nmethod 866 0x000002bd94e47690 code [0x000002bd94e47840, 0x000002bd94e47a88]
Event: 0.401 Thread 0x000002bdbaae0ee0 nmethod 864 0x000002bd94e47b10 code [0x000002bd94e47d60, 0x000002bd94e48b08]
Event: 0.401 Thread 0x000002bdbaadf800  868   !   3       sun.awt.AppContext::get (123 bytes)
Event: 0.402 Thread 0x000002bdbaadf800 nmethod 868 0x000002bd94e48e90 code [0x000002bd94e490c0, 0x000002bd94e49bc8]

GC Heap History (0 events):
No events

Deoptimization events (20 events):
Event: 0.204 Thread 0x000002bd90ee1f10 Uncommon trap: trap_request=0xffffff45 fr.pc=0x000002bd9c153d48 relative=0x0000000000000048
Event: 0.204 Thread 0x000002bd90ee1f10 Uncommon trap: reason=unstable_if action=reinterpret pc=0x000002bd9c153d48 method=java.lang.CharacterData.of(I)Ljava/lang/CharacterData; @ 4 c2
Event: 0.204 Thread 0x000002bd90ee1f10 DEOPT PACKING pc=0x000002bd9c153d48 sp=0x000000c0d1efdc10
Event: 0.204 Thread 0x000002bd90ee1f10 DEOPT UNPACKING pc=0x000002bd945f23a3 sp=0x000000c0d1efdbb0 mode 2
Event: 0.396 Thread 0x000002bd90ee1f10 Uncommon trap: trap_request=0xffffffc6 fr.pc=0x000002bd9c17cafc relative=0x000000000000173c
Event: 0.396 Thread 0x000002bd90ee1f10 Uncommon trap: reason=bimorphic_or_optimized_type_check action=maybe_recompile pc=0x000002bd9c17cafc method=java.util.HashMap.putVal(ILjava/lang/Object;Ljava/lang/Object;ZZ)Ljava/lang/Object; @ 56 c2
Event: 0.396 Thread 0x000002bd90ee1f10 DEOPT PACKING pc=0x000002bd9c17cafc sp=0x000000c0d1efeb80
Event: 0.396 Thread 0x000002bd90ee1f10 DEOPT UNPACKING pc=0x000002bd945f23a3 sp=0x000000c0d1efeac0 mode 2
Event: 0.396 Thread 0x000002bd90ee1f10 Uncommon trap: trap_request=0xffffffc6 fr.pc=0x000002bd9c17cafc relative=0x000000000000173c
Event: 0.396 Thread 0x000002bd90ee1f10 Uncommon trap: reason=bimorphic_or_optimized_type_check action=maybe_recompile pc=0x000002bd9c17cafc method=java.util.HashMap.putVal(ILjava/lang/Object;Ljava/lang/Object;ZZ)Ljava/lang/Object; @ 56 c2
Event: 0.396 Thread 0x000002bd90ee1f10 DEOPT PACKING pc=0x000002bd9c17cafc sp=0x000000c0d1efeb80
Event: 0.396 Thread 0x000002bd90ee1f10 DEOPT UNPACKING pc=0x000002bd945f23a3 sp=0x000000c0d1efeac0 mode 2
Event: 0.396 Thread 0x000002bd90ee1f10 Uncommon trap: trap_request=0xffffffc6 fr.pc=0x000002bd9c17cafc relative=0x000000000000173c
Event: 0.396 Thread 0x000002bd90ee1f10 Uncommon trap: reason=bimorphic_or_optimized_type_check action=maybe_recompile pc=0x000002bd9c17cafc method=java.util.HashMap.putVal(ILjava/lang/Object;Ljava/lang/Object;ZZ)Ljava/lang/Object; @ 56 c2
Event: 0.396 Thread 0x000002bd90ee1f10 DEOPT PACKING pc=0x000002bd9c17cafc sp=0x000000c0d1efeb80
Event: 0.396 Thread 0x000002bd90ee1f10 DEOPT UNPACKING pc=0x000002bd945f23a3 sp=0x000000c0d1efeac0 mode 2
Event: 0.396 Thread 0x000002bd90ee1f10 Uncommon trap: trap_request=0xffffffc6 fr.pc=0x000002bd9c17cafc relative=0x000000000000173c
Event: 0.396 Thread 0x000002bd90ee1f10 Uncommon trap: reason=bimorphic_or_optimized_type_check action=maybe_recompile pc=0x000002bd9c17cafc method=java.util.HashMap.putVal(ILjava/lang/Object;Ljava/lang/Object;ZZ)Ljava/lang/Object; @ 56 c2
Event: 0.396 Thread 0x000002bd90ee1f10 DEOPT PACKING pc=0x000002bd9c17cafc sp=0x000000c0d1efeb80
Event: 0.396 Thread 0x000002bd90ee1f10 DEOPT UNPACKING pc=0x000002bd945f23a3 sp=0x000000c0d1efeac0 mode 2

Classes unloaded (0 events):
No events

Classes redefined (0 events):
No events

Internal exceptions (10 events):
Event: 0.218 Thread 0x000002bd90ee1f10 Exception <a 'java/lang/ClassNotFoundException'{0x00000006221d4f18}: sun/awt/resources/spi/awtProvider> (0x00000006221d4f18) 
thrown [s\src\hotspot\share\classfile\systemDictionary.cpp, line 256]
Event: 0.225 Thread 0x000002bd90ee1f10 Exception <a 'java/io/FileNotFoundException'{0x000000062222a288}> (0x000000062222a288) 
thrown [s\src\hotspot\share\prims\jni.cpp, line 516]
Event: 0.229 Thread 0x000002bd90ee1f10 Exception <a 'java/io/FileNotFoundException'{0x0000000622259460}> (0x0000000622259460) 
thrown [s\src\hotspot\share\prims\jni.cpp, line 516]
Event: 0.249 Thread 0x000002bd90ee1f10 Exception <a 'java/lang/NoSuchMethodError'{0x0000000622383db0}: 'java.lang.Object java.lang.invoke.DirectMethodHandle$Holder.invokeStaticInit(java.lang.Object)'> (0x0000000622383db0) 
thrown [s\src\hotspot\share\interpreter\linkResolver.cpp, line 759]
Event: 0.376 Thread 0x000002bd90ee1f10 Exception <a 'java/lang/NoSuchMethodError'{0x0000000621c53c38}: 'void java.lang.invoke.DirectMethodHandle$Holder.invokeSpecial(java.lang.Object, java.lang.Object, java.lang.Object)'> (0x0000000621c53c38) 
thrown [s\src\hotspot\share\interpreter\linkResolver.cpp, line 759]
Event: 0.381 Thread 0x000002bd90ee1f10 Exception <a 'java/lang/NoSuchMethodError'{0x0000000621ca4fa8}: 'java.lang.Object java.lang.invoke.DirectMethodHandle$Holder.newInvokeSpecial(java.lang.Object, java.lang.Object, java.lang.Object, java.lang.Object, java.lang.Object)'> (0x0000000621ca4fa8) 
thrown [s\src\hotspot\share\interpreter\linkResolver.cpp, line 759]
Event: 0.382 Thread 0x000002bd90ee1f10 Exception <a 'java/lang/NoSuchMethodError'{0x0000000621cb0970}: 'java.lang.Object java.lang.invoke.DirectMethodHandle$Holder.invokeStatic(java.lang.Object, int, java.lang.Object, java.lang.Object, java.lang.Object, java.lang.Object)'> (0x0000000621cb0970) 
thrown [s\src\hotspot\share\interpreter\linkResolver.cpp, line 759]
Event: 0.384 Thread 0x000002bd90ee1f10 Exception <a 'java/lang/NoSuchMethodError'{0x0000000621cd6760}: 'java.lang.Object java.lang.invoke.DirectMethodHandle$Holder.invokeStatic(java.lang.Object, int, java.lang.Object)'> (0x0000000621cd6760) 
thrown [s\src\hotspot\share\interpreter\linkResolver.cpp, line 759]
Event: 0.396 Thread 0x000002bd90ee1f10 Exception <a 'java/lang/ClassNotFoundException'{0x0000000621da1818}: com/sun/swing/internal/plaf/metal/resources/spi/metalProvider> (0x0000000621da1818) 
thrown [s\src\hotspot\share\classfile\systemDictionary.cpp, line 256]
Event: 0.396 Thread 0x000002bd90ee1f10 Exception <a 'java/lang/ClassNotFoundException'{0x0000000621da8140}: com/sun/swing/internal/plaf/basic/resources/spi/basicProvider> (0x0000000621da8140) 
thrown [s\src\hotspot\share\classfile\systemDictionary.cpp, line 256]

VM Operations (10 events):
Event: 0.058 Executing VM operation: HandshakeAllThreads
Event: 0.058 Executing VM operation: HandshakeAllThreads done
Event: 0.067 Executing VM operation: ChangeBreakpoints
Event: 0.067 Executing VM operation: ChangeBreakpoints done
Event: 0.096 Executing VM operation: ChangeBreakpoints
Event: 0.096 Executing VM operation: ChangeBreakpoints done
Event: 0.205 Executing VM operation: HandshakeAllThreads
Event: 0.205 Executing VM operation: HandshakeAllThreads done
Event: 0.401 Executing VM operation: HandshakeAllThreads
Event: 0.401 Executing VM operation: HandshakeAllThreads done

Events (20 events):
Event: 0.402 loading class java/awt/event/WindowStateListener done
Event: 0.402 loading class java/awt/event/ItemListener
Event: 0.402 loading class java/awt/event/ItemListener done
Event: 0.402 loading class java/awt/event/AdjustmentListener
Event: 0.402 loading class java/awt/event/AdjustmentListener done
Event: 0.402 loading class java/awt/event/TextListener
Event: 0.402 loading class java/awt/event/TextListener done
Event: 0.402 loading class java/awt/event/InputMethodListener
Event: 0.402 loading class java/awt/event/InputMethodListener done
Event: 0.402 loading class java/awt/event/HierarchyListener
Event: 0.402 loading class java/awt/event/HierarchyListener done
Event: 0.402 loading class java/awt/event/HierarchyBoundsListener
Event: 0.402 loading class java/awt/event/HierarchyBoundsListener done
Event: 0.402 loading class java/awt/event/MouseWheelListener
Event: 0.402 loading class java/awt/event/MouseWheelListener done
Event: 0.402 loading class java/awt/AWTEventMulticaster done
Event: 0.402 loading class javax/swing/KeyboardManager
Event: 0.402 loading class javax/swing/KeyboardManager done
Event: 0.402 loading class javax/swing/plaf/metal/MetalToolBarUI
Event: 0.402 loading class javax/swing/plaf/basic/BasicToolBarUI


Dynamic libraries:
0x00007ff62a8e0000 - 0x00007ff62a8ee000 	C:\Users\koyun\Downloads\University\eclipse\plugins\org.eclipse.justj.openjdk.hotspot.jre.full.win32.x86_64_17.0.4.v20220903-1038\jre\bin\javaw.exe
0x00007fff5e5b0000 - 0x00007fff5e7a8000 	C:\Windows\SYSTEM32\ntdll.dll
0x00007fff5d9b0000 - 0x00007fff5da72000 	C:\Windows\System32\KERNEL32.DLL
0x00007fff5c140000 - 0x00007fff5c436000 	C:\Windows\System32\KERNELBASE.dll
0x00007fff5bdd0000 - 0x00007fff5bed0000 	C:\Windows\System32\ucrtbase.dll
0x00007fff31860000 - 0x00007fff31878000 	C:\Users\koyun\Downloads\University\eclipse\plugins\org.eclipse.justj.openjdk.hotspot.jre.full.win32.x86_64_17.0.4.v20220903-1038\jre\bin\jli.dll
0x00007fff3c9e0000 - 0x00007fff3c9f9000 	C:\Users\koyun\Downloads\University\eclipse\plugins\org.eclipse.justj.openjdk.hotspot.jre.full.win32.x86_64_17.0.4.v20220903-1038\jre\bin\VCRUNTIME140.dll
0x00007fff5d150000 - 0x00007fff5d2ed000 	C:\Windows\System32\USER32.dll
0x00007fff5bc50000 - 0x00007fff5bc72000 	C:\Windows\System32\win32u.dll
0x00007fff49950000 - 0x00007fff49bea000 	C:\Windows\WinSxS\amd64_microsoft.windows.common-controls_6595b64144ccf1df_6.0.19041.5794_none_60bcd33171f2783c\COMCTL32.dll
0x00007fff5c600000 - 0x00007fff5c62b000 	C:\Windows\System32\GDI32.dll
0x00007fff5c4c0000 - 0x00007fff5c5da000 	C:\Windows\System32\gdi32full.dll
0x00007fff5d0b0000 - 0x00007fff5d14e000 	C:\Windows\System32\msvcrt.dll
0x00007fff5bd30000 - 0x00007fff5bdcd000 	C:\Windows\System32\msvcp_win.dll
0x00007fff5c6a0000 - 0x00007fff5c6cf000 	C:\Windows\System32\IMM32.DLL
0x00007fff4dde0000 - 0x00007fff4ddec000 	C:\Users\koyun\Downloads\University\eclipse\plugins\org.eclipse.justj.openjdk.hotspot.jre.full.win32.x86_64_17.0.4.v20220903-1038\jre\bin\vcruntime140_1.dll
0x00007fff1b0a0000 - 0x00007fff1b131000 	C:\Users\koyun\Downloads\University\eclipse\plugins\org.eclipse.justj.openjdk.hotspot.jre.full.win32.x86_64_17.0.4.v20220903-1038\jre\bin\msvcp140.dll
0x00007ffeac2d0000 - 0x00007ffeacf16000 	C:\Users\koyun\Downloads\University\eclipse\plugins\org.eclipse.justj.openjdk.hotspot.jre.full.win32.x86_64_17.0.4.v20220903-1038\jre\bin\server\jvm.dll
0x00007fff5d590000 - 0x00007fff5d63f000 	C:\Windows\System32\ADVAPI32.dll
0x00007fff5d010000 - 0x00007fff5d0af000 	C:\Windows\System32\sechost.dll
0x00007fff5c800000 - 0x00007fff5c923000 	C:\Windows\System32\RPCRT4.dll
0x00007fff5c440000 - 0x00007fff5c467000 	C:\Windows\System32\bcrypt.dll
0x00007fff5d2f0000 - 0x00007fff5d2f8000 	C:\Windows\System32\PSAPI.DLL
0x00007fff568c0000 - 0x00007fff568ca000 	C:\Windows\SYSTEM32\VERSION.dll
0x00007fff4f710000 - 0x00007fff4f737000 	C:\Windows\SYSTEM32\WINMM.dll
0x00007fff57430000 - 0x00007fff57439000 	C:\Windows\SYSTEM32\WSOCK32.dll
0x00007fff5c630000 - 0x00007fff5c69b000 	C:\Windows\System32\WS2_32.dll
0x00007fff5a480000 - 0x00007fff5a492000 	C:\Windows\SYSTEM32\kernel.appcore.dll
0x00007fff55ef0000 - 0x00007fff55efa000 	C:\Users\koyun\Downloads\University\eclipse\plugins\org.eclipse.justj.openjdk.hotspot.jre.full.win32.x86_64_17.0.4.v20220903-1038\jre\bin\jimage.dll
0x00007fff59a60000 - 0x00007fff59c61000 	C:\Windows\SYSTEM32\DBGHELP.DLL
0x00007fff54050000 - 0x00007fff54084000 	C:\Windows\SYSTEM32\dbgcore.DLL
0x00007fff5bf50000 - 0x00007fff5bfd2000 	C:\Windows\System32\bcryptPrimitives.dll
0x00007fff29ae0000 - 0x00007fff29b1b000 	C:\Users\koyun\Downloads\University\eclipse\plugins\org.eclipse.justj.openjdk.hotspot.jre.full.win32.x86_64_17.0.4.v20220903-1038\jre\bin\jdwp.dll
0x00007fff4bc20000 - 0x00007fff4bc2e000 	C:\Users\koyun\Downloads\University\eclipse\plugins\org.eclipse.justj.openjdk.hotspot.jre.full.win32.x86_64_17.0.4.v20220903-1038\jre\bin\instrument.dll
0x00007fff55cb0000 - 0x00007fff55cd5000 	C:\Users\koyun\Downloads\University\eclipse\plugins\org.eclipse.justj.openjdk.hotspot.jre.full.win32.x86_64_17.0.4.v20220903-1038\jre\bin\java.dll
0x00007fff55c90000 - 0x00007fff55ca8000 	C:\Users\koyun\Downloads\University\eclipse\plugins\org.eclipse.justj.openjdk.hotspot.jre.full.win32.x86_64_17.0.4.v20220903-1038\jre\bin\zip.dll
0x00007fff5de00000 - 0x00007fff5e56e000 	C:\Windows\System32\SHELL32.dll
0x00007fff59c80000 - 0x00007fff5a423000 	C:\Windows\SYSTEM32\windows.storage.dll
0x00007fff5d650000 - 0x00007fff5d9a3000 	C:\Windows\System32\combase.dll
0x00007fff5b4d0000 - 0x00007fff5b4fb000 	C:\Windows\SYSTEM32\Wldp.dll
0x00007fff5dae0000 - 0x00007fff5dbad000 	C:\Windows\System32\OLEAUT32.dll
0x00007fff5cf60000 - 0x00007fff5d00d000 	C:\Windows\System32\SHCORE.dll
0x00007fff5d300000 - 0x00007fff5d355000 	C:\Windows\System32\shlwapi.dll
0x00007fff5bb80000 - 0x00007fff5bba5000 	C:\Windows\SYSTEM32\profapi.dll
0x00007fff458f0000 - 0x00007fff458fc000 	C:\Users\koyun\Downloads\University\eclipse\plugins\org.eclipse.justj.openjdk.hotspot.jre.full.win32.x86_64_17.0.4.v20220903-1038\jre\bin\dt_socket.dll
0x00007fff5afb0000 - 0x00007fff5afeb000 	C:\Windows\SYSTEM32\IPHLPAPI.DLL
0x00007fff5b2b0000 - 0x00007fff5b31c000 	C:\Windows\system32\mswsock.dll
0x00007fff5aff0000 - 0x00007fff5b0ba000 	C:\Windows\SYSTEM32\DNSAPI.dll
0x00007fff5c930000 - 0x00007fff5c938000 	C:\Windows\System32\NSI.dll
0x00007fff53870000 - 0x00007fff5387a000 	C:\Windows\System32\rasadhlp.dll
0x00007fff528f0000 - 0x00007fff52970000 	C:\Windows\System32\fwpuclnt.dll
0x00007fff55c70000 - 0x00007fff55c89000 	C:\Users\koyun\Downloads\University\eclipse\plugins\org.eclipse.justj.openjdk.hotspot.jre.full.win32.x86_64_17.0.4.v20220903-1038\jre\bin\net.dll
0x00007fff558c0000 - 0x00007fff559ca000 	C:\Windows\SYSTEM32\WINHTTP.dll
0x00007fff55c50000 - 0x00007fff55c65000 	C:\Users\koyun\Downloads\University\eclipse\plugins\org.eclipse.justj.openjdk.hotspot.jre.full.win32.x86_64_17.0.4.v20220903-1038\jre\bin\nio.dll
0x00007fff55ee0000 - 0x00007fff55ef0000 	C:\Users\koyun\Downloads\University\eclipse\plugins\org.eclipse.justj.openjdk.hotspot.jre.full.win32.x86_64_17.0.4.v20220903-1038\jre\bin\verify.dll
0x00007fff1af10000 - 0x00007fff1b09e000 	C:\Users\koyun\Downloads\University\eclipse\plugins\org.eclipse.justj.openjdk.hotspot.jre.full.win32.x86_64_17.0.4.v20220903-1038\jre\bin\awt.dll
0x00007fff58870000 - 0x00007fff58904000 	C:\Windows\SYSTEM32\apphelp.dll
0x00007fff596b0000 - 0x00007fff596df000 	C:\Windows\system32\DWMAPI.DLL
0x00007fff592d0000 - 0x00007fff5936e000 	C:\Windows\system32\uxtheme.dll
0x00007ffedace0000 - 0x00007ffedae08000 	C:\Windows\system32\opengl32.dll
0x00007ffedacb0000 - 0x00007ffedacdc000 	C:\Windows\SYSTEM32\GLU32.dll
0x0000000180000000 - 0x00000001834b4000 	C:\Program Files (x86)\RivaTuner Statistics Server\RTSSHooks64.dll
0x00007fff5c9d0000 - 0x00007fff5ce40000 	C:\Windows\System32\SETUPAPI.dll
0x00007fff5c470000 - 0x00007fff5c4be000 	C:\Windows\System32\cfgmgr32.dll
0x00007fff5ce40000 - 0x00007fff5cf55000 	C:\Windows\System32\MSCTF.dll
0x00007fff5c6d0000 - 0x00007fff5c7fb000 	C:\Windows\System32\ole32.dll
0x00007fff34900000 - 0x00007fff34ad1000 	C:\Windows\system32\d3d9.dll
0x00007fff4dfb0000 - 0x00007fff4e072000 	C:\Windows\System32\DriverStore\FileRepository\nvmdi.inf_amd64_5a20cb50c0e752a4\nvldumdx.dll
0x00007fff5b810000 - 0x00007fff5b822000 	C:\Windows\SYSTEM32\msasn1.dll
0x00007fff54380000 - 0x00007fff543b1000 	C:\Windows\SYSTEM32\cryptnet.dll
0x00007fff5bfe0000 - 0x00007fff5c13d000 	C:\Windows\System32\CRYPT32.dll
0x00007fff5b440000 - 0x00007fff5b44c000 	C:\Windows\SYSTEM32\cryptbase.dll
0x00007fff54160000 - 0x00007fff542a7000 	C:\Windows\SYSTEM32\drvstore.dll
0x00007fff5ba00000 - 0x00007fff5ba33000 	C:\Windows\SYSTEM32\devobj.dll
0x00007fff5bed0000 - 0x00007fff5bf43000 	C:\Windows\System32\wintrust.dll
0x00007fff5c5e0000 - 0x00007fff5c5fd000 	C:\Windows\System32\imagehlp.dll
0x00007fff5b570000 - 0x00007fff5b588000 	C:\Windows\SYSTEM32\CRYPTSP.dll
0x00007fff5abf0000 - 0x00007fff5ac28000 	C:\Windows\system32\rsaenh.dll
0x00007fff45eb0000 - 0x00007fff4964a000 	C:\Windows\System32\DriverStore\FileRepository\nvmdi.inf_amd64_5a20cb50c0e752a4\nvgpucomp64.dll
0x00007fff4de40000 - 0x00007fff4df17000 	C:\Windows\System32\DriverStore\FileRepository\nvmdi.inf_amd64_5a20cb50c0e752a4\NvMemMapStoragex.dll
0x00007fff5b600000 - 0x00007fff5b64b000 	C:\Windows\SYSTEM32\POWRPROF.dll
0x00007fff5b5c0000 - 0x00007fff5b5d2000 	C:\Windows\SYSTEM32\UMPDC.dll
0x00007fff057e0000 - 0x00007fff078a7000 	C:\Windows\System32\DriverStore\FileRepository\nvmdi.inf_amd64_5a20cb50c0e752a4\nvd3dumx.dll
0x00007fff280d0000 - 0x00007fff283d4000 	C:\Windows\system32\nvspcap64.dll
0x00007fff5ae40000 - 0x00007fff5ae73000 	C:\Windows\SYSTEM32\ntmarta.dll
0x00007fff5a450000 - 0x00007fff5a473000 	C:\Windows\SYSTEM32\gpapi.dll
0x00007fff2d3a0000 - 0x00007fff2d554000 	C:\Windows\System32\DriverStore\FileRepository\nvmdi.inf_amd64_5a20cb50c0e752a4\nvppex.dll
0x00007fff4e770000 - 0x00007fff4e7ab000 	C:\Windows\SYSTEM32\dxcore.dll

dbghelp: loaded successfully - version: 4.0.5 - missing functions: none
symbol engine: initialized successfully - sym options: 0x614 - pdb path: .;C:\Users\koyun\Downloads\University\eclipse\plugins\org.eclipse.justj.openjdk.hotspot.jre.full.win32.x86_64_17.0.4.v20220903-1038\jre\bin;C:\Windows\SYSTEM32;C:\Windows\WinSxS\amd64_microsoft.windows.common-controls_6595b64144ccf1df_6.0.19041.5794_none_60bcd33171f2783c;C:\Users\koyun\Downloads\University\eclipse\plugins\org.eclipse.justj.openjdk.hotspot.jre.full.win32.x86_64_17.0.4.v20220903-1038\jre\bin\server;C:\Program Files (x86)\RivaTuner Statistics Server;C:\Windows\System32\DriverStore\FileRepository\nvmdi.inf_amd64_5a20cb50c0e752a4

VM Arguments:
jvm_args: -XX:+ShowCodeDetailsInExceptionMessages -agentlib:jdwp=transport=dt_socket,suspend=y,address=localhost:51668 -javaagent:C:\Users\koyun\Downloads\University\eclipse\configuration\org.eclipse.osgi\228\0\.cp\lib\javaagent-shaded.jar -Dfile.encoding=UTF-8 
java_command: ProjectMain
java_class_path (initial): C:\Users\koyun\eclipse-workspace\212TermProject\bin;C:\Users\koyun\Downloads\ToPutVideosToJavaCode\slf4j-api-1.7.36.jar;C:\Users\koyun\Downloads\ToPutVideosToJavaCode\slf4j-simple-1.7.36.jar;C:\Users\koyun\Downloads\ToPutVideosToJavaCode\vlcj-natives-4.8.3.jar;C:\Users\koyun\Downloads\ToPutVideosToJavaCode\vlcj-4.8.3.jar;C:\Users\koyun\Downloads\ToPutVideosToJavaCode\jna-5.13.0.jar;C:\Users\koyun\Downloads\ToPutVideosToJavaCode\jna-platform-5.13.0.jar
Launcher Type: SUN_STANDARD

[Global flags]
     intx CICompilerCount                          = 12                                        {product} {ergonomic}
     uint ConcGCThreads                            = 5                                         {product} {ergonomic}
     uint G1ConcRefinementThreads                  = 18                                        {product} {ergonomic}
   size_t G1HeapRegionSize                         = 4194304                                   {product} {ergonomic}
    uintx GCDrainStackTargetSize                   = 64                                        {product} {ergonomic}
   size_t InitialHeapSize                          = 536870912                                 {product} {ergonomic}
   size_t MarkStackSize                            = 4194304                                   {product} {ergonomic}
   size_t MaxHeapSize                              = 8543797248                                {product} {ergonomic}
   size_t MaxNewSize                               = 5125439488                                {product} {ergonomic}
   size_t MinHeapDeltaBytes                        = 4194304                                   {product} {ergonomic}
   size_t MinHeapSize                              = 8388608                                   {product} {ergonomic}
    uintx NonNMethodCodeHeapSize                   = 7602480                                {pd product} {ergonomic}
    uintx NonProfiledCodeHeapSize                  = 122027880                              {pd product} {ergonomic}
    uintx ProfiledCodeHeapSize                     = 122027880                              {pd product} {ergonomic}
    uintx ReservedCodeCacheSize                    = 251658240                              {pd product} {ergonomic}
     bool SegmentedCodeCache                       = true                                      {product} {ergonomic}
     bool ShowCodeDetailsInExceptionMessages       = true                                   {manageable} {command line}
   size_t SoftMaxHeapSize                          = 8543797248                             {manageable} {ergonomic}
     bool UseCompressedClassPointers               = true                           {product lp64_product} {ergonomic}
     bool UseCompressedOops                        = true                           {product lp64_product} {ergonomic}
     bool UseG1GC                                  = true                                      {product} {ergonomic}
     bool UseLargePagesIndividualAllocation        = false                                  {pd product} {ergonomic}

Logging:
Log output configuration:
 #0: stdout all=warning uptime,level,tags
 #1: stderr all=off uptime,level,tags

Environment Variables:
PATH=C:\Users\koyun\Downloads\University\eclipse\plugins\org.eclipse.justj.openjdk.hotspot.jre.full.win32.x86_64_17.0.4.v20220903-1038\jre\bin;C:/Users/koyun/Downloads/University/eclipse//plugins/org.eclipse.justj.openjdk.hotspot.jre.full.win32.x86_64_17.0.4.v20220903-1038/jre/bin/server;C:/Users/koyun/Downloads/University/eclipse//plugins/org.eclipse.justj.openjdk.hotspot.jre.full.win32.x86_64_17.0.4.v20220903-1038/jre/bin;C:\Program Files (x86)\Common Files\Oracle\Java\java8path;C:\Program Files (x86)\Common Files\Oracle\Java\javapath;C:\Windows\system32;C:\Windows;C:\Windows\System32\Wbem;C:\Windows\System32\WindowsPowerShell\v1.0\;C:\Windows\System32\OpenSSH\;C:\ProgramData\chocolatey\bin;C:\Program Files\dotnet\;C:\Program Files\NVIDIA Corporation\NVIDIA app\NvDLISR;C:\Program Files (x86)\NVIDIA Corporation\PhysX\Common;C:\MinGW\bin;C:\Program Files (x86)\Windows Kits\10\Windows Performance Toolkit\;C:\Program Files\Git\cmd;C:\Program Files\PowerShell\7\;C:\Users\koyun\AppData\Local\Microsoft\WindowsApps;C:\Users\koyun\AppData\Local\Programs\Microsoft VS Code\bin;C:\Users\koyun\Downloads\University\eclipse;
USERNAME=koyun
OS=Windows_NT
PROCESSOR_IDENTIFIER=Intel64 Family 6 Model 183 Stepping 1, GenuineIntel
TMP=C:\Users\koyun\AppData\Local\Temp
TEMP=C:\Users\koyun\AppData\Local\Temp



---------------  S Y S T E M  ---------------

OS:
 Windows 10 , 64 bit Build 19041 (10.0.19041.5794)
OS uptime: 0 days 18:22 hours
Hyper-V role detected

CPU: total 24 (initial active 24) (12 cores per cpu, 2 threads per core) family 6 model 183 stepping 1 microcode 0x11d, cx8, cmov, fxsr, ht, mmx, 3dnowpref, sse, sse2, sse3, ssse3, sse4.1, sse4.2, popcnt, lzcnt, tsc, tscinvbit, avx, avx2, aes, erms, clmul, bmi1, bmi2, adx, sha, fma, vzeroupper, clflush, clflushopt, clwb, hv

Memory: 4k page, system-wide physical 32581M (17298M free)
TotalPageFile size 40773M (AvailPageFile size 5M)
current process WorkingSet (physical memory assigned to process): 91M, peak: 91M
current process commit charge ("private bytes"): 723M, peak: 723M

vm_info: OpenJDK 64-Bit Server VM (17.0.4.1+1) for windows-amd64 JRE (17.0.4.1+1), built on Aug 17 2022 07:42:43 by "temurin" with MS VC++ 16.7 (VS2019)

END.
